[Ess] [TERRAIN] 1  x=2727.06  y=-14.03  z=-790.52
[Ess] [TERRAIN] 2  x=2740.32  y=-14.06  z=-788.95
[Ess] [TERRAIN] 3  x=2753.39  y=-14.04  z=-786.37
[Ess] [TERRAIN] 4  x=2765.98  y=-14.03  z=-783.76
[Ess] [TERRAIN] 5  x=2778.78  y=-14.03  z=-781.93
[Ess] [TERRAIN] 6  x=2791.54  y=-13.59  z=-780.05
[Ess] [TERRAIN] 7  x=2803.60  y=-13.42  z=-775.36
[Ess] [TERRAIN] 8  x=2814.78  y=-13.87  z=-766.97
[Ess] [TERRAIN] 9  x=2826.01  y=-14.39  z=-758.62
[Ess] [TERRAIN] 10  x=2837.25  y=-18.70  z=-750.75
[Ess] [TERRAIN] 11  x=2847.88  y=-24.83  z=-742.64
[Ess] [TERRAIN] 12  x=2857.11  y=-29.93  z=-732.72
[Ess] [TERRAIN] 13  x=2865.07  y=-35.18  z=-721.82
[Ess] [TERRAIN] 14  x=2871.69  y=-40.82  z=-709.60
[Ess] [TERRAIN] 15  x=2876.85  y=-44.29  z=-697.08
[Ess] [TERRAIN] 16  x=2880.02  y=-45.80  z=-683.46
[Ess] [TERRAIN] 17  x=2880.87  y=-46.98  z=-669.00
[Ess] [TERRAIN] 18  x=2878.59  y=-49.31  z=-654.83
[Ess] [TERRAIN] 19  x=2875.44  y=-50.96  z=-645.11
[Ess] [TERRAIN] 20  x=2871.68  y=-52.25  z=-636.24
[Ess] [TERRAIN] 21  x=2868.72  y=-52.44  z=-628.66
[Ess] [TERRAIN] 22  x=2862.18  y=-49.40  z=-615.02
[Ess] [TERRAIN] 23  x=2855.14  y=-44.85  z=-601.83
[Ess] [TERRAIN] 24  x=2848.13  y=-42.81  z=-589.05
[Ess] [TERRAIN] 25  x=2841.07  y=-39.50  z=-576.95
[Ess] [TERRAIN] 26  x=2834.34  y=-35.92  z=-565.12
[Ess] [TERRAIN] 27  x=2829.50  y=-34.93  z=-552.31
[Ess] [TERRAIN] 28  x=2824.36  y=-34.44  z=-539.82
[Ess] [TERRAIN] 29  x=2818.46  y=-33.78  z=-527.98
[Ess] [TERRAIN] 30  x=2812.13  y=-31.86  z=-516.52
[Ess] [TERRAIN] 31  x=2806.10  y=-31.13  z=-505.45
[Ess] [TERRAIN] 32  x=2800.14  y=-31.05  z=-494.30
[Ess] [TERRAIN] 33  x=2794.15  y=-31.02  z=-482.82
[Ess] [TERRAIN] 34  x=2788.29  y=-31.04  z=-471.32
[Ess] [TERRAIN] 35  x=2782.52  y=-31.59  z=-459.75
[Ess] [TERRAIN] 36  x=2776.85  y=-32.02  z=-448.16
[Ess] [TERRAIN] 37  x=2771.22  y=-32.83  z=-436.52
[Ess] [TERRAIN] 38  x=2765.82  y=-32.26  z=-425.29
[Ess] [TERRAIN] 39  x=2760.29  y=-32.57  z=-413.63
[Ess] [TERRAIN] 40  x=2755.04  y=-32.08  z=-402.32
[Ess] [TERRAIN] 41  x=2749.26  y=-32.43  z=-389.63
[Ess] [TERRAIN] 42  x=2743.96  y=-32.12  z=-377.87
[Ess] [TERRAIN] 43  x=2738.64  y=-30.87  z=-366.18
[Ess] [TERRAIN] 44  x=2733.14  y=-31.20  z=-354.50
[Ess] [TERRAIN] 45  x=2727.41  y=-31.33  z=-342.96
[Ess] [TERRAIN] 46  x=2721.41  y=-31.66  z=-331.41
[Ess] [TERRAIN] 47  x=2715.38  y=-32.86  z=-320.00
[Ess] [TERRAIN] 48  x=2709.60  y=-30.44  z=-308.90
[Ess] [TERRAIN] 49  x=2703.83  y=-26.67  z=-297.38
[Ess] [TERRAIN] 50  x=2698.28  y=-24.40  z=-285.84
[Ess] [TERRAIN] 51  x=2692.87  y=-24.72  z=-274.17
[Ess] [TERRAIN] 52  x=2687.57  y=-26.92  z=-262.42
[Ess] [TERRAIN] 53  x=2682.27  y=-28.45  z=-250.59
[Ess] [TERRAIN] 54  x=2677.60  y=-28.76  z=-238.49
[Ess] [TERRAIN] 55  x=2674.01  y=-28.12  z=-225.84
[Ess] [TERRAIN] 56  x=2670.01  y=-27.72  z=-213.43
[Ess] [TERRAIN] 57  x=2666.46  y=-28.25  z=-201.04
[Ess] [TERRAIN] 58  x=2663.78  y=-29.64  z=-189.28
[Ess] [TERRAIN] 59  x=2659.80  y=-30.97  z=-176.82
[Ess] [TERRAIN] 60  x=2655.75  y=-31.12  z=-164.48
[Ess] [TERRAIN] 61  x=2651.73  y=-30.86  z=-152.19
[Ess] [TERRAIN] 62  x=2647.35  y=-32.31  z=-140.27
[Ess] [TERRAIN] 63  x=2642.53  y=-33.54  z=-128.39
[Ess] [TERRAIN] 64  x=2637.86  y=-29.13  z=-116.35
[Ess] [TERRAIN] 65  x=2634.15  y=-27.68  z=-103.95
[Ess] [TERRAIN] 66  x=2631.03  y=-26.68  z=-91.41
[Ess] [TERRAIN] 67  x=2627.64  y=-24.25  z=-79.01
[Ess] [TERRAIN] 68  x=2623.97  y=-21.96  z=-66.59
[Ess] [TERRAIN] 69  x=2620.27  y=-22.42  z=-54.67
[Ess] [TERRAIN] 70  x=2616.32  y=-24.04  z=-42.43
[Ess] [TERRAIN] 71  x=2612.27  y=-27.67  z=-30.18
[Ess] [TERRAIN] 72  x=2608.18  y=-30.92  z=-17.98
[Ess] [TERRAIN] 73  x=2604.11  y=-36.37  z=-5.80
[Ess] [TERRAIN] 74  x=2600.18  y=-35.74  z=5.89
[Ess] [TERRAIN] 75  x=2595.71  y=-39.63  z=17.87
[Ess] [TERRAIN] 76  x=2589.24  y=-51.83  z=29.12
[Ess] [TERRAIN] 77  x=2581.21  y=-57.69  z=39.78
[Ess] [TERRAIN] 78  x=2573.75  y=-56.18  z=50.67
[Ess] [TERRAIN] 79  x=2566.82  y=-53.50  z=61.79
[Ess] [TERRAIN] 80  x=2560.21  y=-48.85  z=73.07
[Ess] [TERRAIN] 81  x=2553.76  y=-44.29  z=84.47
[Ess] [TERRAIN] 82  x=2547.36  y=-38.96  z=95.90
[Ess] [TERRAIN] 83  x=2540.90  y=-37.50  z=107.26
[Ess] [TERRAIN] 84  x=2534.28  y=-33.22  z=118.49
[Ess] [TERRAIN] 85  x=2527.53  y=-34.90  z=129.56
[Ess] [TERRAIN] 86  x=2520.99  y=-39.89  z=140.06
[Ess] [TERRAIN] 87  x=2514.18  y=-40.58  z=150.95
[Ess] [TERRAIN] 88  x=2507.40  y=-36.45  z=161.82
[Ess] [TERRAIN] 89  x=2500.80  y=-32.30  z=172.78
[Ess] [TERRAIN] 90  x=2494.28  y=-30.95  z=183.83
[Ess] [TERRAIN] 91  x=2487.78  y=-21.25  z=194.89
[Ess] [TERRAIN] 92  x=2481.29  y=-8.05  z=205.98
[Ess] [TERRAIN] 93  x=2474.96  y=-3.18  z=216.78
[Ess] [TERRAIN] 94  x=2468.99  y=-3.12  z=227.45
[Ess] [TERRAIN] 95  x=2463.16  y=-3.17  z=238.73
[Ess] [TERRAIN] 96  x=2457.65  y=-3.19  z=250.19
[Ess] [TERRAIN] 97  x=2452.63  y=-3.21  z=261.86
[Ess] [TERRAIN] 98  x=2448.02  y=-3.33  z=273.80
[Ess] [TERRAIN] 99  x=2444.02  y=-1.30  z=285.81
[Ess] [TERRAIN] 100  x=2440.73  y=8.39  z=298.15
[Ess] [TERRAIN] 101  x=2438.02  y=9.56  z=310.14
[Ess] [TERRAIN] 102  x=2435.64  y=9.53  z=322.64
[Ess] [TERRAIN] 103  x=2433.56  y=9.53  z=334.93
[Ess] [TERRAIN] 104  x=2429.77  y=9.52  z=347.28
[Ess] [TERRAIN] 105  x=2425.33  y=9.53  z=359.60
[Ess] [TERRAIN] 106  x=2422.26  y=3.15  z=371.67
[Ess] [TERRAIN] 107  x=2420.82  y=-11.76  z=383.72
[Ess] [TERRAIN] 108  x=2421.94  y=-11.93  z=396.20
[Ess] [TERRAIN] 109  x=2424.75  y=-6.03  z=408.76
[Ess] [TERRAIN] 110  x=2429.06  y=-3.21  z=420.76
[Ess] [TERRAIN] 111  x=2433.65  y=-3.94  z=432.47
[Ess] [TERRAIN] 112  x=2439.15  y=-4.57  z=444.47
[Ess] [TERRAIN] 113  x=2445.31  y=-4.76  z=455.92
[Ess] [TERRAIN] 114  x=2453.16  y=-9.55  z=466.56
[Ess] [TERRAIN] 115  x=2461.00  y=-15.47  z=477.09
[Ess] [TERRAIN] 116  x=2468.41  y=-20.33  z=487.72
[Ess] [TERRAIN] 117  x=2475.53  y=-24.58  z=498.53
[Ess] [TERRAIN] 118  x=2481.77  y=-28.61  z=509.51
[Ess] [TERRAIN] 119  x=2487.54  y=-32.01  z=520.99
[Ess] [TERRAIN] 120  x=2492.66  y=-33.99  z=532.71
[Ess] [TERRAIN] 121  x=2497.21  y=-33.94  z=544.60
[Ess] [TERRAIN] 122  x=2501.17  y=-33.90  z=556.62
[Ess] [TERRAIN] 123  x=2504.50  y=-34.20  z=568.69
[Ess] [TERRAIN] 124  x=2507.20  y=-34.04  z=581.03
[Ess] [TERRAIN] 125  x=2509.22  y=-34.13  z=593.09
[Ess] [TERRAIN] 126  x=2510.66  y=-33.89  z=605.59
[Ess] [TERRAIN] 127  x=2511.59  y=-33.88  z=617.82
[Ess] [TERRAIN] 128  x=2512.07  y=-33.95  z=630.57
[Ess] [TERRAIN] 129  x=2512.15  y=-33.90  z=643.38
[Ess] [TERRAIN] 130  x=2511.94  y=-33.45  z=656.21
[Ess] [TERRAIN] 131  x=2511.59  y=-33.84  z=668.61
[Ess] [TERRAIN] 132  x=2511.22  y=-33.91  z=681.73
[Ess] [TERRAIN] 133  x=2510.85  y=-33.95  z=695.34
[Ess] [TERRAIN] 134  x=2510.40  y=-34.19  z=707.26
[Ess] [TERRAIN] 135  x=2507.87  y=-34.13  z=720.19
[Ess] [TERRAIN] 136  x=2504.36  y=-33.42  z=732.63
[Ess] [TERRAIN] 137  x=2500.28  y=-33.60  z=745.12
[Ess] [TERRAIN] 138  x=2496.95  y=-33.74  z=757.24
[Ess] [TERRAIN] 139  x=2491.86  y=-33.70  z=769.49
[Ess] [TERRAIN] 140  x=2486.45  y=-33.68  z=781.57
[Ess] [TERRAIN] 141  x=2481.63  y=-33.68  z=793.65
[Ess] [TERRAIN] 142  x=2475.36  y=-33.68  z=805.14
[Ess] [TERRAIN] 143  x=2469.27  y=-33.68  z=816.64
[Ess] [TERRAIN] 144  x=2463.50  y=-33.66  z=828.25
[Ess] [TERRAIN] 145  x=2458.11  y=-33.68  z=839.57
[Ess] [TERRAIN] 146  x=2452.92  y=-33.71  z=850.73
[Ess] [TERRAIN] 147  x=2447.52  y=-33.76  z=862.38
[Ess] [TERRAIN] 148  x=2441.67  y=-33.61  z=874.10
[Ess] [TERRAIN] 149  x=2435.60  y=-33.80  z=885.78
[Ess] [TERRAIN] 150  x=2429.41  y=-33.80  z=897.05
[Ess] [TERRAIN] 151  x=2423.13  y=-33.80  z=907.73
[Ess] [TERRAIN] 152  x=2416.64  y=-33.64  z=918.22
[Ess] [TERRAIN] 153  x=2410.14  y=-33.52  z=928.75
[Ess] [TERRAIN] 154  x=2405.98  y=-33.74  z=941.06
[Ess] [TERRAIN] 155  x=2402.78  y=-33.76  z=953.87
[Ess] [TERRAIN] 156  x=2400.87  y=-33.88  z=967.36
[Ess] [TERRAIN] 157  x=2398.59  y=-33.90  z=980.58
[Ess] [TERRAIN] 158  x=2396.13  y=-33.89  z=993.75
[Ess] [TERRAIN] 159  x=2393.59  y=-33.90  z=1006.82
[Ess] [TERRAIN] 160  x=2390.91  y=-33.78  z=1019.78
[Ess] [TERRAIN] 161  x=2388.09  y=-33.72  z=1032.58
[Ess] [TERRAIN] 162  x=2385.21  y=-33.77  z=1044.94
[Ess] [TERRAIN] 163  x=2382.23  y=-33.90  z=1057.11
[Ess] [TERRAIN] 164  x=2379.06  y=-33.70  z=1069.75
[Ess] [TERRAIN] 165  x=2376.04  y=-31.94  z=1081.81
[Ess] [TERRAIN] 166  x=2373.03  y=-29.94  z=1094.35
[Ess] [TERRAIN] 167  x=2370.25  y=-28.12  z=1106.44
[Ess] [TERRAIN] 168  x=2367.51  y=-27.22  z=1119.03
[Ess] [TERRAIN] 169  x=2364.91  y=-32.29  z=1131.68
[Ess] [TERRAIN] 170  x=2362.44  y=-33.76  z=1144.37
[Ess] [TERRAIN] 171  x=2360.94  y=-33.82  z=1157.28
[Ess] [TERRAIN] 172  x=2361.00  y=-33.74  z=1170.54
[Ess] [TERRAIN] 173  x=2360.39  y=-33.81  z=1183.18
[Ess] [TERRAIN] 174  x=2359.96  y=-34.00  z=1196.24
[Ess] [TERRAIN] 175  x=2360.66  y=-33.48  z=1209.38
[Ess] [TERRAIN] 176  x=2361.32  y=-33.64  z=1222.05
[Ess] [TERRAIN] 177  x=2361.77  y=-33.47  z=1235.08
[Ess] [TERRAIN] 178  x=2362.05  y=-33.65  z=1247.86
[Ess] [TERRAIN] 179  x=2363.07  y=-33.58  z=1260.81
[Ess] [TERRAIN] 180  x=2364.92  y=-33.93  z=1273.70
[Ess] [TERRAIN] 181  x=2365.26  y=-33.99  z=1286.22
[Ess] [TERRAIN] 182  x=2364.17  y=-33.92  z=1299.29
[Ess] [TERRAIN] 183  x=2363.95  y=-34.00  z=1311.73
[Ess] [TERRAIN] 184  x=2364.62  y=-33.97  z=1324.22
[Ess] [TERRAIN] 185  x=2365.28  y=-33.83  z=1336.99
[Ess] [TERRAIN] 186  x=2365.97  y=-33.84  z=1349.58
[Ess] [TERRAIN] 187  x=2366.74  y=-33.83  z=1362.52
[Ess] [TERRAIN] 188  x=2367.58  y=-34.00  z=1375.44
[Ess] [TERRAIN] 189  x=2368.44  y=-33.99  z=1388.35
[Ess] [TERRAIN] 190  x=2369.24  y=-33.95  z=1401.02
[Ess] [TERRAIN] 191  x=2369.91  y=-33.92  z=1413.86
[Ess] [TERRAIN] 192  x=2370.33  y=-33.90  z=1426.21
[Ess] [TERRAIN] 193  x=2370.53  y=-33.89  z=1438.93
[Ess] [TERRAIN] 194  x=2370.60  y=-33.89  z=1451.64
[Ess] [TERRAIN] 195  x=2370.76  y=-33.89  z=1464.88
[Ess] [TERRAIN] 196  x=2371.12  y=-33.97  z=1477.61
[Ess] [TERRAIN] 197  x=2371.72  y=-33.97  z=1490.45
[Ess] [TERRAIN] 198  x=2372.47  y=-33.88  z=1503.23
[Ess] [TERRAIN] 199  x=2373.29  y=-33.87  z=1516.04
[Ess] [TERRAIN] 200  x=2374.05  y=-33.87  z=1528.38
[Ess] [TERRAIN] 201  x=2374.79  y=-33.86  z=1541.13
[Ess] [TERRAIN] 202  x=2375.56  y=-33.85  z=1554.05
[Ess] [TERRAIN] 203  x=2376.46  y=-33.85  z=1566.90
[Ess] [TERRAIN] 204  x=2377.44  y=-33.84  z=1579.13
[Ess] [TERRAIN] 205  x=2378.52  y=-33.84  z=1591.74
[Ess] [TERRAIN] 206  x=2379.59  y=-33.81  z=1604.72
[Ess] [TERRAIN] 207  x=2380.53  y=-33.98  z=1617.26
[Ess] [TERRAIN] 208  x=2381.38  y=-33.80  z=1629.85
[Ess] [TERRAIN] 209  x=2382.09  y=-33.92  z=1642.09
[Ess] [TERRAIN] 210  x=2380.45  y=-33.92  z=1655.11
[Ess] [TERRAIN] 211  x=2376.74  y=-33.90  z=1667.38
[Ess] [TERRAIN] 212  x=2374.94  y=-33.71  z=1679.92
[Ess] [TERRAIN] 213  x=2374.93  y=-41.83  z=1693.06
[Ess] [TERRAIN] 214  x=2374.73  y=-41.83  z=1706.11
[Ess] [TERRAIN] 215  x=2375.32  y=-41.83  z=1719.09
[Ess] [TERRAIN] 216  x=2376.83  y=-33.89  z=1732.18
[Ess] [TERRAIN] 217  x=2377.50  y=-33.93  z=1744.78
[Ess] [TERRAIN] 218  x=2377.05  y=-33.93  z=1758.07
[Ess] [TERRAIN] 219  x=2377.58  y=-33.08  z=1770.98
[Ess] [TERRAIN] 220  x=2376.57  y=-30.43  z=1783.66
[Ess] [TERRAIN] 221  x=2376.40  y=-27.76  z=1796.48
[Ess] [TERRAIN] 222  x=2376.64  y=-26.31  z=1808.68
[Ess] [TERRAIN] 223  x=2376.82  y=-26.30  z=1822.15
[Ess] [TERRAIN] 224  x=2376.96  y=-27.94  z=1835.09
[Ess] [TERRAIN] 225  x=2377.08  y=-33.63  z=1847.55
[Ess] [TERRAIN] 226  x=2377.18  y=-44.02  z=1860.50
[Ess] [TERRAIN] 227  x=2377.18  y=-42.90  z=1873.47
[Ess] [TERRAIN] 228  x=2377.01  y=-44.58  z=1886.47
[Ess] [TERRAIN] 229  x=2376.72  y=-47.66  z=1898.49
[Ess] [TERRAIN] 230  x=2376.35  y=-51.36  z=1911.04
[Ess] [TERRAIN] 231  x=2376.06  y=-53.26  z=1923.54
[Ess] [TERRAIN] 232  x=2375.95  y=-51.42  z=1936.49
[Ess] [TERRAIN] 233  x=2376.17  y=-44.01  z=1949.28
[Ess] [TERRAIN] 234  x=2376.70  y=-36.85  z=1962.13
[Ess] [TERRAIN] 235  x=2377.40  y=-36.65  z=1974.94
[Ess] [TERRAIN] 236  x=2378.17  y=-36.64  z=1987.25
[Ess] [TERRAIN] 237  x=2378.83  y=-36.74  z=2000.18
[Ess] [TERRAIN] 238  x=2379.12  y=-36.20  z=2013.00
[Ess] [TERRAIN] 239  x=2381.53  y=-34.41  z=2026.06
[Ess] [TERRAIN] 240  x=2383.86  y=-33.66  z=2038.33
[Ess] [TERRAIN] 241  x=2385.99  y=-33.66  z=2051.21
[Ess] [TERRAIN] 242  x=2388.22  y=-33.50  z=2064.05
[Ess] [TERRAIN] 243  x=2390.80  y=-33.22  z=2076.78
[Ess] [TERRAIN] 244  x=2393.79  y=-31.17  z=2089.37
[Ess] [TERRAIN] 245  x=2397.05  y=-24.01  z=2101.37
[Ess] [TERRAIN] 246  x=2400.69  y=-22.52  z=2113.61
[Ess] [TERRAIN] 247  x=2404.50  y=-23.76  z=2125.82
[Ess] [TERRAIN] 248  x=2408.21  y=-24.64  z=2137.63
[Ess] [TERRAIN] 249  x=2412.07  y=-33.05  z=2149.86
[Ess] [TERRAIN] 250  x=2415.78  y=-32.99  z=2161.59
[Ess] [TERRAIN] 251  x=2419.71  y=-33.61  z=2173.83
[Ess] [TERRAIN] 252  x=2423.73  y=-33.62  z=2186.19
[Ess] [TERRAIN] 253  x=2427.72  y=-32.36  z=2198.30
[Ess] [TERRAIN] 254  x=2431.76  y=-32.04  z=2210.50
[Ess] [TERRAIN] 255  x=2435.68  y=-31.99  z=2222.39
[Ess] [TERRAIN] 256  x=2439.48  y=-31.85  z=2234.12
[Ess] [TERRAIN] 257  x=2443.32  y=-33.88  z=2246.30
[Ess] [TERRAIN] 258  x=2447.12  y=-35.31  z=2258.57
[Ess] [TERRAIN] 259  x=2450.89  y=-37.74  z=2270.82
[Ess] [TERRAIN] 260  x=2454.73  y=-38.06  z=2283.12
[Ess] [TERRAIN] 261  x=2458.61  y=-37.23  z=2295.32
[Ess] [TERRAIN] 262  x=2462.59  y=-37.26  z=2307.36
[Ess] [TERRAIN] 263  x=2466.67  y=-37.27  z=2319.36
[Ess] [TERRAIN] 264  x=2470.83  y=-37.94  z=2331.45
[Ess] [TERRAIN] 265  x=2474.73  y=-39.33  z=2343.11
[Ess] [TERRAIN] 266  x=2478.72  y=-41.71  z=2355.28
[Ess] [TERRAIN] 267  x=2482.67  y=-45.15  z=2367.48
[Ess] [TERRAIN] 268  x=2486.64  y=-49.14  z=2379.70
[Ess] [TERRAIN] 269  x=2490.64  y=-52.52  z=2391.87
[Ess] [TERRAIN] 270  x=2494.71  y=-55.50  z=2404.05
[Ess] [TERRAIN] 271  x=2498.75  y=-65.05  z=2416.27
[Ess] [TERRAIN] 272  x=2502.63  y=-74.42  z=2428.12
[Ess] [TERRAIN] 273  x=2506.42  y=-81.70  z=2440.52
[Ess] [TERRAIN] 274  x=2509.86  y=-88.82  z=2452.85
[Ess] [TERRAIN] 275  x=2512.99  y=-91.18  z=2465.26
[Ess] [TERRAIN] 276  x=2515.61  y=-90.85  z=2477.78
[Ess] [TERRAIN] 277  x=2517.78  y=-89.90  z=2490.46
[Ess] [TERRAIN] 278  x=2519.67  y=-85.70  z=2503.17
[Ess] [TERRAIN] 279  x=2521.36  y=-80.09  z=2515.68
[Ess] [TERRAIN] 280  x=2522.92  y=-76.63  z=2528.19
[Ess] [TERRAIN] 281  x=2524.32  y=-72.81  z=2540.83
[Ess] [TERRAIN] 282  x=2525.37  y=-69.88  z=2553.44
[Ess] [TERRAIN] 283  x=2525.82  y=-68.56  z=2566.07
[Ess] [TERRAIN] 284  x=2525.42  y=-66.57  z=2578.71
[Ess] [TERRAIN] 285  x=2524.22  y=-61.60  z=2591.17
[Ess] [TERRAIN] 286  x=2522.31  y=-51.61  z=2603.45
[Ess] [TERRAIN] 287  x=2519.41  y=-40.91  z=2615.55
[Ess] [TERRAIN] 288  x=2515.67  y=-36.50  z=2627.22
[Ess] [TERRAIN] 289  x=2510.93  y=-34.39  z=2638.69
[Ess] [TERRAIN] 290  x=2505.37  y=-32.89  z=2649.76
[Ess] [TERRAIN] 291  x=2498.95  y=-32.14  z=2660.50
[Ess] [TERRAIN] 292  x=2491.84  y=-29.89  z=2670.86
[Ess] [TERRAIN] 293  x=2483.98  y=-27.01  z=2680.81
[Ess] [TERRAIN] 294  x=2475.06  y=-25.43  z=2689.09
[Ess] [TERRAIN] 295  x=2465.72  y=-26.46  z=2697.76
[Ess] [TERRAIN] 296  x=2456.32  y=-26.37  z=2706.37
[Ess] [TERRAIN] 297  x=2446.80  y=-25.33  z=2714.95
[Ess] [TERRAIN] 298  x=2437.07  y=-21.37  z=2723.52
[Ess] [TERRAIN] 299  x=2427.33  y=-18.36  z=2731.87
[Ess] [TERRAIN] 300  x=2417.91  y=-20.77  z=2739.75
[Ess] [TERRAIN] 301  x=2408.01  y=-23.58  z=2747.87
[Ess] [TERRAIN] 302  x=2398.07  y=-26.88  z=2755.99
[Ess] [TERRAIN] 303  x=2388.12  y=-23.93  z=2764.11
[Ess] [TERRAIN] 304  x=2378.11  y=-20.79  z=2772.22
[Ess] [TERRAIN] 305  x=2367.75  y=-25.10  z=2779.91
[Ess] [TERRAIN] 306  x=2356.52  y=-27.33  z=2786.60
[Ess] [TERRAIN] 307  x=2345.55  y=-23.30  z=2793.58
[Ess] [TERRAIN] 308  x=2334.77  y=-20.31  z=2800.78
[Ess] [TERRAIN] 309  x=2324.14  y=-22.96  z=2808.21
[Ess] [TERRAIN] 310  x=2314.75  y=-27.70  z=2817.28
[Ess] [TERRAIN] 311  x=2305.27  y=-23.06  z=2826.47
[Ess] [TERRAIN] 312  x=2296.01  y=-14.17  z=2834.98
[Ess] [TERRAIN] 313  x=2286.18  y=-11.52  z=2843.61
[Ess] [TERRAIN] 314  x=2276.24  y=-14.94  z=2851.99
[Ess] [TERRAIN] 315  x=2266.16  y=-17.75  z=2860.16
[Ess] [TERRAIN] 316  x=2255.98  y=-17.68  z=2868.16
[Ess] [TERRAIN] 317  x=2245.75  y=-17.81  z=2876.07
[Ess] [TERRAIN] 318  x=2235.54  y=-16.18  z=2884.02
[Ess] [TERRAIN] 319  x=2225.46  y=-17.20  z=2892.01
[Ess] [TERRAIN] 320  x=2215.44  y=-19.27  z=2900.13
[Ess] [TERRAIN] 321  x=2205.48  y=-20.74  z=2908.31
[Ess] [TERRAIN] 322  x=2195.59  y=-22.39  z=2916.47
[Ess] [TERRAIN] 323  x=2186.10  y=-22.56  z=2924.29
[Ess] [TERRAIN] 324  x=2176.13  y=-17.00  z=2932.48
[Ess] [TERRAIN] 325  x=2166.46  y=-7.49  z=2940.43
[Ess] [TERRAIN] 326  x=2156.69  y=3.98  z=2948.53
[Ess] [TERRAIN] 327  x=2146.84  y=6.08  z=2956.78
[Ess] [TERRAIN] 328  x=2138.30  y=6.31  z=2966.76
[Ess] [TERRAIN] 329  x=2129.73  y=7.42  z=2976.62
[Ess] [TERRAIN] 330  x=2123.18  y=13.86  z=2988.63
[Ess] [TERRAIN] 331  x=2119.09  y=18.66  z=3002.86
[Ess] [TERRAIN] 332  x=2115.24  y=13.88  z=3017.29
[Ess] [TERRAIN] 333  x=2110.97  y=6.00  z=3031.14
[Ess] [TERRAIN] 334  x=2106.23  y=-1.94  z=3044.36
[Ess] [TERRAIN] 335  x=2099.80  y=-4.85  z=3056.50
[Ess] [TERRAIN] 336  x=2090.87  y=-2.60  z=3067.39
[Ess] [TERRAIN] 337  x=2079.24  y=6.50  z=3076.81
[Ess] [TERRAIN] 338  x=2066.02  y=8.25  z=3085.34
[Ess] [TERRAIN] 339  x=2053.26  y=1.54  z=3093.75
[Ess] [TERRAIN] 340  x=2040.43  y=-6.25  z=3101.23
[Ess] [TERRAIN] 341  x=2026.73  y=-12.05  z=3107.25
[Ess] [TERRAIN] 342  x=2012.25  y=-13.51  z=3111.50
[Ess] [TERRAIN] 343  x=1997.35  y=-11.06  z=3114.29
[Ess] [TERRAIN] 344  x=1982.31  y=-4.62  z=3115.88
[Ess] [TERRAIN] 345  x=1967.67  y=-2.98  z=3117.31
[Ess] [TERRAIN] 346  x=1953.64  y=-3.38  z=3118.92
[Ess] [TERRAIN] 347  x=1939.56  y=-3.32  z=3118.31
[Ess] [TERRAIN] 348  x=1925.56  y=-3.26  z=3115.80
[Ess] [TERRAIN] 349  x=1911.76  y=-2.58  z=3111.92
[Ess] [TERRAIN] 350  x=1898.32  y=-0.03  z=3106.35
[Ess] [TERRAIN] 351  x=1885.56  y=-0.85  z=3098.25
[Ess] [TERRAIN] 352  x=1873.20  y=-3.30  z=3090.63
[Ess] [TERRAIN] 353  x=1861.40  y=-2.08  z=3082.86
[Ess] [TERRAIN] 354  x=1850.68  y=-3.27  z=3073.15
[Ess] [TERRAIN] 355  x=1841.25  y=-3.07  z=3062.03
[Ess] [TERRAIN] 356  x=1832.91  y=-3.96  z=3049.91
[Ess] [TERRAIN] 357  x=1825.52  y=-6.13  z=3037.09
[Ess] [TERRAIN] 358  x=1818.20  y=-8.76  z=3025.56
[Ess] [TERRAIN] 359  x=1810.57  y=-11.31  z=3013.98
[Ess] [TERRAIN] 360  x=1803.15  y=-13.75  z=3002.68
[Ess] [TERRAIN] 361  x=1795.96  y=-18.47  z=2991.46
[Ess] [TERRAIN] 362  x=1787.75  y=-20.12  z=2980.92
[Ess] [TERRAIN] 363  x=1779.54  y=-21.39  z=2970.43
[Ess] [TERRAIN] 364  x=1771.79  y=-26.35  z=2959.77
[Ess] [TERRAIN] 365  x=1764.34  y=-30.45  z=2949.03
[Ess] [TERRAIN] 366  x=1757.10  y=-30.10  z=2938.17
[Ess] [TERRAIN] 367  x=1750.14  y=-31.18  z=2927.54
[Ess] [TERRAIN] 368  x=1742.73  y=-31.89  z=2917.01
[Ess] [TERRAIN] 369  x=1736.20  y=-33.16  z=2905.73
[Ess] [TERRAIN] 370  x=1728.92  y=-34.38  z=2895.05
[Ess] [TERRAIN] 371  x=1721.04  y=-35.75  z=2884.81
[Ess] [TERRAIN] 372  x=1712.82  y=-36.93  z=2874.96
[Ess] [TERRAIN] 373  x=1704.25  y=-38.10  z=2865.26
[Ess] [TERRAIN] 374  x=1695.79  y=-39.06  z=2856.10
[Ess] [TERRAIN] 375  x=1686.86  y=-40.14  z=2846.72
[Ess] [TERRAIN] 376  x=1677.79  y=-41.25  z=2837.41
[Ess] [TERRAIN] 377  x=1668.71  y=-42.40  z=2828.18
[Ess] [TERRAIN] 378  x=1659.62  y=-46.58  z=2818.97
[Ess] [TERRAIN] 379  x=1650.59  y=-53.58  z=2809.80
[Ess] [TERRAIN] 380  x=1641.59  y=-58.07  z=2800.67
[Ess] [TERRAIN] 381  x=1632.64  y=-62.87  z=2791.63
[Ess] [TERRAIN] 382  x=1623.67  y=-55.59  z=2782.60
[Ess] [TERRAIN] 383  x=1614.66  y=-55.55  z=2773.56
[Ess] [TERRAIN] 384  x=1605.66  y=-55.55  z=2764.47
[Ess] [TERRAIN] 385  x=1596.64  y=-55.56  z=2755.30
[Ess] [TERRAIN] 386  x=1587.62  y=-55.55  z=2746.07
[Ess] [TERRAIN] 387  x=1578.69  y=-55.55  z=2736.95
[Ess] [TERRAIN] 388  x=1569.57  y=-54.89  z=2727.68
[Ess] [TERRAIN] 389  x=1560.41  y=-52.92  z=2718.40
[Ess] [TERRAIN] 390  x=1551.32  y=-48.94  z=2709.22
[Ess] [TERRAIN] 391  x=1542.23  y=-44.87  z=2700.09
[Ess] [TERRAIN] 392  x=1533.16  y=-41.86  z=2691.09
[Ess] [TERRAIN] 393  x=1524.10  y=-40.18  z=2682.19
[Ess] [TERRAIN] 394  x=1514.98  y=-38.99  z=2673.29
[Ess] [TERRAIN] 395  x=1505.84  y=-37.61  z=2664.31
[Ess] [TERRAIN] 396  x=1496.81  y=-37.75  z=2655.28
[Ess] [TERRAIN] 397  x=1488.20  y=-37.33  z=2646.45
[Ess] [TERRAIN] 398  x=1479.66  y=-38.34  z=2637.51
[Ess] [TERRAIN] 399  x=1471.17  y=-40.29  z=2628.55
[Ess] [TERRAIN] 400  x=1462.33  y=-44.75  z=2619.24
[Ess] [TERRAIN] 401  x=1453.46  y=-52.43  z=2609.99
[Ess] [TERRAIN] 402  x=1444.52  y=-54.17  z=2600.75
[Ess] [TERRAIN] 403  x=1435.53  y=-54.14  z=2591.54
[Ess] [TERRAIN] 404  x=1426.47  y=-54.16  z=2582.30
[Ess] [TERRAIN] 405  x=1417.33  y=-54.19  z=2573.01
[Ess] [TERRAIN] 406  x=1408.26  y=-54.19  z=2563.85
[Ess] [TERRAIN] 407  x=1399.17  y=-54.19  z=2554.70
[Ess] [TERRAIN] 408  x=1390.07  y=-54.18  z=2545.58
[Ess] [TERRAIN] 409  x=1381.00  y=-53.64  z=2536.52
[Ess] [TERRAIN] 410  x=1371.92  y=-53.56  z=2527.49
[Ess] [TERRAIN] 411  x=1362.82  y=-53.47  z=2518.46
[Ess] [TERRAIN] 412  x=1354.01  y=-53.45  z=2509.72
[Ess] [TERRAIN] 413  x=1345.19  y=-53.45  z=2500.98
[Ess] [TERRAIN] 414  x=1336.03  y=-53.46  z=2491.95
[Ess] [TERRAIN] 415  x=1326.76  y=-53.46  z=2482.92
[Ess] [TERRAIN] 416  x=1317.41  y=-53.47  z=2473.90
[Ess] [TERRAIN] 417  x=1308.02  y=-53.49  z=2464.87
[Ess] [TERRAIN] 418  x=1298.69  y=-53.50  z=2455.85
[Ess] [TERRAIN] 419  x=1289.47  y=-53.50  z=2446.79
[Ess] [TERRAIN] 420  x=1280.38  y=-53.49  z=2437.68
[Ess] [TERRAIN] 421  x=1271.41  y=-53.49  z=2428.50
[Ess] [TERRAIN] 422  x=1262.50  y=-53.48  z=2419.26
[Ess] [TERRAIN] 423  x=1253.90  y=-53.48  z=2410.33
[Ess] [TERRAIN] 424  x=1244.98  y=-53.46  z=2401.10
[Ess] [TERRAIN] 425  x=1236.02  y=-53.49  z=2391.85
[Ess] [TERRAIN] 426  x=1227.06  y=-53.52  z=2382.58
[Ess] [TERRAIN] 427  x=1218.10  y=-53.57  z=2373.25
[Ess] [TERRAIN] 428  x=1209.18  y=-56.26  z=2363.91
[Ess] [TERRAIN] 429  x=1200.23  y=-84.02  z=2354.54
[Ess] [TERRAIN] 430  x=1191.32  y=-101.37  z=2345.31
[Ess] [TERRAIN] 431  x=1182.32  y=-101.39  z=2336.15
[Ess] [TERRAIN] 432  x=1173.24  y=-101.38  z=2327.09
[Ess] [TERRAIN] 433  x=1164.04  y=-101.38  z=2318.07
[Ess] [TERRAIN] 434  x=1154.77  y=-101.39  z=2309.09
[Ess] [TERRAIN] 435  x=1145.48  y=-101.40  z=2300.09
[Ess] [TERRAIN] 436  x=1136.19  y=-101.40  z=2291.06
[Ess] [TERRAIN] 437  x=1126.93  y=-101.40  z=2282.02
[Ess] [TERRAIN] 438  x=1117.73  y=-101.40  z=2273.01
[Ess] [TERRAIN] 439  x=1108.50  y=-101.40  z=2263.98
[Ess] [TERRAIN] 440  x=1097.32  y=-101.40  z=2257.12
[Ess] [TERRAIN] 441  x=1083.93  y=-101.41  z=2252.51
[Ess] [TERRAIN] 442  x=1071.12  y=-101.41  z=2247.11
[Ess] [TERRAIN] 443  x=1059.00  y=-101.41  z=2241.14
[Ess] [TERRAIN] 444  x=1047.25  y=-101.40  z=2234.95
[Ess] [TERRAIN] 445  x=1035.64  y=-101.41  z=2228.71
[Ess] [TERRAIN] 446  x=1024.14  y=-101.41  z=2222.54
[Ess] [TERRAIN] 447  x=1012.64  y=-101.40  z=2216.45
[Ess] [TERRAIN] 448  x=1001.16  y=-101.40  z=2210.44
[Ess] [TERRAIN] 449  x=989.60  y=-101.40  z=2204.42
[Ess] [TERRAIN] 450  x=978.11  y=-101.40  z=2198.42
[Ess] [TERRAIN] 451  x=966.59  y=-101.40  z=2192.35
[Ess] [TERRAIN] 452  x=955.08  y=-101.40  z=2186.29
[Ess] [TERRAIN] 453  x=943.55  y=-101.40  z=2180.32
[Ess] [TERRAIN] 454  x=931.97  y=-101.40  z=2174.49
[Ess] [TERRAIN] 455  x=920.34  y=-101.40  z=2168.86
[Ess] [TERRAIN] 456  x=908.71  y=-101.41  z=2163.38
[Ess] [TERRAIN] 457  x=897.06  y=-101.41  z=2157.95
[Ess] [TERRAIN] 458  x=885.50  y=-101.40  z=2152.54
[Ess] [TERRAIN] 459  x=874.38  y=-99.55  z=2147.30
[Ess] [TERRAIN] 460  x=862.81  y=-99.36  z=2141.83
[Ess] [TERRAIN] 461  x=851.24  y=-99.01  z=2136.33
[Ess] [TERRAIN] 462  x=839.66  y=-94.27  z=2130.79
[Ess] [TERRAIN] 463  x=828.10  y=-79.35  z=2125.21
[Ess] [TERRAIN] 464  x=816.73  y=-63.37  z=2119.59
[Ess] [TERRAIN] 465  x=805.11  y=-54.36  z=2114.15
[Ess] [TERRAIN] 466  x=793.46  y=-52.34  z=2108.93
[Ess] [TERRAIN] 467  x=781.72  y=-47.09  z=2103.78
[Ess] [TERRAIN] 468  x=769.82  y=-39.20  z=2098.86
[Ess] [TERRAIN] 469  x=757.87  y=-32.08  z=2094.08
[Ess] [TERRAIN] 470  x=745.80  y=-28.83  z=2089.40
[Ess] [TERRAIN] 471  x=733.76  y=-26.11  z=2084.89
[Ess] [TERRAIN] 472  x=721.76  y=-15.56  z=2080.52
[Ess] [TERRAIN] 473  x=710.01  y=-14.47  z=2076.46
[Ess] [TERRAIN] 474  x=698.01  y=-14.47  z=2072.66
[Ess] [TERRAIN] 475  x=685.84  y=-14.47  z=2069.04
[Ess] [TERRAIN] 476  x=673.57  y=-14.25  z=2065.65
[Ess] [TERRAIN] 477  x=661.23  y=-12.31  z=2062.53
[Ess] [TERRAIN] 478  x=649.08  y=-11.24  z=2059.70
[Ess] [TERRAIN] 479  x=636.62  y=-11.09  z=2056.94
[Ess] [TERRAIN] 480  x=623.92  y=-11.11  z=2054.60
[Ess] [TERRAIN] 481  x=611.22  y=-11.12  z=2052.55
[Ess] [TERRAIN] 482  x=598.48  y=-8.11  z=2050.78
[Ess] [TERRAIN] 483  x=585.70  y=-8.13  z=2049.28
[Ess] [TERRAIN] 484  x=573.41  y=-11.20  z=2048.08
[Ess] [TERRAIN] 485  x=560.60  y=-11.19  z=2047.05
[Ess] [TERRAIN] 486  x=547.79  y=-11.16  z=2046.20
[Ess] [TERRAIN] 487  x=534.90  y=-11.21  z=2045.48
[Ess] [TERRAIN] 488  x=522.20  y=-12.62  z=2044.75
[Ess] [TERRAIN] 489  x=509.44  y=-13.16  z=2044.29
[Ess] [TERRAIN] 490  x=496.63  y=-11.75  z=2044.02
[Ess] [TERRAIN] 491  x=483.79  y=-11.09  z=2043.99
[Ess] [TERRAIN] 492  x=470.93  y=-10.98  z=2044.24
[Ess] [TERRAIN] 493  x=458.10  y=-10.40  z=2044.73
[Ess] [TERRAIN] 494  x=445.21  y=-10.64  z=2045.43
[Ess] [TERRAIN] 495  x=432.43  y=-11.93  z=2046.24
[Ess] [TERRAIN] 496  x=419.52  y=-14.45  z=2045.24
[Ess] [TERRAIN] 497  x=406.53  y=-15.25  z=2044.00
[Ess] [TERRAIN] 498  x=393.93  y=-13.70  z=2042.02
[Ess] [TERRAIN] 499  x=381.72  y=-13.13  z=2037.52
[Ess] [TERRAIN] 500  x=369.69  y=-19.27  z=2032.88
[Ess] [TERRAIN] 501  x=358.02  y=-29.52  z=2027.66
[Ess] [TERRAIN] 502  x=346.76  y=-36.73  z=2021.84
[Ess] [TERRAIN] 503  x=336.09  y=-41.14  z=2015.19
[Ess] [TERRAIN] 504  x=325.99  y=-37.78  z=2007.61
[Ess] [TERRAIN] 505  x=315.92  y=-38.28  z=2000.26
[Ess] [TERRAIN] 506  x=305.47  y=-45.56  z=1992.87
[Ess] [TERRAIN] 507  x=296.12  y=-61.42  z=1984.50
[Ess] [TERRAIN] 508  x=287.52  y=-69.82  z=1975.45
[Ess] [TERRAIN] 509  x=279.29  y=-66.72  z=1965.83
[Ess] [TERRAIN] 510  x=271.33  y=-53.43  z=1955.83
[Ess] [TERRAIN] 511  x=263.63  y=-49.46  z=1945.63
[Ess] [TERRAIN] 512  x=255.97  y=-54.93  z=1935.23
[Ess] [TERRAIN] 513  x=248.38  y=-64.89  z=1924.75
[Ess] [TERRAIN] 514  x=240.91  y=-73.59  z=1914.30
[Ess] [TERRAIN] 515  x=233.51  y=-76.66  z=1903.94
[Ess] [TERRAIN] 516  x=226.10  y=-76.31  z=1893.60
[Ess] [TERRAIN] 517  x=218.70  y=-86.04  z=1883.33
[Ess] [TERRAIN] 518  x=211.30  y=-99.26  z=1873.15
[Ess] [TERRAIN] 519  x=203.72  y=-101.40  z=1862.86
[Ess] [TERRAIN] 520  x=196.02  y=-101.40  z=1852.58
[Ess] [TERRAIN] 521  x=188.22  y=-101.41  z=1842.31
[Ess] [TERRAIN] 522  x=180.32  y=-101.40  z=1832.05
[Ess] [TERRAIN] 523  x=172.40  y=-101.41  z=1821.81
[Ess] [TERRAIN] 524  x=164.50  y=-101.40  z=1811.60
[Ess] [TERRAIN] 525  x=156.88  y=-101.40  z=1801.72
[Ess] [TERRAIN] 526  x=148.97  y=-101.40  z=1791.43
[Ess] [TERRAIN] 527  x=141.06  y=-101.19  z=1781.19
[Ess] [TERRAIN] 528  x=133.05  y=-100.61  z=1770.87
[Ess] [TERRAIN] 529  x=125.28  y=-99.80  z=1760.92
[Ess] [TERRAIN] 530  x=117.54  y=-88.13  z=1750.98
[Ess] [TERRAIN] 531  x=109.56  y=-68.86  z=1740.61
[Ess] [TERRAIN] 532  x=102.03  y=-44.93  z=1730.65
[Ess] [TERRAIN] 533  x=94.31  y=-28.82  z=1720.23
[Ess] [TERRAIN] 534  x=86.89  y=-23.75  z=1710.13
[Ess] [TERRAIN] 535  x=79.21  y=-19.98  z=1699.73
[Ess] [TERRAIN] 536  x=71.46  y=-11.78  z=1689.42
[Ess] [TERRAIN] 537  x=63.69  y=0.71  z=1679.42
[Ess] [TERRAIN] 538  x=55.80  y=16.14  z=1669.59
[Ess] [TERRAIN] 539  x=47.75  y=38.82  z=1659.69
[Ess] [TERRAIN] 540  x=39.73  y=51.79  z=1649.82
[Ess] [TERRAIN] 541  x=31.82  y=60.47  z=1639.86
[Ess] [TERRAIN] 542  x=24.10  y=66.33  z=1629.87
[Ess] [TERRAIN] 543  x=16.44  y=67.27  z=1619.62
[Ess] [TERRAIN] 544  x=8.96  y=67.27  z=1609.40
[Ess] [TERRAIN] 545  x=1.46  y=67.14  z=1599.14
[Ess] [TERRAIN] 546  x=-5.70  y=67.39  z=1589.43
[Ess] [TERRAIN] 547  x=-11.60  y=67.41  z=1578.26
[Ess] [TERRAIN] 548  x=-16.63  y=67.28  z=1566.42
[Ess] [TERRAIN] 549  x=-21.79  y=66.45  z=1554.64
[Ess] [TERRAIN] 550  x=-26.41  y=66.62  z=1542.66
[Ess] [TERRAIN] 551  x=-29.99  y=69.00  z=1530.34
[Ess] [TERRAIN] 552  x=-35.14  y=72.77  z=1518.62
[Ess] [TERRAIN] 553  x=-41.31  y=75.19  z=1507.15
[Ess] [TERRAIN] 554  x=-47.04  y=76.28  z=1495.56
[Ess] [TERRAIN] 555  x=-52.63  y=75.11  z=1483.85
[Ess] [TERRAIN] 556  x=-58.17  y=69.67  z=1472.16
[Ess] [TERRAIN] 557  x=-63.76  y=61.63  z=1460.44
[Ess] [TERRAIN] 558  x=-69.36  y=55.44  z=1448.80
[Ess] [TERRAIN] 559  x=-75.04  y=52.62  z=1437.13
[Ess] [TERRAIN] 560  x=-80.74  y=50.59  z=1425.47
[Ess] [TERRAIN] 561  x=-86.45  y=49.03  z=1413.83
[Ess] [TERRAIN] 562  x=-92.15  y=47.40  z=1402.26
[Ess] [TERRAIN] 563  x=-97.87  y=47.83  z=1390.72
[Ess] [TERRAIN] 564  x=-103.64  y=47.03  z=1379.22
[Ess] [TERRAIN] 565  x=-109.45  y=39.30  z=1367.77
[Ess] [TERRAIN] 566  x=-115.34  y=29.97  z=1356.40
[Ess] [TERRAIN] 567  x=-121.34  y=22.69  z=1345.07
[Ess] [TERRAIN] 568  x=-127.50  y=19.04  z=1333.76
[Ess] [TERRAIN] 569  x=-133.72  y=21.51  z=1322.55
[Ess] [TERRAIN] 570  x=-139.91  y=17.10  z=1311.29
[Ess] [TERRAIN] 571  x=-146.14  y=8.13  z=1300.04
[Ess] [TERRAIN] 572  x=-152.26  y=-3.58  z=1288.82
[Ess] [TERRAIN] 573  x=-158.17  y=-15.94  z=1277.56
[Ess] [TERRAIN] 574  x=-163.95  y=-23.81  z=1266.20
[Ess] [TERRAIN] 575  x=-169.56  y=-25.36  z=1254.85
[Ess] [TERRAIN] 576  x=-175.19  y=-23.08  z=1243.49
[Ess] [TERRAIN] 577  x=-180.89  y=-20.19  z=1232.16
[Ess] [TERRAIN] 578  x=-186.59  y=-18.60  z=1220.74
[Ess] [TERRAIN] 579  x=-192.31  y=-22.22  z=1209.21
[Ess] [TERRAIN] 580  x=-198.01  y=-29.65  z=1197.68
[Ess] [TERRAIN] 581  x=-215.47  y=-29.94  z=1156.60
[Ess] [TERRAIN] 582  x=-218.90  y=-26.02  z=1144.43
[Ess] [TERRAIN] 583  x=-221.58  y=-23.17  z=1132.13
[Ess] [TERRAIN] 584  x=-223.56  y=-21.21  z=1119.79
[Ess] [TERRAIN] 585  x=-224.89  y=-22.99  z=1107.40
[Ess] [TERRAIN] 586  x=-225.47  y=-26.92  z=1094.82
[Ess] [TERRAIN] 587  x=-225.37  y=-29.75  z=1082.13
[Ess] [TERRAIN] 588  x=-160.04  y=-29.12  z=972.14
[Ess] [TERRAIN] 589  x=-146.32  y=-27.06  z=972.87
[Ess] [TERRAIN] 590  x=-132.76  y=-27.70  z=973.59
[Ess] [TERRAIN] 591  x=-119.68  y=-27.99  z=974.63
[Ess] [TERRAIN] 592  x=-106.80  y=-27.20  z=975.71
[Ess] [TERRAIN] 593  x=-93.78  y=-26.58  z=976.58
[Ess] [TERRAIN] 594  x=-80.88  y=-26.13  z=977.27
[Ess] [TERRAIN] 595  x=-68.04  y=-26.10  z=977.73
[Ess] [TERRAIN] 596  x=-55.33  y=-26.63  z=978.13
[Ess] [TERRAIN] 597  x=-42.64  y=-26.32  z=978.31
[Ess] [TERRAIN] 598  x=-29.93  y=-25.53  z=978.18
[Ess] [TERRAIN] 599  x=-17.50  y=-22.49  z=975.36
[Ess] [TERRAIN] 600  x=-5.84  y=-24.02  z=968.25
[Ess] [TERRAIN] 601  x=5.85  y=-22.79  z=960.75
[Ess] [TERRAIN] 602  x=17.39  y=-17.92  z=953.94
[Ess] [TERRAIN] 603  x=28.54  y=-12.65  z=947.68
[Ess] [TERRAIN] 604  x=39.97  y=-12.82  z=941.37
[Ess] [TERRAIN] 605  x=51.65  y=-20.56  z=935.61
[Ess] [TERRAIN] 606  x=63.50  y=-26.42  z=930.46
[Ess] [TERRAIN] 607  x=75.57  y=-28.66  z=925.93
[Ess] [TERRAIN] 608  x=87.71  y=-26.72  z=921.97
[Ess] [TERRAIN] 609  x=99.94  y=-21.19  z=918.48
[Ess] [TERRAIN] 610  x=112.36  y=-14.98  z=915.34
[Ess] [TERRAIN] 611  x=124.63  y=-12.79  z=912.47
[Ess] [TERRAIN] 612  x=136.98  y=-11.24  z=909.72
[Ess] [TERRAIN] 613  x=149.05  y=-8.44  z=907.23
[Ess] [TERRAIN] 614  x=161.45  y=-5.43  z=904.81
[Ess] [TERRAIN] 615  x=173.85  y=7.32  z=902.60
[Ess] [TERRAIN] 616  x=186.27  y=7.53  z=900.64
[Ess] [TERRAIN] 617  x=198.87  y=-5.61  z=898.92
[Ess] [TERRAIN] 618  x=211.53  y=-4.82  z=897.44
[Ess] [TERRAIN] 619  x=224.28  y=-4.62  z=896.04
[Ess] [TERRAIN] 620  x=236.92  y=-4.62  z=894.65
[Ess] [TERRAIN] 621  x=249.56  y=-4.62  z=893.14
[Ess] [TERRAIN] 622  x=261.93  y=-4.69  z=891.59
[Ess] [TERRAIN] 623  x=274.40  y=-4.71  z=890.04
[Ess] [TERRAIN] 624  x=286.99  y=-5.06  z=888.63
[Ess] [TERRAIN] 625  x=299.55  y=-3.19  z=887.40
[Ess] [TERRAIN] 626  x=312.19  y=7.43  z=886.29
[Ess] [TERRAIN] 627  x=324.93  y=10.12  z=885.09
[Ess] [TERRAIN] 628  x=337.59  y=9.03  z=883.72
[Ess] [TERRAIN] 629  x=350.28  y=2.07  z=882.00
[Ess] [TERRAIN] 630  x=362.70  y=-4.20  z=879.88
[Ess] [TERRAIN] 631  x=375.15  y=-3.39  z=877.33
[Ess] [TERRAIN] 632  x=387.68  y=-2.44  z=874.51
[Ess] [TERRAIN] 633  x=400.18  y=-1.65  z=871.20
[Ess] [TERRAIN] 634  x=412.57  y=-0.81  z=867.60
[Ess] [TERRAIN] 635  x=424.94  y=-0.07  z=863.78
[Ess] [TERRAIN] 636  x=437.19  y=0.64  z=859.85
[Ess] [TERRAIN] 637  x=449.35  y=1.27  z=855.69
[Ess] [TERRAIN] 638  x=461.26  y=1.67  z=851.38
[Ess] [TERRAIN] 639  x=473.09  y=1.65  z=846.78
[Ess] [TERRAIN] 640  x=484.82  y=2.03  z=841.98
[Ess] [TERRAIN] 641  x=496.52  y=3.17  z=837.09
[Ess] [TERRAIN] 642  x=508.25  y=5.24  z=832.22
[Ess] [TERRAIN] 643  x=520.14  y=6.47  z=827.42
[Ess] [TERRAIN] 644  x=532.16  y=6.01  z=822.67
[Ess] [TERRAIN] 645  x=544.18  y=-9.91  z=818.01
[Ess] [TERRAIN] 646  x=555.59  y=-8.10  z=813.33
[Ess] [TERRAIN] 647  x=567.28  y=-8.35  z=807.92
[Ess] [TERRAIN] 648  x=578.49  y=-9.61  z=801.93
[Ess] [TERRAIN] 649  x=589.35  y=-10.98  z=795.36
[Ess] [TERRAIN] 650  x=599.76  y=-12.34  z=788.32
[Ess] [TERRAIN] 651  x=609.86  y=-13.66  z=780.84
[Ess] [TERRAIN] 652  x=619.77  y=-18.76  z=772.92
[Ess] [TERRAIN] 653  x=629.44  y=-27.68  z=764.69
[Ess] [TERRAIN] 654  x=824.34  y=22.12  z=570.65
[Ess] [TERRAIN] 655  x=833.74  y=34.15  z=561.86
[Ess] [TERRAIN] 656  x=842.98  y=47.82  z=553.01
[Ess] [TERRAIN] 657  x=852.11  y=63.05  z=543.93
[Ess] [TERRAIN] 658  x=861.05  y=77.63  z=534.66
[Ess] [TERRAIN] 659  x=869.90  y=91.72  z=525.24
[Ess] [TERRAIN] 660  x=878.74  y=106.76  z=515.77
[Ess] [TERRAIN] 661  x=887.69  y=118.56  z=506.39
[Ess] [TERRAIN] 662  x=896.80  y=123.16  z=497.19
[Ess] [TERRAIN] 663  x=906.11  y=121.49  z=488.24
[Ess] [TERRAIN] 664  x=915.64  y=115.26  z=479.49
[Ess] [TERRAIN] 665  x=925.33  y=108.77  z=470.84
[Ess] [TERRAIN] 666  x=935.01  y=104.97  z=462.21
[Ess] [TERRAIN] 667  x=944.61  y=102.30  z=453.47
[Ess] [TERRAIN] 668  x=953.19  y=98.39  z=443.78
[Ess] [TERRAIN] 669  x=960.37  y=93.15  z=433.33
[Ess] [TERRAIN] 670  x=968.05  y=86.55  z=422.88
[Ess] [TERRAIN] 671  x=975.86  y=77.73  z=412.74
[Ess] [TERRAIN] 672  x=983.55  y=69.02  z=402.41
[Ess] [TERRAIN] 673  x=991.03  y=61.88  z=392.04
[Ess] [TERRAIN] 674  x=998.23  y=57.49  z=381.49
[Ess] [TERRAIN] 675  x=1004.98  y=54.30  z=370.70
[Ess] [TERRAIN] 676  x=1011.25  y=54.24  z=359.70
[Ess] [TERRAIN] 677  x=1016.99  y=51.23  z=348.48
[Ess] [TERRAIN] 678  x=1022.22  y=46.72  z=337.08
[Ess] [TERRAIN] 679  x=1026.99  y=42.99  z=325.49
[Ess] [TERRAIN] 680  x=1031.20  y=45.30  z=313.69
[Ess] [TERRAIN] 681  x=1034.76  y=50.60  z=301.75
[Ess] [TERRAIN] 682  x=1037.57  y=52.13  z=289.48
[Ess] [TERRAIN] 683  x=1039.72  y=49.88  z=277.24
[Ess] [TERRAIN] 684  x=1041.09  y=45.97  z=264.77
[Ess] [TERRAIN] 685  x=1041.79  y=43.77  z=252.19
[Ess] [TERRAIN] 686  x=1041.90  y=44.83  z=239.56
[Ess] [TERRAIN] 687  x=1041.51  y=47.09  z=227.34
[Ess] [TERRAIN] 688  x=1040.66  y=47.15  z=214.69
[Ess] [TERRAIN] 689  x=1039.41  y=41.29  z=202.08
[Ess] [TERRAIN] 690  x=1037.85  y=38.08  z=189.65
[Ess] [TERRAIN] 691  x=1036.04  y=37.90  z=177.24
[Ess] [TERRAIN] 692  x=1033.98  y=37.88  z=164.79
[Ess] [TERRAIN] 693  x=1031.57  y=37.88  z=152.23
[Ess] [TERRAIN] 694  x=1028.92  y=37.87  z=139.66
[Ess] [TERRAIN] 695  x=1026.06  y=37.88  z=127.11
[Ess] [TERRAIN] 696  x=1023.06  y=37.88  z=114.60
[Ess] [TERRAIN] 697  x=1020.21  y=37.88  z=102.23
[Ess] [TERRAIN] 698  x=1017.52  y=38.16  z=89.74
[Ess] [TERRAIN] 699  x=1014.88  y=42.69  z=77.24
[Ess] [TERRAIN] 700  x=1012.44  y=50.44  z=64.81
[Ess] [TERRAIN] 701  x=1010.12  y=58.61  z=52.36
[Ess] [TERRAIN] 702  x=1008.15  y=67.82  z=39.80
[Ess] [TERRAIN] 703  x=1006.63  y=74.16  z=27.19
[Ess] [TERRAIN] 704  x=1005.77  y=77.36  z=14.53
[Ess] [TERRAIN] 705  x=1005.42  y=82.43  z=2.17
[Ess] [TERRAIN] 706  x=1005.49  y=88.61  z=-10.74
[Ess] [TERRAIN] 707  x=1005.86  y=94.54  z=-23.05
[Ess] [TERRAIN] 708  x=1006.53  y=98.82  z=-35.64
[Ess] [TERRAIN] 709  x=1007.51  y=98.63  z=-48.33
[Ess] [TERRAIN] 710  x=1008.79  y=93.95  z=-61.06
[Ess] [TERRAIN] 711  x=1010.27  y=88.42  z=-73.22
[Ess] [TERRAIN] 712  x=1012.00  y=81.66  z=-85.89
[Ess] [TERRAIN] 713  x=1013.82  y=74.02  z=-98.54
[Ess] [TERRAIN] 714  x=1015.61  y=66.71  z=-111.28
[Ess] [TERRAIN] 715  x=1017.32  y=59.64  z=-123.92
[Ess] [TERRAIN] 716  x=1018.89  y=55.55  z=-136.49
[Ess] [TERRAIN] 717  x=1020.43  y=54.18  z=-149.17
[Ess] [TERRAIN] 718  x=1021.94  y=53.37  z=-161.95
[Ess] [TERRAIN] 719  x=1023.46  y=49.67  z=-174.76
[Ess] [TERRAIN] 720  x=1024.99  y=47.82  z=-187.53
[Ess] [TERRAIN] 721  x=1026.58  y=46.13  z=-200.37
[Ess] [TERRAIN] 722  x=1028.26  y=44.21  z=-213.28
[Ess] [TERRAIN] 723  x=1030.00  y=42.43  z=-226.09
[Ess] [TERRAIN] 724  x=1031.82  y=40.29  z=-238.97
[Ess] [TERRAIN] 725  x=1033.63  y=39.86  z=-251.85
[Ess] [TERRAIN] 726  x=1035.39  y=40.92  z=-264.70
[Ess] [TERRAIN] 727  x=1037.07  y=42.63  z=-277.48
[Ess] [TERRAIN] 728  x=1038.70  y=42.67  z=-290.23
[Ess] [TERRAIN] 729  x=1040.32  y=42.00  z=-302.90
[Ess] [TERRAIN] 730  x=1041.90  y=41.19  z=-315.42
[Ess] [TERRAIN] 731  x=1043.59  y=42.74  z=-327.96
[Ess] [TERRAIN] 732  x=1045.47  y=46.74  z=-340.53
[Ess] [TERRAIN] 733  x=1047.36  y=50.44  z=-353.16
[Ess] [TERRAIN] 734  x=1049.69  y=53.12  z=-365.80
[Ess] [TERRAIN] 735  x=1052.27  y=52.46  z=-378.28
[Ess] [TERRAIN] 736  x=1055.40  y=50.02  z=-390.50
[Ess] [TERRAIN] 737  x=1058.67  y=45.04  z=-402.74
[Ess] [TERRAIN] 738  x=1059.51  y=43.79  z=-416.05
[Ess] [TERRAIN] 739  x=1060.60  y=49.50  z=-429.64
[Ess] [TERRAIN] 740  x=1062.60  y=56.64  z=-442.97
[Ess] [TERRAIN] 741  x=1066.79  y=61.35  z=-454.92
[Ess] [TERRAIN] 742  x=1072.54  y=64.31  z=-465.96
[Ess] [TERRAIN] 743  x=1079.42  y=69.67  z=-476.26
[Ess] [TERRAIN] 744  x=1087.14  y=79.58  z=-485.99
[Ess] [TERRAIN] 745  x=1095.14  y=88.75  z=-494.94
[Ess] [TERRAIN] 746  x=1103.91  y=95.48  z=-503.91
[Ess] [TERRAIN] 747  x=1113.04  y=98.84  z=-512.69
[Ess] [TERRAIN] 748  x=1122.31  y=101.34  z=-521.22
[Ess] [TERRAIN] 749  x=1131.77  y=101.18  z=-529.66
[Ess] [TERRAIN] 750  x=1141.36  y=101.69  z=-538.04
[Ess] [TERRAIN] 751  x=1151.13  y=100.33  z=-546.39
[Ess] [TERRAIN] 752  x=1161.04  y=100.06  z=-554.68
[Ess] [TERRAIN] 753  x=1171.03  y=94.61  z=-562.89
[Ess] [TERRAIN] 754  x=1181.06  y=84.29  z=-571.09
[Ess] [TERRAIN] 755  x=1191.06  y=73.00  z=-579.28
[Ess] [TERRAIN] 756  x=1200.65  y=63.38  z=-587.17
[Ess] [TERRAIN] 757  x=1210.59  y=50.62  z=-595.41
[Ess] [TERRAIN] 758  x=1220.50  y=37.25  z=-603.70
[Ess] [TERRAIN] 759  x=1230.08  y=24.20  z=-611.77