[Ess] Net: DISABLED (Ess.Net.OFF) -- no receiver hijack on NetEventCallback, no wire traffic
[Ess] Net: v0.2.1 ready (EV=5 SLOTS=5 HB=2)
[Ess] registered 'demo_convoy' (Demo: Wreck the Convoy)
[Ess] Contract: loaded (1 contract(s) registered)
[Ess] v0.2.1 ready
[Ess] [roadlog] STARTED -- logging every 0.25s (F11 again to stop)
[Ess] [ROAD] 1  x=2638.71  y=-3.89  z=-1032.05  yaw=131.4
[Ess] [ROAD] 2  x=2637.27  y=-13.91  z=-1030.73  yaw=126.7
[Ess] [ROAD] 3  x=2635.54  y=-13.84  z=-1029.20  yaw=112.7
[Ess] [ROAD] 4  x=2633.20  y=-13.71  z=-1027.52  yaw=92.7
[Ess] [ROAD] 5  x=2631.23  y=-13.53  z=-1027.23  yaw=85.3
[Ess] [ROAD] 6  x=2633.10  y=-13.66  z=-1026.20  yaw=57.9
[Ess] [ROAD] 7  x=2635.72  y=-13.84  z=-1024.81  yaw=52.2
[Ess] [ROAD] 8  x=2638.72  y=-13.81  z=-1022.82  yaw=57.1
[Ess] [ROAD] 9  x=2641.49  y=-13.76  z=-1020.90  yaw=53.8
[Ess] [ROAD] 10  x=2644.13  y=-13.86  z=-1019.12  yaw=54.7
[Ess] [ROAD] 11  x=2646.82  y=-13.78  z=-1017.51  yaw=65.0
[Ess] [ROAD] 12  x=2649.39  y=-13.63  z=-1016.40  yaw=78.4
[Ess] [ROAD] 13  x=2651.98  y=-13.74  z=-1015.77  yaw=94.6
[Ess] [ROAD] 14  x=2654.12  y=-13.73  z=-1015.88  yaw=108.9
[Ess] [ROAD] 15  x=2655.75  y=-13.73  z=-1016.47  yaw=121.1
[Ess] [ROAD] 16  x=2657.01  y=-13.73  z=-1017.31  yaw=130.5
[Ess] [ROAD] 17  x=2658.76  y=-13.72  z=-1019.00  yaw=139.9
[Ess] [ROAD] 18  x=2661.16  y=-13.36  z=-1022.06  yaw=146.2
[Ess] [ROAD] 19  x=2663.47  y=-12.27  z=-1025.16  yaw=143.7
[Ess] [ROAD] 20  x=2666.23  y=-11.17  z=-1028.86  yaw=144.2
[Ess] [ROAD] 21  x=2669.02  y=-10.90  z=-1032.61  yaw=144.5
[Ess] [ROAD] 22  x=2671.85  y=-11.65  z=-1036.41  yaw=144.6
[Ess] [ROAD] 23  x=2674.68  y=-13.07  z=-1040.20  yaw=144.8
[Ess] [ROAD] 24  x=2677.62  y=-13.83  z=-1044.09  yaw=141.0
[Ess] [ROAD] 25  x=2680.74  y=-13.74  z=-1047.66  yaw=132.8
[Ess] [ROAD] 26  x=2684.67  y=-13.75  z=-1051.48  yaw=132.1
[Ess] [ROAD] 27  x=2689.45  y=-13.75  z=-1055.87  yaw=132.2
[Ess] [ROAD] 28  x=2694.95  y=-13.75  z=-1060.87  yaw=132.2
[Ess] [ROAD] 29  x=2701.13  y=-13.75  z=-1066.47  yaw=132.2
[Ess] [ROAD] 30  x=2707.85  y=-13.75  z=-1072.56  yaw=132.2
[Ess] [ROAD] 31  x=2715.11  y=-13.75  z=-1079.16  yaw=132.6
[Ess] [ROAD] 32  x=2722.56  y=-13.79  z=-1086.13  yaw=134.2
[Ess] [ROAD] 33  x=2729.52  y=-13.82  z=-1092.83  yaw=134.3
[Ess] [ROAD] 34  x=2736.75  y=-14.02  z=-1099.87  yaw=134.3
[Ess] [ROAD] 35  x=2743.85  y=-15.21  z=-1106.80  yaw=134.3
[Ess] [ROAD] 36  x=2751.14  y=-16.33  z=-1113.85  yaw=131.6
[Ess] [ROAD] 37  x=2758.76  y=-17.13  z=-1120.49  yaw=128.1
[Ess] [ROAD] 38  x=2766.58  y=-17.90  z=-1126.77  yaw=128.0
[Ess] [ROAD] 39  x=2774.22  y=-18.61  z=-1132.78  yaw=128.0
[Ess] [ROAD] 40  x=2781.91  y=-19.28  z=-1138.81  yaw=129.0
[Ess] [ROAD] 41  x=2789.61  y=-19.96  z=-1145.33  yaw=132.8
[Ess] [ROAD] 42  x=2796.57  y=-20.57  z=-1151.64  yaw=133.0
[Ess] [ROAD] 43  x=2803.50  y=-21.17  z=-1158.06  yaw=132.9
[Ess] [ROAD] 44  x=2810.34  y=-21.76  z=-1164.42  yaw=132.9
[Ess] [ROAD] 45  x=2817.20  y=-22.35  z=-1170.80  yaw=132.9
[Ess] [ROAD] 46  x=2824.05  y=-22.95  z=-1177.17  yaw=132.9
[Ess] [ROAD] 47  x=2830.05  y=-23.48  z=-1182.76  yaw=133.7
[Ess] [ROAD] 48  x=2835.35  y=-24.01  z=-1188.14  yaw=139.3
[Ess] [ROAD] 49  x=2840.41  y=-24.47  z=-1193.93  yaw=142.8
[Ess] [ROAD] 50  x=2844.39  y=-24.66  z=-1199.70  yaw=157.0
[Ess] [ROAD] 51  x=2846.91  y=-24.64  z=-1206.11  yaw=171.7
[Ess] [ROAD] 52  x=2848.45  y=-24.65  z=-1212.54  yaw=166.7
[Ess] [ROAD] 53  x=2849.92  y=-24.65  z=-1218.97  yaw=170.4
[Ess] [ROAD] 54  x=2850.69  y=-24.65  z=-1225.34  yaw=-178.6
[Ess] [ROAD] 55  x=2850.40  y=-24.65  z=-1231.62  yaw=-167.8
[Ess] [ROAD] 56  x=2849.31  y=-24.65  z=-1237.47  yaw=-163.6
[Ess] [ROAD] 57  x=2847.44  y=-24.65  z=-1243.04  yaw=-150.5
[Ess] [ROAD] 58  x=2844.72  y=-24.64  z=-1248.04  yaw=-142.8
[Ess] [ROAD] 59  x=2841.41  y=-24.62  z=-1252.33  yaw=-134.9
[Ess] [ROAD] 60  x=2837.78  y=-24.60  z=-1255.92  yaw=-127.2
[Ess] [ROAD] 61  x=2833.56  y=-24.59  z=-1259.12  yaw=-120.2
[Ess] [ROAD] 62  x=2828.60  y=-24.61  z=-1262.01  yaw=-114.5
[Ess] [ROAD] 63  x=2822.81  y=-24.70  z=-1264.69  yaw=-111.8
[Ess] [ROAD] 64  x=2816.55  y=-24.91  z=-1267.54  yaw=-117.3
[Ess] [ROAD] 65  x=2809.68  y=-25.33  z=-1271.00  yaw=-117.8
[Ess] [ROAD] 66  x=2802.16  y=-25.94  z=-1274.71  yaw=-112.9
[Ess] [ROAD] 67  x=2793.78  y=-26.74  z=-1278.20  yaw=-110.2
[Ess] [ROAD] 68  x=2784.77  y=-27.65  z=-1281.77  yaw=-112.2
[Ess] [ROAD] 69  x=2775.21  y=-28.59  z=-1285.30  yaw=-106.1
[Ess] [ROAD] 70  x=2765.40  y=-29.57  z=-1288.25  yaw=-105.1
[Ess] [ROAD] 71  x=2755.57  y=-30.78  z=-1290.80  yaw=-100.0
[Ess] [ROAD] 72  x=2745.79  y=-31.97  z=-1292.41  yaw=-95.2
[Ess] [ROAD] 73  x=2735.97  y=-32.94  z=-1293.44  yaw=-94.2
[Ess] [ROAD] 74  x=2726.23  y=-33.49  z=-1293.91  yaw=-88.9
[Ess] [ROAD] 75  x=2716.42  y=-33.43  z=-1293.71  yaw=-83.5
[Ess] [ROAD] 76  x=2707.06  y=-32.87  z=-1292.71  yaw=-80.2
[Ess] [ROAD] 77  x=2697.82  y=-31.96  z=-1291.08  yaw=-77.1
[Ess] [ROAD] 78  x=2688.62  y=-30.79  z=-1289.30  yaw=-82.4
[Ess] [ROAD] 79  x=2679.23  y=-29.41  z=-1287.99  yaw=-83.8
[Ess] [ROAD] 80  x=2669.33  y=-27.84  z=-1286.87  yaw=-83.7
[Ess] [ROAD] 81  x=2659.52  y=-26.29  z=-1285.57  yaw=-79.1
[Ess] [ROAD] 82  x=2649.48  y=-24.81  z=-1283.56  yaw=-74.3
[Ess] [ROAD] 83  x=2639.69  y=-23.55  z=-1281.05  yaw=-76.2
[Ess] [ROAD] 84  x=2629.54  y=-22.23  z=-1278.59  yaw=-77.2
[Ess] [ROAD] 85  x=2619.36  y=-20.87  z=-1276.24  yaw=-77.2
[Ess] [ROAD] 86  x=2609.29  y=-19.57  z=-1273.66  yaw=-71.0
[Ess] [ROAD] 87  x=2599.94  y=-18.42  z=-1270.62  yaw=-72.5
[Ess] [ROAD] 88  x=2590.05  y=-17.38  z=-1267.73  yaw=-76.0
[Ess] [ROAD] 89  x=2580.21  y=-16.59  z=-1264.70  yaw=-66.9
[Ess] [ROAD] 90  x=2570.80  y=-16.35  z=-1261.09  yaw=-64.4
[Ess] [ROAD] 91  x=2561.66  y=-15.76  z=-1256.62  yaw=-58.6
[Ess] [ROAD] 92  x=2553.37  y=-15.21  z=-1251.57  yaw=-52.2
[Ess] [ROAD] 93  x=2545.71  y=-14.84  z=-1245.60  yaw=-47.2
[Ess] [ROAD] 94  x=2538.91  y=-14.55  z=-1239.51  yaw=-46.0
[Ess] [ROAD] 95  x=2532.31  y=-14.31  z=-1232.79  yaw=-39.5
[Ess] [ROAD] 96  x=2526.43  y=-14.11  z=-1225.60  yaw=-33.4
[Ess] [ROAD] 97  x=2521.21  y=-13.95  z=-1217.97  yaw=-32.0
[Ess] [ROAD] 98  x=2516.20  y=-13.82  z=-1210.10  yaw=-31.9
[Ess] [ROAD] 99  x=2511.20  y=-13.65  z=-1202.03  yaw=-30.4
[Ess] [ROAD] 100  x=2506.39  y=-13.47  z=-1193.87  yaw=-29.6
[Ess] [ROAD] 101  x=2501.90  y=-13.30  z=-1186.03  yaw=-29.6
[Ess] [ROAD] 102  x=2497.47  y=-13.15  z=-1178.24  yaw=-29.6
[Ess] [ROAD] 103  x=2493.00  y=-13.03  z=-1170.25  yaw=-26.7
[Ess] [ROAD] 104  x=2488.88  y=-12.90  z=-1162.04  yaw=-24.6
[Ess] [ROAD] 105  x=2484.70  y=-12.85  z=-1153.06  yaw=-24.5
[Ess] [ROAD] 106  x=2480.74  y=-12.87  z=-1145.15  yaw=-32.1
[Ess] [ROAD] 107  x=2476.10  y=-12.97  z=-1137.51  yaw=-33.9
[Ess] [ROAD] 108  x=2471.22  y=-13.16  z=-1130.27  yaw=-37.2
[Ess] [ROAD] 109  x=2466.02  y=-13.44  z=-1123.31  yaw=-38.9
[Ess] [ROAD] 110  x=2460.56  y=-13.83  z=-1116.74  yaw=-42.6
[Ess] [ROAD] 111  x=2454.73  y=-14.38  z=-1110.56  yaw=-47.6
[Ess] [ROAD] 112  x=2448.67  y=-15.08  z=-1104.94  yaw=-50.0
[Ess] [ROAD] 113  x=2442.38  y=-15.93  z=-1099.55  yaw=-50.5
[Ess] [ROAD] 114  x=2436.10  y=-16.81  z=-1094.31  yaw=-50.4
[Ess] [ROAD] 115  x=2429.78  y=-17.72  z=-1089.09  yaw=-51.0
[Ess] [ROAD] 116  x=2423.61  y=-18.64  z=-1084.30  yaw=-54.8
[Ess] [ROAD] 117  x=2417.19  y=-19.56  z=-1079.68  yaw=-55.7
[Ess] [ROAD] 118  x=2410.55  y=-20.44  z=-1075.39  yaw=-61.2
[Ess] [ROAD] 119  x=2403.71  y=-21.24  z=-1071.52  yaw=-63.0
[Ess] [ROAD] 120  x=2396.75  y=-21.92  z=-1068.24  yaw=-71.2
[Ess] [ROAD] 121  x=2389.82  y=-22.45  z=-1066.06  yaw=-83.7
[Ess] [ROAD] 122  x=2382.72  y=-22.76  z=-1065.52  yaw=-100.9
[Ess] [ROAD] 123  x=2376.04  y=-22.73  z=-1066.43  yaw=-104.0
[Ess] [ROAD] 124  x=2369.79  y=-22.73  z=-1067.77  yaw=-102.1
[Ess] [ROAD] 125  x=2363.31  y=-22.73  z=-1068.84  yaw=-94.2
[Ess] [ROAD] 126  x=2356.83  y=-22.73  z=-1069.45  yaw=-93.3
[Ess] [ROAD] 127  x=2350.06  y=-22.73  z=-1069.90  yaw=-93.2
[Ess] [ROAD] 128  x=2343.15  y=-22.73  z=-1070.29  yaw=-92.3
[Ess] [ROAD] 129  x=2336.58  y=-22.74  z=-1070.44  yaw=-89.0
[Ess] [ROAD] 130  x=2330.03  y=-22.94  z=-1070.44  yaw=-92.2
[Ess] [ROAD] 131  x=2323.62  y=-23.26  z=-1071.06  yaw=-104.6
[Ess] [ROAD] 132  x=2317.51  y=-23.62  z=-1072.45  yaw=-107.2
[Ess] [ROAD] 133  x=2311.64  y=-23.99  z=-1074.34  yaw=-112.8
[Ess] [ROAD] 134  x=2306.01  y=-24.35  z=-1076.61  yaw=-115.4
[Ess] [ROAD] 135  x=2300.53  y=-24.68  z=-1079.21  yaw=-117.7
[Ess] [ROAD] 136  x=2294.46  y=-25.03  z=-1082.32  yaw=-117.8
[Ess] [ROAD] 137  x=2288.32  y=-25.39  z=-1085.54  yaw=-117.8
[Ess] [ROAD] 138  x=2281.75  y=-25.76  z=-1089.00  yaw=-117.8
[Ess] [ROAD] 139  x=2274.51  y=-26.13  z=-1092.83  yaw=-117.9
[Ess] [ROAD] 140  x=2266.91  y=-26.48  z=-1096.72  yaw=-114.9
[Ess] [ROAD] 141  x=2258.65  y=-26.71  z=-1100.61  yaw=-114.0
[Ess] [ROAD] 142  x=2250.56  y=-26.91  z=-1104.03  yaw=-107.0
[Ess] [ROAD] 143  x=2242.21  y=-26.90  z=-1106.41  yaw=-99.7
[Ess] [ROAD] 144  x=2233.78  y=-26.84  z=-1107.83  yaw=-92.1
[Ess] [ROAD] 145  x=2225.49  y=-26.81  z=-1108.19  yaw=-86.1
[Ess] [ROAD] 146  x=2217.50  y=-26.81  z=-1107.54  yaw=-78.7
[Ess] [ROAD] 147  x=2209.74  y=-26.83  z=-1105.88  yaw=-70.5
[Ess] [ROAD] 148  x=2202.20  y=-26.96  z=-1103.41  yaw=-69.2
[Ess] [ROAD] 149  x=2194.62  y=-27.30  z=-1100.61  yaw=-68.8
[Ess] [ROAD] 150  x=2186.09  y=-27.66  z=-1097.30  yaw=-68.4
[Ess] [ROAD] 151  x=2176.94  y=-28.09  z=-1093.69  yaw=-68.1
[Ess] [ROAD] 152  x=2167.38  y=-28.53  z=-1089.83  yaw=-66.9
[Ess] [ROAD] 153  x=2157.92  y=-28.83  z=-1085.58  yaw=-62.5
[Ess] [ROAD] 154  x=2149.01  y=-28.97  z=-1080.86  yaw=-56.0
[Ess] [ROAD] 155  x=2140.40  y=-29.05  z=-1075.05  yaw=-51.9
[Ess] [ROAD] 156  x=2132.35  y=-29.08  z=-1068.92  yaw=-51.8
[Ess] [ROAD] 157  x=2124.38  y=-29.05  z=-1062.70  yaw=-51.8
[Ess] [ROAD] 158  x=2116.74  y=-28.98  z=-1056.69  yaw=-51.8
[Ess] [ROAD] 159  x=2109.13  y=-28.87  z=-1050.85  yaw=-56.1
[Ess] [ROAD] 160  x=2100.91  y=-28.70  z=-1045.50  yaw=-61.1
[Ess] [ROAD] 161  x=2092.04  y=-28.36  z=-1040.60  yaw=-66.5
[Ess] [ROAD] 162  x=2083.65  y=-27.98  z=-1037.28  yaw=-77.1
[Ess] [ROAD] 163  x=2075.57  y=-27.65  z=-1035.11  yaw=-78.1
[Ess] [ROAD] 164  x=2067.94  y=-27.41  z=-1033.08  yaw=-68.4
[Ess] [ROAD] 165  x=2060.33  y=-27.29  z=-1029.87  yaw=-60.0
[Ess] [ROAD] 166  x=2053.63  y=-27.39  z=-1026.27  yaw=-59.6
[Ess] [ROAD] 167  x=2046.94  y=-27.66  z=-1022.34  yaw=-56.0
[Ess] [ROAD] 168  x=2040.57  y=-28.01  z=-1017.96  yaw=-52.1
[Ess] [ROAD] 169  x=2034.29  y=-28.41  z=-1013.20  yaw=-51.6
[Ess] [ROAD] 170  x=2027.92  y=-28.77  z=-1008.20  yaw=-52.4
[Ess] [ROAD] 171  x=2020.97  y=-29.01  z=-1003.24  yaw=-59.5
[Ess] [ROAD] 172  x=2013.72  y=-29.02  z=-998.95  yaw=-65.5
[Ess] [ROAD] 173  x=2005.99  y=-29.02  z=-995.74  yaw=-76.1
[Ess] [ROAD] 174  x=1997.34  y=-28.96  z=-993.31  yaw=-76.8
[Ess] [ROAD] 175  x=1988.04  y=-28.53  z=-991.26  yaw=-81.7
[Ess] [ROAD] 176  x=1978.34  y=-27.96  z=-989.75  yaw=-83.1
[Ess] [ROAD] 177  x=1968.25  y=-27.24  z=-988.62  yaw=-86.0
[Ess] [ROAD] 178  x=1958.34  y=-26.45  z=-987.87  yaw=-87.6
[Ess] [ROAD] 179  x=1948.15  y=-25.59  z=-987.68  yaw=-92.9
[Ess] [ROAD] 180  x=1938.44  y=-24.73  z=-988.03  yaw=-93.4
[Ess] [ROAD] 181  x=1928.65  y=-23.86  z=-988.38  yaw=-89.1
[Ess] [ROAD] 182  x=1918.42  y=-22.98  z=-988.30  yaw=-88.1
[Ess] [ROAD] 183  x=1908.51  y=-22.17  z=-988.03  yaw=-88.1
[Ess] [ROAD] 184  x=1898.47  y=-21.43  z=-987.70  yaw=-87.9
[Ess] [ROAD] 185  x=1888.72  y=-20.81  z=-987.20  yaw=-85.3
[Ess] [ROAD] 186  x=1878.87  y=-20.30  z=-986.45  yaw=-85.1
[Ess] [ROAD] 187  x=1869.09  y=-20.07  z=-985.52  yaw=-81.6
[Ess] [ROAD] 188  x=1859.64  y=-20.11  z=-984.16  yaw=-80.0
[Ess] [ROAD] 189  x=1850.69  y=-20.11  z=-982.64  yaw=-80.0
[Ess] [ROAD] 190  x=1841.38  y=-20.08  z=-981.01  yaw=-80.0
[Ess] [ROAD] 191  x=1832.58  y=-20.02  z=-979.45  yaw=-80.0
[Ess] [ROAD] 192  x=1823.55  y=-19.95  z=-977.78  yaw=-77.2
[Ess] [ROAD] 193  x=1814.42  y=-19.87  z=-975.73  yaw=-75.7
[Ess] [ROAD] 194  x=1805.70  y=-19.78  z=-973.56  yaw=-75.6
[Ess] [ROAD] 195  x=1796.92  y=-19.70  z=-971.22  yaw=-71.4
[Ess] [ROAD] 196  x=1788.44  y=-19.61  z=-968.36  yaw=-68.4
[Ess] [ROAD] 197  x=1780.39  y=-19.54  z=-965.30  yaw=-69.5
[Ess] [ROAD] 198  x=1772.00  y=-19.47  z=-962.65  yaw=-79.2
[Ess] [ROAD] 199  x=1763.49  y=-19.42  z=-960.83  yaw=-80.5
[Ess] [ROAD] 200  x=1755.24  y=-19.40  z=-959.40  yaw=-82.5
[Ess] [ROAD] 201  x=1746.92  y=-19.40  z=-958.60  yaw=-90.5
[Ess] [ROAD] 202  x=1738.63  y=-19.40  z=-958.49  yaw=-91.3
[Ess] [ROAD] 203  x=1730.49  y=-19.40  z=-958.63  yaw=-92.1
[Ess] [ROAD] 204  x=1722.25  y=-19.37  z=-959.12  yaw=-96.4
[Ess] [ROAD] 205  x=1714.34  y=-19.30  z=-959.91  yaw=-96.8
[Ess] [ROAD] 206  x=1706.39  y=-19.22  z=-960.93  yaw=-99.3
[Ess] [ROAD] 207  x=1698.60  y=-19.14  z=-962.14  yaw=-99.7
[Ess] [ROAD] 208  x=1690.95  y=-19.06  z=-963.42  yaw=-99.7
[Ess] [ROAD] 209  x=1683.36  y=-19.00  z=-964.71  yaw=-99.7
[Ess] [ROAD] 210  x=1675.86  y=-18.98  z=-965.99  yaw=-99.7
[Ess] [ROAD] 211  x=1668.43  y=-18.99  z=-967.25  yaw=-99.7
[Ess] [ROAD] 212  x=1661.43  y=-19.04  z=-968.45  yaw=-99.7
[Ess] [ROAD] 213  x=1654.15  y=-19.16  z=-969.69  yaw=-99.7
[Ess] [ROAD] 214  x=1646.90  y=-19.34  z=-970.92  yaw=-99.7
[Ess] [ROAD] 215  x=1639.94  y=-19.58  z=-972.11  yaw=-99.7
[Ess] [ROAD] 216  x=1633.02  y=-19.92  z=-973.29  yaw=-99.7
[Ess] [ROAD] 217  x=1626.05  y=-20.39  z=-974.48  yaw=-99.7
[Ess] [ROAD] 218  x=1619.36  y=-20.97  z=-975.62  yaw=-99.7
[Ess] [ROAD] 219  x=1612.61  y=-21.63  z=-976.77  yaw=-99.7
[Ess] [ROAD] 220  x=1606.10  y=-22.33  z=-977.89  yaw=-100.5
[Ess] [ROAD] 221  x=1599.71  y=-23.05  z=-979.09  yaw=-101.6
[Ess] [ROAD] 222  x=1593.10  y=-23.79  z=-980.23  yaw=-96.0
[Ess] [ROAD] 223  x=1586.39  y=-24.51  z=-981.00  yaw=-94.5
[Ess] [ROAD] 224  x=1579.93  y=-25.15  z=-981.58  yaw=-94.5
[Ess] [ROAD] 225  x=1573.45  y=-25.72  z=-982.11  yaw=-94.5
[Ess] [ROAD] 226  x=1566.95  y=-26.20  z=-982.64  yaw=-94.5
[Ess] [ROAD] 227  x=1560.44  y=-26.52  z=-983.16  yaw=-94.5
[Ess] [ROAD] 228  x=1553.38  y=-26.55  z=-983.72  yaw=-94.5
[Ess] [ROAD] 229  x=1545.64  y=-26.54  z=-984.33  yaw=-94.5
[Ess] [ROAD] 230  x=1537.40  y=-26.54  z=-984.98  yaw=-94.5
[Ess] [ROAD] 231  x=1528.42  y=-26.54  z=-985.69  yaw=-94.5
[Ess] [ROAD] 232  x=1519.27  y=-26.54  z=-986.40  yaw=-94.3
[Ess] [ROAD] 233  x=1510.05  y=-26.58  z=-986.79  yaw=-86.6
[Ess] [ROAD] 234  x=1500.93  y=-27.35  z=-986.59  yaw=-83.2
[Ess] [ROAD] 235  x=1491.78  y=-28.73  z=-986.23  yaw=-82.7
[Ess] [ROAD] 236  x=1482.73  y=-29.77  z=-985.18  yaw=-79.5
[Ess] [ROAD] 237  x=1473.90  y=-30.24  z=-983.63  yaw=-76.3
[Ess] [ROAD] 238  x=1465.33  y=-30.19  z=-981.49  yaw=-73.0
[Ess] [ROAD] 239  x=1456.89  y=-30.19  z=-979.02  yaw=-72.9
[Ess] [ROAD] 240  x=1448.59  y=-30.18  z=-976.55  yaw=-76.0
[Ess] [ROAD] 241  x=1440.20  y=-30.17  z=-974.60  yaw=-80.5
[Ess] [ROAD] 242  x=1431.49  y=-30.16  z=-973.03  yaw=-80.8
[Ess] [ROAD] 243  x=1422.12  y=-30.15  z=-971.47  yaw=-80.7
[Ess] [ROAD] 244  x=1412.33  y=-30.14  z=-969.86  yaw=-80.7
[Ess] [ROAD] 245  x=1401.96  y=-30.12  z=-968.16  yaw=-80.7
[Ess] [ROAD] 246  x=1391.60  y=-30.10  z=-966.46  yaw=-80.7
[Ess] [ROAD] 247  x=1381.46  y=-30.07  z=-964.79  yaw=-80.7
[Ess] [ROAD] 248  x=1370.95  y=-30.03  z=-963.07  yaw=-80.7
[Ess] [ROAD] 249  x=1361.19  y=-29.99  z=-961.46  yaw=-80.7
[Ess] [ROAD] 250  x=1350.98  y=-29.93  z=-959.79  yaw=-80.7
[Ess] [ROAD] 251  x=1340.82  y=-29.86  z=-957.94  yaw=-76.2
[Ess] [ROAD] 252  x=1330.79  y=-29.78  z=-955.56  yaw=-74.8
[Ess] [ROAD] 253  x=1320.74  y=-29.63  z=-952.87  yaw=-74.3
[Ess] [ROAD] 254  x=1310.73  y=-29.43  z=-950.07  yaw=-74.0
[Ess] [ROAD] 255  x=1300.65  y=-29.23  z=-947.18  yaw=-73.8
[Ess] [ROAD] 256  x=1290.43  y=-29.05  z=-944.09  yaw=-69.1
[Ess] [ROAD] 257  x=1281.01  y=-28.96  z=-940.17  yaw=-61.0
[Ess] [ROAD] 258  x=1271.91  y=-28.98  z=-935.44  yaw=-63.4
[Ess] [ROAD] 259  x=1262.78  y=-29.11  z=-931.05  yaw=-66.7
[Ess] [ROAD] 260  x=1253.65  y=-29.29  z=-926.72  yaw=-60.0
[Ess] [ROAD] 261  x=1244.89  y=-29.51  z=-921.75  yaw=-57.9
[Ess] [ROAD] 262  x=1236.58  y=-29.74  z=-916.51  yaw=-53.3
[Ess] [ROAD] 263  x=1229.47  y=-29.94  z=-910.69  yaw=-38.7
[Ess] [ROAD] 264  x=1223.63  y=-30.12  z=-903.44  yaw=-27.0
[Ess] [ROAD] 265  x=1219.32  y=-30.27  z=-895.67  yaw=-24.2
[Ess] [ROAD] 266  x=1215.50  y=-30.44  z=-887.58  yaw=-24.2
[Ess] [ROAD] 267  x=1211.88  y=-30.55  z=-879.55  yaw=-22.6
[Ess] [ROAD] 268  x=1208.96  y=-30.54  z=-871.82  yaw=-15.2
[Ess] [ROAD] 269  x=1206.61  y=-30.26  z=-863.67  yaw=-12.5
[Ess] [ROAD] 270  x=1205.13  y=-29.99  z=-855.27  yaw=0.7
[Ess] [ROAD] 271  x=1205.08  y=-29.69  z=-847.03  yaw=5.9
[Ess] [ROAD] 272  x=1206.00  y=-29.34  z=-839.11  yaw=14.5
[Ess] [ROAD] 273  x=1207.81  y=-28.99  z=-831.43  yaw=17.0
[Ess] [ROAD] 274  x=1210.19  y=-28.57  z=-823.35  yaw=18.6
[Ess] [ROAD] 275  x=1212.99  y=-28.11  z=-815.26  yaw=21.4
[Ess] [ROAD] 276  x=1216.32  y=-27.61  z=-807.39  yaw=30.5
[Ess] [ROAD] 277  x=1220.63  y=-27.09  z=-800.23  yaw=37.6
[Ess] [ROAD] 278  x=1225.53  y=-26.56  z=-793.63  yaw=40.7
[Ess] [ROAD] 279  x=1230.76  y=-26.03  z=-787.43  yaw=42.0
[Ess] [ROAD] 280  x=1236.10  y=-25.50  z=-781.40  yaw=42.0
[Ess] [ROAD] 281  x=1241.26  y=-24.97  z=-775.34  yaw=34.1
[Ess] [ROAD] 282  x=1245.39  y=-24.46  z=-768.86  yaw=24.7
[Ess] [ROAD] 283  x=1248.79  y=-23.96  z=-762.03  yaw=23.9
[Ess] [ROAD] 284  x=1251.83  y=-23.49  z=-755.19  yaw=20.3
[Ess] [ROAD] 285  x=1254.37  y=-23.04  z=-748.13  yaw=16.1
[Ess] [ROAD] 286  x=1256.29  y=-22.57  z=-741.16  yaw=10.1
[Ess] [ROAD] 287  x=1257.56  y=-22.11  z=-734.11  yaw=5.2
[Ess] [ROAD] 288  x=1258.32  y=-21.63  z=-727.05  yaw=4.1
[Ess] [ROAD] 289  x=1258.93  y=-21.11  z=-719.44  yaw=4.1
[Ess] [ROAD] 290  x=1259.52  y=-20.56  z=-711.33  yaw=4.1
[Ess] [ROAD] 291  x=1260.09  y=-20.04  z=-703.47  yaw=4.1
[Ess] [ROAD] 292  x=1260.61  y=-19.51  z=-695.50  yaw=2.0
[Ess] [ROAD] 293  x=1260.89  y=-19.00  z=-687.65  yaw=0.6
[Ess] [ROAD] 294  x=1261.02  y=-18.53  z=-679.36  yaw=0.5
[Ess] [ROAD] 295  x=1261.11  y=-18.06  z=-670.65  yaw=0.6
[Ess] [ROAD] 296  x=1261.29  y=-17.61  z=-661.98  yaw=4.5
[Ess] [ROAD] 297  x=1262.28  y=-17.27  z=-653.64  yaw=14.1
[Ess] [ROAD] 298  x=1264.34  y=-17.12  z=-645.63  yaw=23.3
[Ess] [ROAD] 299  x=1267.45  y=-17.13  z=-638.20  yaw=30.3
[Ess] [ROAD] 300  x=1271.44  y=-17.13  z=-631.30  yaw=35.0
[Ess] [ROAD] 301  x=1276.08  y=-17.13  z=-624.44  yaw=35.8
[Ess] [ROAD] 302  x=1280.95  y=-17.14  z=-617.61  yaw=36.0
[Ess] [ROAD] 303  x=1285.73  y=-17.18  z=-610.99  yaw=36.0
[Ess] [ROAD] 304  x=1290.31  y=-17.27  z=-604.73  yaw=38.1
[Ess] [ROAD] 305  x=1295.44  y=-17.46  z=-598.63  yaw=45.3
[Ess] [ROAD] 306  x=1301.06  y=-17.73  z=-593.00  yaw=50.4
[Ess] [ROAD] 307  x=1307.06  y=-17.97  z=-588.06  yaw=57.1
[Ess] [ROAD] 308  x=1313.49  y=-18.09  z=-583.94  yaw=62.4
[Ess] [ROAD] 309  x=1320.11  y=-18.09  z=-580.29  yaw=61.8
[Ess] [ROAD] 310  x=1326.58  y=-18.09  z=-576.56  yaw=57.2
[Ess] [ROAD] 311  x=1332.79  y=-18.09  z=-572.57  yaw=54.2
[Ess] [ROAD] 312  x=1338.74  y=-18.17  z=-568.35  yaw=53.1
[Ess] [ROAD] 313  x=1344.38  y=-18.35  z=-563.87  yaw=46.2
[Ess] [ROAD] 314  x=1349.69  y=-18.50  z=-558.90  yaw=43.3
[Ess] [ROAD] 315  x=1355.00  y=-18.53  z=-553.08  yaw=38.1
[Ess] [ROAD] 316  x=1359.74  y=-18.39  z=-546.66  yaw=28.4
[Ess] [ROAD] 317  x=1363.57  y=-18.13  z=-539.78  yaw=21.8
[Ess] [ROAD] 318  x=1366.37  y=-17.62  z=-532.56  yaw=14.9
[Ess] [ROAD] 319  x=1368.67  y=-16.59  z=-524.65  yaw=14.6
[Ess] [ROAD] 320  x=1370.90  y=-15.05  z=-516.13  yaw=12.9
[Ess] [ROAD] 321  x=1372.82  y=-13.33  z=-507.21  yaw=9.8
[Ess] [ROAD] 322  x=1374.29  y=-11.81  z=-498.28  yaw=4.3
[Ess] [ROAD] 323  x=1374.94  y=-10.66  z=-489.47  yaw=0.2
[Ess] [ROAD] 324  x=1375.10  y=-9.56  z=-480.60  yaw=-0.1
[Ess] [ROAD] 325  x=1375.14  y=-8.53  z=-471.77  yaw=0.8
[Ess] [ROAD] 326  x=1375.55  y=-7.48  z=-462.25  yaw=5.5
[Ess] [ROAD] 327  x=1376.04  y=-6.48  z=-452.47  yaw=-0.4
[Ess] [ROAD] 328  x=1376.07  y=-5.62  z=-443.25  yaw=-1.1
[Ess] [ROAD] 329  x=1375.93  y=-4.82  z=-433.61  yaw=-1.2
[Ess] [ROAD] 330  x=1375.75  y=-4.12  z=-424.14  yaw=-1.2
[Ess] [ROAD] 331  x=1375.54  y=-3.53  z=-414.64  yaw=-2.0
[Ess] [ROAD] 332  x=1375.05  y=-3.12  z=-405.30  yaw=-5.4
[Ess] [ROAD] 333  x=1374.26  y=-3.14  z=-396.00  yaw=-5.6
[Ess] [ROAD] 334  x=1373.38  y=-3.14  z=-386.77  yaw=-5.6
[Ess] [ROAD] 335  x=1372.54  y=-3.21  z=-377.71  yaw=-3.0
[Ess] [ROAD] 336  x=1372.36  y=-3.49  z=-368.71  yaw=3.9
[Ess] [ROAD] 337  x=1372.78  y=-3.84  z=-359.81  yaw=3.3
[Ess] [ROAD] 338  x=1372.99  y=-4.28  z=-351.01  yaw=-1.8
[Ess] [ROAD] 339  x=1372.82  y=-4.80  z=-342.35  yaw=-2.2
[Ess] [ROAD] 340  x=1372.53  y=-5.37  z=-333.69  yaw=-2.1
[Ess] [ROAD] 341  x=1372.22  y=-5.96  z=-325.06  yaw=-2.1
[Ess] [ROAD] 342  x=1371.91  y=-6.58  z=-316.60  yaw=-2.1
[Ess] [ROAD] 343  x=1371.59  y=-7.23  z=-308.08  yaw=-2.1
[Ess] [ROAD] 344  x=1371.26  y=-7.97  z=-299.13  yaw=-2.1
[Ess] [ROAD] 345  x=1370.74  y=-8.82  z=-289.46  yaw=-6.6
[Ess] [ROAD] 346  x=1369.65  y=-9.80  z=-279.26  yaw=-7.7
[Ess] [ROAD] 347  x=1368.30  y=-10.88  z=-268.99  yaw=-8.8
[Ess] [ROAD] 348  x=1366.58  y=-12.05  z=-258.70  yaw=-11.6
[Ess] [ROAD] 349  x=1364.34  y=-13.34  z=-248.46  yaw=-16.2
[Ess] [ROAD] 350  x=1361.38  y=-14.75  z=-238.41  yaw=-20.3
[Ess] [ROAD] 351  x=1357.79  y=-16.24  z=-228.60  yaw=-23.7
[Ess] [ROAD] 352  x=1353.50  y=-17.77  z=-219.09  yaw=-27.8
[Ess] [ROAD] 353  x=1348.54  y=-19.33  z=-209.92  yaw=-33.0
[Ess] [ROAD] 354  x=1342.82  y=-20.86  z=-201.24  yaw=-39.1
[Ess] [ROAD] 355  x=1336.40  y=-22.34  z=-193.04  yaw=-40.3
[Ess] [ROAD] 356  x=1329.91  y=-23.73  z=-184.85  yaw=-34.7
[Ess] [ROAD] 357  x=1324.05  y=-24.98  z=-176.13  yaw=-29.1
[Ess] [ROAD] 358  x=1318.99  y=-26.21  z=-167.04  yaw=-25.0
[Ess] [ROAD] 359  x=1314.55  y=-27.53  z=-157.62  yaw=-22.9
[Ess] [ROAD] 360  x=1310.19  y=-28.97  z=-148.18  yaw=-28.0
[Ess] [ROAD] 361  x=1305.74  y=-30.32  z=-139.33  yaw=-24.1
[Ess] [ROAD] 362  x=1301.94  y=-31.50  z=-130.15  yaw=-17.4
[Ess] [ROAD] 363  x=1298.43  y=-32.57  z=-120.55  yaw=-22.0
[Ess] [ROAD] 364  x=1294.98  y=-33.20  z=-111.06  yaw=-14.2
[Ess] [ROAD] 365  x=1292.67  y=-33.53  z=-101.49  yaw=-8.0
[Ess] [ROAD] 366  x=1291.12  y=-33.59  z=-91.84  yaw=-7.5
[Ess] [ROAD] 367  x=1290.09  y=-33.51  z=-82.18  yaw=-1.2
[Ess] [ROAD] 368  x=1289.83  y=-33.25  z=-72.70  yaw=3.2
[Ess] [ROAD] 369  x=1290.19  y=-32.95  z=-63.76  yaw=2.0
[Ess] [ROAD] 370  x=1290.22  y=-32.53  z=-54.22  yaw=-3.5
[Ess] [ROAD] 371  x=1289.75  y=-32.08  z=-44.69  yaw=-3.8
[Ess] [ROAD] 372  x=1289.13  y=-31.61  z=-35.00  yaw=-4.5
[Ess] [ROAD] 373  x=1288.08  y=-31.16  z=-24.71  yaw=-8.6
[Ess] [ROAD] 374  x=1286.61  y=-30.78  z=-14.34  yaw=-8.8
[Ess] [ROAD] 375  x=1284.90  y=-30.47  z=-3.89  yaw=-10.9
[Ess] [ROAD] 376  x=1283.05  y=-30.14  z=5.98  yaw=-11.2
[Ess] [ROAD] 377  x=1281.03  y=-29.77  z=16.09  yaw=-12.9
[Ess] [ROAD] 378  x=1278.70  y=-29.38  z=26.32  yaw=-13.7
[Ess] [ROAD] 379  x=1276.25  y=-28.99  z=36.52  yaw=-13.7
[Ess] [ROAD] 380  x=1273.89  y=-28.63  z=46.26  yaw=-13.7
[Ess] [ROAD] 381  x=1271.54  y=-28.28  z=55.96  yaw=-13.6
[Ess] [ROAD] 382  x=1269.08  y=-27.96  z=66.09  yaw=-13.6
[Ess] [ROAD] 383  x=1266.61  y=-27.68  z=76.26  yaw=-13.6
[Ess] [ROAD] 384  x=1264.12  y=-27.45  z=86.54  yaw=-13.6
[Ess] [ROAD] 385  x=1261.65  y=-27.39  z=96.72  yaw=-13.6
[Ess] [ROAD] 386  x=1259.31  y=-27.40  z=106.42  yaw=-13.6
[Ess] [ROAD] 387  x=1256.89  y=-27.40  z=116.42  yaw=-13.6
[Ess] [ROAD] 388  x=1254.40  y=-27.39  z=126.72  yaw=-13.6
[Ess] [ROAD] 389  x=1251.96  y=-27.38  z=136.84  yaw=-13.6
[Ess] [ROAD] 390  x=1249.48  y=-27.36  z=147.13  yaw=-13.5
[Ess] [ROAD] 391  x=1247.14  y=-27.35  z=157.33  yaw=-10.7
[Ess] [ROAD] 392  x=1245.31  y=-27.33  z=167.54  yaw=-6.6
[Ess] [ROAD] 393  x=1244.11  y=-27.31  z=178.01  yaw=-4.0
[Ess] [ROAD] 394  x=1243.11  y=-27.30  z=187.89  yaw=-8.2
[Ess] [ROAD] 395  x=1241.70  y=-27.28  z=198.23  yaw=-8.7
[Ess] [ROAD] 396  x=1240.16  y=-27.27  z=208.55  yaw=-8.7
[Ess] [ROAD] 397  x=1238.59  y=-27.25  z=218.87  yaw=-8.7
[Ess] [ROAD] 398  x=1237.01  y=-27.23  z=229.27  yaw=-8.6
[Ess] [ROAD] 399  x=1235.43  y=-27.22  z=239.63  yaw=-8.6
[Ess] [ROAD] 400  x=1233.87  y=-27.20  z=250.02  yaw=-7.4
[Ess] [ROAD] 401  x=1232.79  y=-27.19  z=260.63  yaw=-2.1
[Ess] [ROAD] 402  x=1232.36  y=-27.19  z=270.78  yaw=-0.2
[Ess] [ROAD] 403  x=1232.30  y=-27.19  z=281.30  yaw=1.2
[Ess] [ROAD] 404  x=1232.50  y=-27.21  z=291.66  yaw=2.0
[Ess] [ROAD] 405  x=1232.86  y=-27.22  z=302.00  yaw=2.7
[Ess] [ROAD] 406  x=1233.34  y=-27.24  z=312.33  yaw=3.1
[Ess] [ROAD] 407  x=1233.89  y=-27.27  z=322.66  yaw=3.4
[Ess] [ROAD] 408  x=1234.49  y=-27.29  z=333.02  yaw=3.5
[Ess] [ROAD] 409  x=1235.14  y=-27.31  z=343.43  yaw=3.7
[Ess] [ROAD] 410  x=1235.81  y=-27.33  z=353.79  yaw=3.8
[Ess] [ROAD] 411  x=1236.50  y=-27.35  z=364.35  yaw=3.8
[Ess] [ROAD] 412  x=1237.24  y=-27.36  z=374.70  yaw=5.6
[Ess] [ROAD] 413  x=1238.52  y=-27.38  z=385.13  yaw=11.9
[Ess] [ROAD] 414  x=1240.67  y=-27.40  z=395.28  yaw=16.3
[Ess] [ROAD] 415  x=1243.78  y=-27.41  z=405.26  yaw=23.7
[Ess] [ROAD] 416  x=1247.97  y=-27.42  z=414.72  yaw=29.2
[Ess] [ROAD] 417  x=1252.62  y=-27.43  z=424.04  yaw=23.9
[Ess] [ROAD] 418  x=1256.71  y=-27.43  z=433.09  yaw=23.0
[Ess] [ROAD] 419  x=1260.66  y=-27.43  z=442.28  yaw=23.0
[Ess] [ROAD] 420  x=1264.58  y=-27.43  z=451.76  yaw=21.2
[Ess] [ROAD] 421  x=1268.43  y=-27.41  z=461.62  yaw=20.1
[Ess] [ROAD] 422  x=1271.90  y=-27.39  z=471.47  yaw=17.1
[Ess] [ROAD] 423  x=1274.82  y=-27.37  z=481.45  yaw=13.0
[Ess] [ROAD] 424  x=1277.20  y=-27.35  z=491.59  yaw=9.8
[Ess] [ROAD] 425  x=1278.93  y=-27.33  z=501.88  yaw=5.9
[Ess] [ROAD] 426  x=1280.08  y=-27.31  z=511.93  yaw=6.3
[Ess] [ROAD] 427  x=1281.51  y=-27.30  z=522.19  yaw=12.0
[Ess] [ROAD] 428  x=1283.46  y=-27.30  z=532.41  yaw=9.5
[Ess] [ROAD] 429  x=1285.17  y=-27.30  z=542.75  yaw=8.1
[Ess] [ROAD] 430  x=1286.64  y=-27.30  z=552.99  yaw=6.4
[Ess] [ROAD] 431  x=1287.53  y=-27.31  z=563.34  yaw=0.9
[Ess] [ROAD] 432  x=1287.84  y=-27.32  z=573.73  yaw=0.5
[Ess] [ROAD] 433  x=1287.98  y=-27.33  z=584.10  yaw=0.6
[Ess] [ROAD] 434  x=1288.09  y=-27.34  z=594.47  yaw=0.6
[Ess] [ROAD] 435  x=1288.20  y=-27.35  z=604.87  yaw=0.6
[Ess] [ROAD] 436  x=1288.31  y=-27.37  z=614.90  yaw=0.6
[Ess] [ROAD] 437  x=1288.43  y=-27.38  z=625.36  yaw=0.6
[Ess] [ROAD] 438  x=1288.54  y=-27.39  z=635.73  yaw=0.6
[Ess] [ROAD] 439  x=1288.69  y=-27.41  z=646.07  yaw=2.0
[Ess] [ROAD] 440  x=1289.05  y=-27.42  z=656.02  yaw=3.2
[Ess] [ROAD] 441  x=1289.59  y=-27.44  z=666.29  yaw=3.3
[Ess] [ROAD] 442  x=1290.24  y=-27.45  z=676.68  yaw=6.3
[Ess] [ROAD] 443  x=1291.91  y=-27.46  z=686.81  yaw=21.1
[Ess] [ROAD] 444  x=1295.63  y=-27.47  z=695.83  yaw=33.3
[Ess] [ROAD] 445  x=1300.21  y=-27.48  z=704.18  yaw=26.7
[Ess] [ROAD] 446  x=1304.96  y=-27.48  z=712.41  yaw=37.5
[Ess] [ROAD] 447  x=1310.54  y=-27.49  z=718.99  yaw=56.5
[Ess] [ROAD] 448  x=1317.56  y=-27.49  z=723.48  yaw=72.7
[Ess] [ROAD] 449  x=1325.06  y=-27.49  z=726.18  yaw=79.6
[Ess] [ROAD] 450  x=1332.79  y=-27.49  z=727.79  yaw=82.4
[Ess] [ROAD] 451  x=1340.37  y=-27.49  z=728.93  yaw=82.4
[Ess] [ROAD] 452  x=1347.94  y=-27.49  z=730.15  yaw=69.7
[Ess] [ROAD] 453  x=1354.77  y=-27.48  z=732.13  yaw=44.5
[Ess] [ROAD] 454  x=1358.73  y=-27.49  z=734.96  yaw=23.1
[Ess] [ROAD] 455  x=1361.37  y=-27.49  z=737.95  yaw=-0.9
[Ess] [ROAD] 456  x=1363.06  y=-27.49  z=740.65  yaw=-19.6
[Ess] [ROAD] 457  x=1364.08  y=-27.49  z=742.78  yaw=-30.2
[Ess] [ROAD] 458  x=1364.72  y=-27.49  z=744.26  yaw=-35.0
[Ess] [ROAD] 459  x=1365.70  y=-27.48  z=743.44  yaw=-34.5
[Ess] [ROAD] 460  x=1366.85  y=-27.48  z=741.55  yaw=-46.1
[Ess] [ROAD] 461  x=1368.29  y=-27.49  z=739.62  yaw=-62.9
[Ess] [ROAD] 462  x=1369.39  y=-27.49  z=738.80  yaw=-73.1
[Ess] [ROAD] 463  x=1367.51  y=-27.48  z=739.42  yaw=-72.1
[Ess] [ROAD] 464  x=1364.36  y=-27.48  z=740.20  yaw=-83.0
[Ess] [ROAD] 465  x=1359.67  y=-27.48  z=740.82  yaw=-86.8
[Ess] [ROAD] 466  x=1353.79  y=-27.49  z=741.10  yaw=-90.9
[Ess] [ROAD] 467  x=1346.76  y=-27.49  z=741.11  yaw=-91.0
[Ess] [ROAD] 468  x=1339.02  y=-27.49  z=741.01  yaw=-90.9
[Ess] [ROAD] 469  x=1330.83  y=-27.49  z=740.89  yaw=-90.9
[Ess] [ROAD] 470  x=1323.12  y=-27.48  z=740.77  yaw=-90.8
[Ess] [ROAD] 471  x=1316.40  y=-27.49  z=740.88  yaw=-82.3
[Ess] [ROAD] 472  x=1310.32  y=-27.49  z=741.97  yaw=-68.4
[Ess] [ROAD] 473  x=1304.75  y=-27.49  z=744.11  yaw=-57.6
[Ess] [ROAD] 474  x=1300.13  y=-27.49  z=747.23  yaw=-39.3
[Ess] [ROAD] 475  x=1296.93  y=-27.49  z=751.47  yaw=-16.3
[Ess] [ROAD] 476  x=1295.32  y=-27.64  z=756.50  yaw=5.7
[Ess] [ROAD] 477  x=1295.76  y=-27.90  z=761.80  yaw=24.9
[Ess] [ROAD] 478  x=1298.09  y=-28.22  z=766.85  yaw=37.6
[Ess] [ROAD] 479  x=1301.31  y=-28.55  z=772.21  yaw=25.6
[Ess] [ROAD] 480  x=1304.21  y=-28.91  z=778.46  yaw=21.6
[Ess] [ROAD] 481  x=1307.35  y=-29.42  z=785.06  yaw=32.6
[Ess] [ROAD] 482  x=1311.97  y=-29.94  z=791.93  yaw=43.2
[Ess] [ROAD] 483  x=1318.29  y=-30.47  z=798.30  yaw=56.4
[Ess] [ROAD] 484  x=1326.13  y=-30.93  z=803.48  yaw=66.1
[Ess] [ROAD] 485  x=1334.77  y=-31.39  z=807.40  yaw=72.1
[Ess] [ROAD] 486  x=1344.43  y=-31.83  z=811.04  yaw=68.2
[Ess] [ROAD] 487  x=1354.16  y=-32.22  z=814.89  yaw=67.8
[Ess] [ROAD] 488  x=1363.87  y=-32.55  z=818.85  yaw=66.7
[Ess] [ROAD] 489  x=1373.08  y=-32.79  z=822.90  yaw=63.8
[Ess] [ROAD] 490  x=1382.10  y=-32.96  z=827.60  yaw=58.2
[Ess] [ROAD] 491  x=1389.94  y=-33.07  z=832.27  yaw=57.8
[Ess] [ROAD] 492  x=1397.14  y=-33.18  z=836.78  yaw=56.3
[Ess] [ROAD] 493  x=1404.33  y=-33.24  z=841.63  yaw=54.2
[Ess] [ROAD] 494  x=1411.32  y=-33.22  z=846.57  yaw=55.9
[Ess] [ROAD] 495  x=1418.62  y=-33.04  z=851.01  yaw=65.4
[Ess] [ROAD] 496  x=1425.79  y=-32.69  z=854.56  yaw=64.1
[Ess] [ROAD] 497  x=1433.24  y=-32.08  z=858.29  yaw=65.1
[Ess] [ROAD] 498  x=1440.35  y=-31.19  z=861.08  yaw=81.9
[Ess] [ROAD] 499  x=1446.76  y=-30.15  z=862.23  yaw=87.4
[Ess] [ROAD] 500  x=1453.94  y=-28.86  z=862.71  yaw=90.4
[Ess] [ROAD] 501  x=1458.17  y=-28.05  z=862.78  yaw=64.2
[Ess] [ROAD] 502  x=1461.55  y=-27.44  z=863.51  yaw=66.9
[Ess] [ROAD] 503  x=1464.82  y=-26.87  z=864.49  yaw=72.2
[Ess] [ROAD] 504  x=1468.05  y=-26.32  z=865.38  yaw=77.0
[Ess] [ROAD] 505  x=1471.21  y=-25.77  z=865.99  yaw=83.3
[Ess] [ROAD] 506  x=1474.60  y=-25.25  z=866.39  yaw=86.9
[Ess] [ROAD] 507  x=1478.17  y=-24.74  z=866.56  yaw=90.8
[Ess] [ROAD] 508  x=1481.49  y=-24.25  z=866.62  yaw=97.5
[Ess] [ROAD] 509  x=1484.74  y=-24.00  z=866.22  yaw=103.3
[Ess] [ROAD] 510  x=1487.65  y=-24.07  z=865.67  yaw=108.7
[Ess] [ROAD] 511  x=1490.82  y=-24.15  z=864.93  yaw=109.5
[Ess] [ROAD] 512  x=1493.79  y=-24.12  z=864.01  yaw=109.5
[Ess] [ROAD] 513  x=1496.87  y=-24.16  z=862.94  yaw=109.6
[Ess] [ROAD] 514  x=1500.36  y=-24.19  z=861.81  yaw=103.9
[Ess] [ROAD] 515  x=1504.58  y=-24.19  z=860.85  yaw=98.9
[Ess] [ROAD] 516  x=1509.19  y=-24.20  z=860.16  yaw=94.8
[Ess] [ROAD] 517  x=1513.81  y=-24.20  z=859.70  yaw=94.2
[Ess] [ROAD] 518  x=1518.77  y=-24.21  z=859.30  yaw=94.2
[Ess] [ROAD] 519  x=1524.55  y=-24.18  z=858.86  yaw=94.2
[Ess] [ROAD] 520  x=1530.87  y=-24.22  z=858.40  yaw=94.1
[Ess] [ROAD] 521  x=1537.74  y=-24.23  z=857.91  yaw=94.1
[Ess] [ROAD] 522  x=1544.72  y=-24.24  z=857.41  yaw=94.1
[Ess] [ROAD] 523  x=1551.93  y=-24.24  z=856.89  yaw=94.1
[Ess] [ROAD] 524  x=1559.41  y=-24.24  z=856.42  yaw=91.6
[Ess] [ROAD] 525  x=1567.23  y=-24.26  z=856.18  yaw=90.5
[Ess] [ROAD] 526  x=1575.80  y=-24.29  z=856.07  yaw=90.5
[Ess] [ROAD] 527  x=1584.80  y=-24.29  z=855.98  yaw=90.5
[Ess] [ROAD] 528  x=1594.66  y=-24.29  z=856.02  yaw=88.1
[Ess] [ROAD] 529  x=1605.02  y=-24.29  z=856.31  yaw=87.9
[Ess] [ROAD] 530  x=1614.92  y=-24.29  z=856.65  yaw=87.9
[Ess] [ROAD] 531  x=1625.45  y=-24.30  z=857.03  yaw=87.9
[Ess] [ROAD] 532  x=1635.92  y=-24.30  z=857.41  yaw=87.9
[Ess] [ROAD] 533  x=1646.60  y=-24.30  z=857.79  yaw=87.9
[Ess] [ROAD] 534  x=1657.11  y=-24.31  z=858.17  yaw=88.0
[Ess] [ROAD] 535  x=1667.32  y=-24.31  z=858.54  yaw=88.0
[Ess] [ROAD] 536  x=1677.67  y=-24.32  z=858.91  yaw=88.0
[Ess] [ROAD] 537  x=1688.20  y=-24.17  z=859.29  yaw=88.0
[Ess] [ROAD] 538  x=1698.61  y=-24.23  z=859.65  yaw=88.0
[Ess] [ROAD] 539  x=1709.00  y=-24.33  z=859.99  yaw=89.6
[Ess] [ROAD] 540  x=1718.81  y=-24.32  z=859.81  yaw=95.1
[Ess] [ROAD] 541  x=1729.17  y=-24.28  z=859.04  yaw=95.6
[Ess] [ROAD] 542  x=1739.32  y=-24.25  z=858.09  yaw=95.5
[Ess] [ROAD] 543  x=1748.72  y=-24.24  z=857.18  yaw=95.5
[Ess] [ROAD] 544  x=1757.45  y=-24.31  z=856.35  yaw=95.6
[Ess] [ROAD] 545  x=1764.61  y=-24.30  z=855.65  yaw=95.6
[Ess] [ROAD] 546  x=1770.50  y=-24.29  z=854.98  yaw=100.3
[Ess] [ROAD] 547  x=1775.88  y=-24.29  z=853.87  yaw=106.8
[Ess] [ROAD] 548  x=1781.02  y=-24.29  z=852.24  yaw=115.3
[Ess] [ROAD] 549  x=1785.89  y=-24.29  z=849.56  yaw=133.8
[Ess] [ROAD] 550  x=1789.54  y=-24.28  z=845.79  yaw=155.4
[Ess] [ROAD] 551  x=1791.51  y=-24.21  z=841.13  yaw=177.7
[Ess] [ROAD] 552  x=1791.75  y=-24.09  z=836.00  yaw=-166.0
[Ess] [ROAD] 553  x=1790.73  y=-23.96  z=830.54  yaw=-165.6
[Ess] [ROAD] 554  x=1789.60  y=-23.78  z=824.46  yaw=-173.4
[Ess] [ROAD] 555  x=1788.73  y=-23.48  z=817.77  yaw=-174.0
[Ess] [ROAD] 556  x=1787.92  y=-22.98  z=810.38  yaw=-173.9
[Ess] [ROAD] 557  x=1787.06  y=-22.15  z=802.39  yaw=-173.8
[Ess] [ROAD] 558  x=1786.17  y=-20.70  z=794.21  yaw=-173.9
[Ess] [ROAD] 559  x=1785.30  y=-18.71  z=786.19  yaw=-173.9
[Ess] [ROAD] 560  x=1784.49  y=-16.89  z=778.74  yaw=-173.8
[Ess] [ROAD] 561  x=1783.78  y=-15.64  z=772.14  yaw=-173.8
[Ess] [ROAD] 562  x=1783.21  y=-15.19  z=766.94  yaw=-173.8
[Ess] [ROAD] 563  x=1782.75  y=-15.20  z=762.71  yaw=-173.8
[Ess] [ROAD] 564  x=1782.31  y=-15.20  z=758.58  yaw=-173.8
[Ess] [ROAD] 565  x=1781.78  y=-15.20  z=754.54  yaw=-169.1
[Ess] [ROAD] 566  x=1780.76  y=-15.20  z=750.65  yaw=-155.1
[Ess] [ROAD] 567  x=1778.84  y=-15.20  z=747.14  yaw=-135.7
[Ess] [ROAD] 568  x=1775.90  y=-15.20  z=744.11  yaw=-123.7
[Ess] [ROAD] 569  x=1772.62  y=-15.20  z=741.64  yaw=-121.8
[Ess] [ROAD] 570  x=1769.21  y=-15.29  z=739.60  yaw=-113.3
[Ess] [ROAD] 571  x=1765.36  y=-15.54  z=738.24  yaw=-96.4
[Ess] [ROAD] 572  x=1760.98  y=-15.80  z=737.92  yaw=-80.6
[Ess] [ROAD] 573  x=1756.29  y=-16.17  z=738.72  yaw=-69.6
[Ess] [ROAD] 574  x=1751.35  y=-16.57  z=740.45  yaw=-66.5
[Ess] [ROAD] 575  x=1745.79  y=-17.09  z=742.32  yaw=-78.7
[Ess] [ROAD] 576  x=1739.75  y=-17.69  z=743.36  yaw=-90.8
[Ess] [ROAD] 577  x=1733.66  y=-18.38  z=743.44  yaw=-94.7
[Ess] [ROAD] 578  x=1727.07  y=-19.13  z=743.05  yaw=-94.7
[Ess] [ROAD] 579  x=1719.79  y=-20.03  z=742.46  yaw=-96.5
[Ess] [ROAD] 580  x=1712.38  y=-20.97  z=741.47  yaw=-100.9
[Ess] [ROAD] 581  x=1704.97  y=-21.92  z=740.15  yaw=-101.2
[Ess] [ROAD] 582  x=1697.71  y=-22.85  z=738.92  yaw=-97.0
[Ess] [ROAD] 583  x=1690.47  y=-23.74  z=737.96  yaw=-96.3
[Ess] [ROAD] 584  x=1683.36  y=-24.55  z=737.13  yaw=-96.3
[Ess] [ROAD] 585  x=1676.22  y=-25.34  z=736.28  yaw=-99.2
[Ess] [ROAD] 586  x=1669.40  y=-26.02  z=734.96  yaw=-106.2
[Ess] [ROAD] 587  x=1662.99  y=-26.57  z=733.24  yaw=-108.0
[Ess] [ROAD] 588  x=1656.64  y=-27.05  z=731.06  yaw=-113.1
[Ess] [ROAD] 589  x=1650.42  y=-27.36  z=728.54  yaw=-113.6
[Ess] [ROAD] 590  x=1644.56  y=-27.51  z=725.96  yaw=-117.5
[Ess] [ROAD] 591  x=1638.86  y=-27.48  z=722.83  yaw=-125.5
[Ess] [ROAD] 592  x=1634.31  y=-27.48  z=719.38  yaw=-138.3
[Ess] [ROAD] 593  x=1631.49  y=-27.49  z=716.16  yaw=-144.2
[Ess] [ROAD] 594  x=1629.30  y=-27.49  z=712.77  yaw=-157.0
[Ess] [ROAD] 595  x=1627.65  y=-27.49  z=708.95  yaw=-163.0
[Ess] [ROAD] 596  x=1626.40  y=-27.49  z=704.43  yaw=-173.9
[Ess] [ROAD] 597  x=1625.90  y=-27.49  z=699.18  yaw=177.0
[Ess] [ROAD] 598  x=1626.17  y=-27.49  z=693.46  yaw=171.7
[Ess] [ROAD] 599  x=1627.07  y=-27.49  z=687.48  yaw=166.9
[Ess] [ROAD] 600  x=1628.51  y=-27.49  z=680.69  yaw=167.3
[Ess] [ROAD] 601  x=1629.80  y=-27.49  z=673.85  yaw=172.5
[Ess] [ROAD] 602  x=1630.79  y=-27.49  z=666.93  yaw=173.0
[Ess] [ROAD] 603  x=1631.67  y=-27.49  z=660.13  yaw=173.0
[Ess] [ROAD] 604  x=1632.51  y=-27.49  z=653.14  yaw=174.6
[Ess] [ROAD] 605  x=1632.90  y=-27.49  z=646.38  yaw=-177.4
[Ess] [ROAD] 606  x=1632.66  y=-27.49  z=639.68  yaw=-172.1
[Ess] [ROAD] 607  x=1631.77  y=-27.49  z=632.91  yaw=-167.0
[Ess] [ROAD] 608  x=1630.11  y=-27.49  z=626.28  yaw=-159.9
[Ess] [ROAD] 609  x=1627.68  y=-27.49  z=619.42  yaw=-156.9
[Ess] [ROAD] 610  x=1624.55  y=-27.49  z=612.01  yaw=-154.7
[Ess] [ROAD] 611  x=1621.09  y=-27.49  z=604.44  yaw=-157.7
[Ess] [ROAD] 612  x=1618.21  y=-27.49  z=596.95  yaw=-163.3
[Ess] [ROAD] 613  x=1615.78  y=-27.49  z=589.20  yaw=-166.3
[Ess] [ROAD] 614  x=1613.92  y=-27.49  z=581.77  yaw=-168.1
[Ess] [ROAD] 615  x=1612.24  y=-27.49  z=574.16  yaw=-168.8
[Ess] [ROAD] 616  x=1610.95  y=-27.49  z=566.41  yaw=-175.2
[Ess] [ROAD] 617  x=1610.17  y=-27.49  z=558.73  yaw=-175.3
[Ess] [ROAD] 618  x=1609.17  y=-27.49  z=551.49  yaw=-163.7
[Ess] [ROAD] 619  x=1606.79  y=-27.49  z=544.70  yaw=-144.3
[Ess] [ROAD] 620  x=1603.22  y=-27.49  z=539.19  yaw=-138.6
[Ess] [ROAD] 621  x=1599.08  y=-27.49  z=534.24  yaw=-134.3
[Ess] [ROAD] 622  x=1594.13  y=-27.48  z=529.85  yaw=-119.1
[Ess] [ROAD] 623  x=1588.29  y=-27.49  z=526.71  yaw=-104.7
[Ess] [ROAD] 624  x=1581.45  y=-27.49  z=524.99  yaw=-91.1
[Ess] [ROAD] 625  x=1573.72  y=-27.49  z=524.27  yaw=-94.8
[Ess] [ROAD] 626  x=1565.33  y=-27.49  z=523.51  yaw=-95.9
[Ess] [ROAD] 627  x=1556.82  y=-27.49  z=522.66  yaw=-95.9
[Ess] [ROAD] 628  x=1547.33  y=-27.49  z=521.44  yaw=-101.5
[Ess] [ROAD] 629  x=1537.84  y=-27.49  z=519.63  yaw=-102.6
[Ess] [ROAD] 630  x=1528.14  y=-27.49  z=517.54  yaw=-102.5
[Ess] [ROAD] 631  x=1518.17  y=-27.49  z=515.33  yaw=-102.5
[Ess] [ROAD] 632  x=1508.45  y=-27.49  z=513.18  yaw=-102.5
[Ess] [ROAD] 633  x=1498.25  y=-27.49  z=510.92  yaw=-102.5
[Ess] [ROAD] 634  x=1488.12  y=-27.48  z=508.62  yaw=-104.5
[Ess] [ROAD] 635  x=1477.93  y=-27.48  z=506.01  yaw=-105.4
[Ess] [ROAD] 636  x=1467.80  y=-27.47  z=503.09  yaw=-108.3
[Ess] [ROAD] 637  x=1457.86  y=-27.46  z=499.69  yaw=-111.7
[Ess] [ROAD] 638  x=1448.23  y=-27.45  z=495.77  yaw=-114.9
[Ess] [ROAD] 639  x=1438.82  y=-27.44  z=491.33  yaw=-118.8
[Ess] [ROAD] 640  x=1429.76  y=-27.43  z=486.25  yaw=-123.3
[Ess] [ROAD] 641  x=1420.95  y=-27.42  z=480.44  yaw=-126.6
[Ess] [ROAD] 642  x=1413.01  y=-27.41  z=474.49  yaw=-131.1
[Ess] [ROAD] 643  x=1405.29  y=-27.41  z=467.36  yaw=-141.0
[Ess] [ROAD] 644  x=1398.64  y=-27.41  z=459.51  yaw=-143.0
[Ess] [ROAD] 645  x=1392.22  y=-27.42  z=451.13  yaw=-144.7
[Ess] [ROAD] 646  x=1386.43  y=-27.43  z=442.46  yaw=-153.1
[Ess] [ROAD] 647  x=1382.03  y=-27.45  z=433.61  yaw=-159.8
[Ess] [ROAD] 648  x=1378.54  y=-27.46  z=423.70  yaw=-168.7
[Ess] [ROAD] 649  x=1376.75  y=-27.48  z=413.70  yaw=-178.1
[Ess] [ROAD] 650  x=1376.10  y=-27.49  z=403.34  yaw=-178.6
[Ess] [ROAD] 651  x=1375.77  y=-27.49  z=392.91  yaw=-178.5
[Ess] [ROAD] 652  x=1375.50  y=-27.49  z=382.98  yaw=-178.5
[Ess] [ROAD] 653  x=1375.22  y=-27.48  z=372.51  yaw=-178.5
[Ess] [ROAD] 654  x=1374.94  y=-27.44  z=361.89  yaw=-178.5
[Ess] [ROAD] 655  x=1374.66  y=-27.39  z=351.53  yaw=-178.5
[Ess] [ROAD] 656  x=1374.38  y=-27.34  z=340.92  yaw=-178.5
[Ess] [ROAD] 657  x=1374.10  y=-27.30  z=330.53  yaw=-178.4
[Ess] [ROAD] 658  x=1373.81  y=-27.25  z=319.95  yaw=-178.4
[Ess] [ROAD] 659  x=1373.52  y=-27.21  z=309.41  yaw=-178.4
[Ess] [ROAD] 660  x=1373.24  y=-27.19  z=299.10  yaw=-178.4
[Ess] [ROAD] 661  x=1372.95  y=-27.19  z=288.51  yaw=-178.4
[Ess] [ROAD] 662  x=1372.66  y=-27.19  z=278.41  yaw=-178.4
[Ess] [ROAD] 663  x=1372.38  y=-27.20  z=268.24  yaw=-178.4
[Ess] [ROAD] 664  x=1372.08  y=-27.22  z=257.76  yaw=-178.4
[Ess] [ROAD] 665  x=1371.87  y=-27.24  z=247.26  yaw=179.4
[Ess] [ROAD] 666  x=1371.93  y=-27.26  z=236.86  yaw=178.9
[Ess] [ROAD] 667  x=1372.10  y=-27.28  z=226.35  yaw=178.9
[Ess] [ROAD] 668  x=1372.28  y=-27.31  z=216.44  yaw=178.9
[Ess] [ROAD] 669  x=1372.47  y=-27.33  z=206.11  yaw=178.9
[Ess] [ROAD] 670  x=1372.66  y=-27.35  z=196.18  yaw=178.9
[Ess] [ROAD] 671  x=1372.83  y=-27.37  z=187.02  yaw=178.9
[Ess] [ROAD] 672  x=1372.97  y=-27.39  z=179.32  yaw=178.9
[Ess] [ROAD] 673  x=1373.07  y=-27.40  z=173.18  yaw=-179.6
[Ess] [ROAD] 674  x=1372.79  y=-27.40  z=167.44  yaw=-171.5
[Ess] [ROAD] 675  x=1372.01  y=-27.41  z=161.86  yaw=-166.7
[Ess] [ROAD] 676  x=1370.44  y=-27.41  z=156.47  yaw=-151.5
[Ess] [ROAD] 677  x=1367.42  y=-27.41  z=151.59  yaw=-129.6
[Ess] [ROAD] 678  x=1362.81  y=-27.41  z=148.04  yaw=-106.4
[Ess] [ROAD] 679  x=1357.28  y=-27.41  z=146.29  yaw=-94.0
[Ess] [ROAD] 680  x=1351.02  y=-27.41  z=145.14  yaw=-104.7
[Ess] [ROAD] 681  x=1344.45  y=-27.41  z=142.95  yaw=-119.0
[Ess] [ROAD] 682  x=1338.43  y=-27.41  z=139.94  yaw=-120.6
[Ess] [ROAD] 683  x=1332.53  y=-27.41  z=136.59  yaw=-120.6
[Ess] [ROAD] 684  x=1326.71  y=-27.41  z=133.19  yaw=-120.6
[Ess] [ROAD] 685  x=1321.00  y=-27.41  z=129.82  yaw=-120.5
[Ess] [ROAD] 686  x=1315.35  y=-27.41  z=126.49  yaw=-120.5
[Ess] [ROAD] 687  x=1309.71  y=-27.41  z=123.16  yaw=-120.5
[Ess] [ROAD] 688  x=1304.20  y=-27.41  z=119.91  yaw=-120.5
[Ess] [ROAD] 689  x=1298.76  y=-27.41  z=116.70  yaw=-120.5
[Ess] [ROAD] 690  x=1293.36  y=-27.40  z=113.51  yaw=-120.5
[Ess] [ROAD] 691  x=1288.72  y=-27.40  z=110.78  yaw=-120.8
[Ess] [ROAD] 692  x=1285.51  y=-27.40  z=108.56  yaw=-128.4
[Ess] [ROAD] 693  x=1283.44  y=-27.40  z=106.49  yaw=-139.8
[Ess] [ROAD] 694  x=1281.53  y=-27.40  z=104.16  yaw=-144.5
[Ess] [ROAD] 695  x=1279.85  y=-27.40  z=101.59  yaw=-154.0
[Ess] [ROAD] 696  x=1278.60  y=-27.41  z=98.36  yaw=-171.7
[Ess] [ROAD] 697  x=1277.99  y=-27.39  z=94.40  yaw=-174.8
[Ess] [ROAD] 698  x=1277.40  y=-27.51  z=89.83  yaw=-168.4
[Ess] [ROAD] 699  x=1276.31  y=-27.51  z=84.67  yaw=-166.3
[Ess] [ROAD] 700  x=1275.28  y=-27.68  z=78.72  yaw=-176.9
[Ess] [ROAD] 701  x=1274.81  y=-27.84  z=71.96  yaw=-179.9
[Ess] [ROAD] 702  x=1274.91  y=-28.04  z=64.51  yaw=174.8
[Ess] [ROAD] 703  x=1275.78  y=-28.30  z=56.36  yaw=169.8
[Ess] [ROAD] 704  x=1277.25  y=-28.61  z=47.42  yaw=169.7
[Ess] [ROAD] 705  x=1278.99  y=-28.97  z=37.66  yaw=169.7
[Ess] [ROAD] 706  x=1280.81  y=-29.35  z=27.61  yaw=169.7
[Ess] [ROAD] 707  x=1282.66  y=-29.73  z=17.35  yaw=169.7
[Ess] [ROAD] 708  x=1284.76  y=-30.11  z=7.09  yaw=165.8
[Ess] [ROAD] 709  x=1287.22  y=-30.46  z=-3.10  yaw=166.9
[Ess] [ROAD] 710  x=1289.27  y=-30.77  z=-13.31  yaw=173.4
[Ess] [ROAD] 711  x=1290.46  y=-31.13  z=-23.70  yaw=177.8
[Ess] [ROAD] 712  x=1290.94  y=-31.58  z=-34.14  yaw=178.7
[Ess] [ROAD] 713  x=1291.46  y=-32.08  z=-44.68  yaw=175.2
[Ess] [ROAD] 714  x=1292.26  y=-32.58  z=-55.08  yaw=175.1
[Ess] [ROAD] 715  x=1293.16  y=-33.04  z=-65.75  yaw=175.1
[Ess] [ROAD] 716  x=1294.05  y=-33.34  z=-76.09  yaw=175.1
[Ess] [ROAD] 717  x=1294.95  y=-33.58  z=-86.44  yaw=173.8
[Ess] [ROAD] 718  x=1296.31  y=-33.55  z=-96.80  yaw=169.2
[Ess] [ROAD] 719  x=1298.25  y=-33.30  z=-107.10  yaw=166.9
[Ess] [ROAD] 720  x=1300.61  y=-32.76  z=-117.45  yaw=165.2
[Ess] [ROAD] 721  x=1303.44  y=-31.75  z=-127.50  yaw=160.4
[Ess] [ROAD] 722  x=1307.18  y=-30.50  z=-137.17  yaw=150.9
[Ess] [ROAD] 723  x=1312.32  y=-29.08  z=-146.26  yaw=144.5
[Ess] [ROAD] 724  x=1318.11  y=-27.65  z=-154.85  yaw=145.8
[Ess] [ROAD] 725  x=1323.82  y=-26.30  z=-163.56  yaw=148.3
[Ess] [ROAD] 726  x=1329.38  y=-25.07  z=-172.46  yaw=148.5
[Ess] [ROAD] 727  x=1334.84  y=-23.83  z=-181.35  yaw=148.5
[Ess] [ROAD] 728  x=1340.30  y=-22.42  z=-190.28  yaw=148.6
[Ess] [ROAD] 729  x=1345.62  y=-20.91  z=-199.28  yaw=153.7
[Ess] [ROAD] 730  x=1350.26  y=-19.35  z=-208.75  yaw=157.5
[Ess] [ROAD] 731  x=1354.27  y=-17.85  z=-218.09  yaw=157.7
[Ess] [ROAD] 732  x=1358.19  y=-16.35  z=-227.54  yaw=157.7
[Ess] [ROAD] 733  x=1361.82  y=-14.89  z=-237.07  yaw=165.4
[Ess] [ROAD] 734  x=1364.32  y=-13.54  z=-246.88  yaw=171.1
[Ess] [ROAD] 735  x=1366.20  y=-12.31  z=-256.54  yaw=166.1
[Ess] [ROAD] 736  x=1368.60  y=-11.17  z=-266.18  yaw=163.4
[Ess] [ROAD] 737  x=1370.84  y=-10.16  z=-275.53  yaw=173.4
[Ess] [ROAD] 738  x=1372.06  y=-9.22  z=-285.03  yaw=175.9
[Ess] [ROAD] 739  x=1373.20  y=-8.36  z=-294.41  yaw=169.2
[Ess] [ROAD] 740  x=1374.67  y=-7.58  z=-303.61  yaw=174.3
[Ess] [ROAD] 741  x=1375.47  y=-6.89  z=-312.36  yaw=178.7
[Ess] [ROAD] 742  x=1375.82  y=-6.21  z=-321.51  yaw=179.0
[Ess] [ROAD] 743  x=1376.03  y=-5.57  z=-330.56  yaw=178.9
[Ess] [ROAD] 744  x=1376.20  y=-4.98  z=-339.38  yaw=178.9
[Ess] [ROAD] 745  x=1376.34  y=-4.50  z=-347.11  yaw=178.9
[Ess] [ROAD] 746  x=1376.48  y=-4.11  z=-354.21  yaw=178.9
[Ess] [ROAD] 747  x=1376.59  y=-3.83  z=-360.12  yaw=178.9
[Ess] [ROAD] 748  x=1376.70  y=-3.60  z=-365.83  yaw=178.9
[Ess] [ROAD] 749  x=1376.80  y=-3.40  z=-371.46  yaw=179.0
[Ess] [ROAD] 750  x=1376.73  y=-3.24  z=-377.03  yaw=-173.8
[Ess] [ROAD] 751  x=1375.85  y=-3.15  z=-382.25  yaw=-157.1
[Ess] [ROAD] 752  x=1373.94  y=-3.14  z=-386.85  yaw=-147.4
[Ess] [ROAD] 753  x=1371.34  y=-3.14  z=-391.06  yaw=-141.6
[Ess] [ROAD] 754  x=1367.96  y=-3.14  z=-395.26  yaw=-134.0
[Ess] [ROAD] 755  x=1363.68  y=-3.03  z=-399.17  yaw=-124.9
[Ess] [ROAD] 756  x=1358.87  y=-2.44  z=-402.72  yaw=-122.9
[Ess] [ROAD] 757  x=1353.38  y=-1.66  z=-406.08  yaw=-115.3
[Ess] [ROAD] 758  x=1347.59  y=-0.85  z=-408.96  yaw=-113.6
[Ess] [ROAD] 759  x=1341.85  y=-0.02  z=-411.52  yaw=-110.6
[Ess] [ROAD] 760  x=1335.98  y=0.85  z=-413.50  yaw=-101.5
[Ess] [ROAD] 761  x=1330.03  y=1.78  z=-414.83  yaw=-96.2
[Ess] [ROAD] 762  x=1323.95  y=2.88  z=-415.59  yaw=-92.4
[Ess] [ROAD] 763  x=1317.68  y=3.97  z=-415.84  yaw=-82.9
[Ess] [ROAD] 764  x=1311.68  y=5.08  z=-415.29  yaw=-66.8
[Ess] [ROAD] 765  x=1306.25  y=6.05  z=-413.67  yaw=-57.9
[Ess] [ROAD] 766  x=1301.38  y=7.03  z=-411.20  yaw=-57.4
[Ess] [ROAD] 767  x=1296.36  y=8.08  z=-408.15  yaw=-57.3
[Ess] [ROAD] 768  x=1290.95  y=9.22  z=-404.99  yaw=-65.2
[Ess] [ROAD] 769  x=1285.35  y=10.40  z=-402.34  yaw=-69.2
[Ess] [ROAD] 770  x=1279.65  y=11.52  z=-400.23  yaw=-74.3
[Ess] [ROAD] 771  x=1273.95  y=12.42  z=-398.55  yaw=-78.0
[Ess] [ROAD] 772  x=1268.51  y=13.14  z=-397.33  yaw=-79.6
[Ess] [ROAD] 773  x=1262.82  y=13.67  z=-396.23  yaw=-80.4
[Ess] [ROAD] 774  x=1257.18  y=13.90  z=-395.41  yaw=-84.9
[Ess] [ROAD] 775  x=1251.53  y=14.02  z=-394.84  yaw=-85.5
[Ess] [ROAD] 776  x=1245.95  y=14.18  z=-394.41  yaw=-87.6
[Ess] [ROAD] 777  x=1240.18  y=14.43  z=-394.14  yaw=-88.2
[Ess] [ROAD] 778  x=1233.94  y=14.71  z=-393.92  yaw=-90.1
[Ess] [ROAD] 779  x=1227.67  y=15.03  z=-393.92  yaw=-91.3
[Ess] [ROAD] 780  x=1220.90  y=15.38  z=-394.05  yaw=-91.8
[Ess] [ROAD] 781  x=1213.53  y=15.78  z=-394.25  yaw=-91.9
[Ess] [ROAD] 782  x=1206.14  y=16.19  z=-394.48  yaw=-91.8
[Ess] [ROAD] 783  x=1198.76  y=16.61  z=-394.71  yaw=-91.8
[Ess] [ROAD] 784  x=1191.03  y=17.14  z=-394.97  yaw=-91.8
[Ess] [ROAD] 785  x=1183.47  y=17.65  z=-395.15  yaw=-88.4
[Ess] [ROAD] 786  x=1175.91  y=18.16  z=-394.93  yaw=-85.8
[Ess] [ROAD] 787  x=1168.44  y=18.65  z=-394.46  yaw=-85.1
[Ess] [ROAD] 788  x=1161.10  y=19.28  z=-393.57  yaw=-78.0
[Ess] [ROAD] 789  x=1154.04  y=19.90  z=-392.19  yaw=-76.7
[Ess] [ROAD] 790  x=1147.00  y=20.53  z=-390.56  yaw=-76.6
[Ess] [ROAD] 791  x=1140.08  y=21.20  z=-388.90  yaw=-76.6
[Ess] [ROAD] 792  x=1133.25  y=21.85  z=-387.23  yaw=-76.5
[Ess] [ROAD] 793  x=1126.54  y=22.52  z=-385.46  yaw=-71.1
[Ess] [ROAD] 794  x=1120.01  y=23.18  z=-383.22  yaw=-67.5
[Ess] [ROAD] 795  x=1113.24  y=23.91  z=-380.34  yaw=-61.8
[Ess] [ROAD] 796  x=1106.61  y=24.63  z=-376.76  yaw=-57.5
[Ess] [ROAD] 797  x=1100.34  y=25.34  z=-372.87  yaw=-54.7
[Ess] [ROAD] 798  x=1094.89  y=26.02  z=-368.61  yaw=-41.3
[Ess] [ROAD] 799  x=1090.20  y=26.73  z=-363.43  yaw=-34.9
[Ess] [ROAD] 800  x=1085.94  y=27.51  z=-357.32  yaw=-27.2
[Ess] [ROAD] 801  x=1082.40  y=28.29  z=-350.73  yaw=-24.2
[Ess] [ROAD] 802  x=1079.34  y=29.07  z=-343.97  yaw=-19.7
[Ess] [ROAD] 803  x=1077.13  y=29.82  z=-337.17  yaw=-11.8
[Ess] [ROAD] 804  x=1075.40  y=30.57  z=-329.87  yaw=-13.4
[Ess] [ROAD] 805  x=1073.41  y=31.38  z=-322.44  yaw=-17.6
[Ess] [ROAD] 806  x=1071.17  y=32.14  z=-315.20  yaw=-19.5
[Ess] [ROAD] 807  x=1068.56  y=32.91  z=-308.09  yaw=-22.3
[Ess] [ROAD] 808  x=1065.53  y=33.74  z=-300.51  yaw=-22.2
[Ess] [ROAD] 809  x=1062.32  y=34.62  z=-292.45  yaw=-20.2
[Ess] [ROAD] 810  x=1059.28  y=35.49  z=-284.12  yaw=-19.3
[Ess] [ROAD] 811  x=1056.41  y=36.47  z=-275.86  yaw=-19.4
[Ess] [ROAD] 812  x=1053.35  y=37.52  z=-267.02  yaw=-20.1
[Ess] [ROAD] 813  x=1050.06  y=38.61  z=-257.76  yaw=-20.2
[Ess] [ROAD] 814  x=1046.77  y=39.69  z=-248.64  yaw=-20.1
[Ess] [ROAD] 815  x=1043.47  y=40.77  z=-239.52  yaw=-20.1
[Ess] [ROAD] 816  x=1040.19  y=41.86  z=-230.51  yaw=-20.1
[Ess] [ROAD] 817  x=1036.92  y=43.06  z=-221.59  yaw=-21.4
[Ess] [ROAD] 818  x=1033.47  y=44.21  z=-212.88  yaw=-25.3
[Ess] [ROAD] 819  x=1029.40  y=45.40  z=-204.50  yaw=-31.7
[Ess] [ROAD] 820  x=1024.50  y=46.83  z=-196.88  yaw=-40.3
[Ess] [ROAD] 821  x=1018.65  y=48.21  z=-190.17  yaw=-49.1
[Ess] [ROAD] 822  x=1012.03  y=49.68  z=-184.46  yaw=-56.9
[Ess] [ROAD] 823  x=1004.91  y=51.26  z=-179.92  yaw=-66.8
[Ess] [ROAD] 824  x=997.29  y=52.85  z=-177.10  yaw=-87.1
[Ess] [ROAD] 825  x=989.87  y=54.32  z=-176.56  yaw=-104.5
[Ess] [ROAD] 826  x=983.08  y=55.41  z=-177.77  yaw=-115.9
[Ess] [ROAD] 827  x=977.11  y=56.30  z=-180.45  yaw=-129.2
[Ess] [ROAD] 828  x=971.81  y=56.81  z=-184.16  yaw=-132.1
[Ess] [ROAD] 829  x=966.39  y=57.40  z=-188.77  yaw=-132.4
[Ess] [ROAD] 830  x=961.07  y=57.87  z=-193.92  yaw=-139.8
[Ess] [ROAD] 831  x=956.19  y=58.31  z=-199.50  yaw=-141.6
[Ess] [ROAD] 832  x=951.14  y=58.78  z=-205.75  yaw=-142.2
[Ess] [ROAD] 833  x=946.23  y=59.23  z=-212.36  yaw=-147.0
[Ess] [ROAD] 834  x=941.21  y=59.71  z=-219.87  yaw=-147.6
[Ess] [ROAD] 835  x=936.31  y=60.18  z=-227.65  yaw=-150.8
[Ess] [ROAD] 836  x=932.13  y=60.32  z=-235.60  yaw=-157.2
[Ess] [ROAD] 837  x=928.93  y=60.47  z=-243.80  yaw=-169.9
[Ess] [ROAD] 838  x=927.46  y=60.62  z=-251.74  yaw=-178.0
[Ess] [ROAD] 839  x=926.54  y=60.75  z=-259.96  yaw=-170.3
[Ess] [ROAD] 840  x=925.25  y=60.80  z=-268.10  yaw=-171.0
[Ess] [ROAD] 841  x=924.31  y=60.82  z=-276.23  yaw=-178.0
[Ess] [ROAD] 842  x=923.67  y=60.83  z=-284.51  yaw=-171.8
[Ess] [ROAD] 843  x=922.41  y=60.85  z=-292.95  yaw=-168.1
[Ess] [ROAD] 844  x=920.76  y=60.88  z=-301.28  yaw=-167.9
[Ess] [ROAD] 845  x=918.96  y=60.91  z=-309.83  yaw=-168.2
[Ess] [ROAD] 846  x=917.06  y=60.94  z=-318.84  yaw=-168.6
[Ess] [ROAD] 847  x=915.17  y=60.97  z=-328.14  yaw=-168.5
[Ess] [ROAD] 848  x=913.41  y=60.97  z=-337.17  yaw=-171.6
[Ess] [ROAD] 849  x=912.10  y=60.93  z=-346.22  yaw=-173.3
[Ess] [ROAD] 850  x=910.68  y=60.92  z=-355.20  yaw=-167.9
[Ess] [ROAD] 851  x=908.89  y=60.89  z=-364.10  yaw=-167.4
[Ess] [ROAD] 852  x=906.78  y=60.84  z=-372.71  yaw=-160.6
[Ess] [ROAD] 853  x=903.71  y=60.76  z=-380.87  yaw=-153.5
[Ess] [ROAD] 854  x=900.03  y=60.65  z=-388.69  yaw=-153.1
[Ess] [ROAD] 855  x=896.01  y=60.39  z=-396.22  yaw=-144.5
[Ess] [ROAD] 856  x=890.98  y=60.15  z=-402.60  yaw=-128.3
[Ess] [ROAD] 857  x=885.08  y=59.94  z=-407.79  yaw=-120.5
[Ess] [ROAD] 858  x=878.60  y=59.44  z=-412.11  yaw=-114.8
[Ess] [ROAD] 859  x=871.37  y=59.08  z=-415.78  yaw=-112.9
[Ess] [ROAD] 860  x=864.11  y=58.68  z=-419.27  yaw=-121.0
[Ess] [ROAD] 861  x=858.14  y=58.26  z=-423.15  yaw=-136.7
[Ess] [ROAD] 862  x=853.51  y=57.77  z=-427.46  yaw=-140.3
[Ess] [ROAD] 863  x=849.44  y=57.12  z=-432.10  yaw=-142.9
[Ess] [ROAD] 864  x=846.00  y=56.31  z=-436.81  yaw=-155.5
[Ess] [ROAD] 865  x=844.00  y=55.62  z=-441.38  yaw=-171.6
[Ess] [ROAD] 866  x=842.96  y=55.02  z=-446.18  yaw=-179.8
[Ess] [ROAD] 867  x=843.05  y=54.56  z=-451.36  yaw=164.3
[Ess] [ROAD] 868  x=844.48  y=54.15  z=-456.01  yaw=147.8
[Ess] [ROAD] 869  x=846.59  y=53.68  z=-460.20  yaw=147.7
[Ess] [ROAD] 870  x=848.66  y=53.25  z=-464.32  yaw=157.4
[Ess] [ROAD] 871  x=850.37  y=52.85  z=-468.55  yaw=164.0
[Ess] [ROAD] 872  x=851.37  y=52.41  z=-472.89  yaw=177.2
[Ess] [ROAD] 873  x=851.69  y=51.96  z=-477.15  yaw=-178.9
[Ess] [ROAD] 874  x=851.71  y=51.51  z=-481.35  yaw=-177.0
[Ess] [ROAD] 875  x=851.36  y=51.13  z=-485.45  yaw=-168.2
[Ess] [ROAD] 876  x=850.55  y=50.80  z=-489.33  yaw=-161.7
[Ess] [ROAD] 877  x=849.30  y=50.48  z=-492.97  yaw=-154.6
[Ess] [ROAD] 878  x=847.44  y=50.20  z=-496.58  yaw=-145.1
[Ess] [ROAD] 879  x=844.97  y=49.91  z=-500.28  yaw=-145.4
[Ess] [ROAD] 880  x=842.71  y=49.61  z=-504.17  yaw=-158.0
[Ess] [ROAD] 881  x=840.87  y=49.28  z=-508.62  yaw=-161.8
[Ess] [ROAD] 882  x=839.09  y=48.91  z=-513.72  yaw=-161.8
[Ess] [ROAD] 883  x=837.32  y=48.52  z=-519.00  yaw=-161.8
[Ess] [ROAD] 884  x=835.59  y=48.09  z=-524.25  yaw=-161.8
[Ess] [ROAD] 885  x=833.88  y=47.60  z=-529.45  yaw=-161.8
[Ess] [ROAD] 886  x=832.18  y=47.07  z=-534.53  yaw=-161.7
[Ess] [ROAD] 887  x=830.59  y=46.43  z=-539.61  yaw=-165.8
[Ess] [ROAD] 888  x=829.44  y=45.83  z=-544.66  yaw=-171.8
[Ess] [ROAD] 889  x=828.81  y=45.17  z=-550.21  yaw=179.6
[Ess] [ROAD] 890  x=828.81  y=44.47  z=-556.26  yaw=173.9
[Ess] [ROAD] 891  x=829.51  y=43.79  z=-562.22  yaw=166.2
[Ess] [ROAD] 892  x=830.90  y=43.09  z=-568.53  yaw=166.8
[Ess] [ROAD] 893  x=832.13  y=42.34  z=-575.32  yaw=175.2
[Ess] [ROAD] 894  x=833.03  y=41.56  z=-582.16  yaw=171.3
[Ess] [ROAD] 895  x=834.00  y=40.73  z=-588.93  yaw=168.5
[Ess] [ROAD] 896  x=835.03  y=39.69  z=-595.54  yaw=176.2
[Ess] [ROAD] 897  x=835.52  y=38.71  z=-602.17  yaw=179.0
[Ess] [ROAD] 898  x=835.76  y=37.47  z=-608.66  yaw=-179.3
[Ess] [ROAD] 899  x=835.36  y=36.30  z=-615.06  yaw=-165.5
[Ess] [ROAD] 900  x=833.78  y=35.10  z=-620.86  yaw=-150.5
[Ess] [ROAD] 901  x=831.58  y=33.55  z=-626.38  yaw=-145.6
[Ess] [ROAD] 902  x=828.51  y=32.33  z=-631.10  yaw=-138.7
[Ess] [ROAD] 903  x=824.88  y=31.08  z=-635.14  yaw=-131.5
[Ess] [ROAD] 904  x=821.10  y=29.61  z=-638.97  yaw=-138.7
[Ess] [ROAD] 905  x=817.67  y=28.19  z=-642.99  yaw=-145.9
[Ess] [ROAD] 906  x=814.46  y=26.86  z=-647.71  yaw=-150.8
[Ess] [ROAD] 907  x=811.95  y=25.76  z=-652.77  yaw=-163.7
[Ess] [ROAD] 908  x=810.46  y=24.63  z=-658.12  yaw=-172.3
[Ess] [ROAD] 909  x=809.54  y=23.68  z=-664.06  yaw=-176.3
[Ess] [ROAD] 910  x=809.08  y=23.01  z=-670.14  yaw=-178.6
[Ess] [ROAD] 911  x=808.99  y=22.92  z=-675.84  yaw=176.6
[Ess] [ROAD] 912  x=809.30  y=22.93  z=-682.08  yaw=175.3
[Ess] [ROAD] 913  x=809.64  y=22.59  z=-688.41  yaw=179.1
[Ess] [ROAD] 914  x=809.81  y=22.03  z=-694.83  yaw=-179.4
[Ess] [ROAD] 915  x=809.68  y=21.49  z=-701.10  yaw=-174.3
[Ess] [ROAD] 916  x=809.03  y=20.83  z=-707.23  yaw=-167.4
[Ess] [ROAD] 917  x=807.67  y=20.07  z=-713.09  yaw=-160.6
[Ess] [ROAD] 918  x=805.86  y=19.32  z=-718.65  yaw=-156.3
[Ess] [ROAD] 919  x=803.46  y=18.54  z=-723.68  yaw=-142.0
[Ess] [ROAD] 920  x=800.14  y=17.83  z=-727.69  yaw=-121.9
[Ess] [ROAD] 921  x=796.09  y=17.19  z=-730.26  yaw=-101.3
[Ess] [ROAD] 922  x=791.67  y=16.53  z=-731.70  yaw=-96.8
[Ess] [ROAD] 923  x=787.13  y=15.98  z=-732.74  yaw=-102.6
[Ess] [ROAD] 924  x=782.13  y=15.44  z=-733.89  yaw=-103.1
[Ess] [ROAD] 925  x=776.63  y=14.85  z=-735.15  yaw=-102.9
[Ess] [ROAD] 926  x=771.09  y=14.28  z=-736.39  yaw=-102.9
[Ess] [ROAD] 927  x=765.65  y=13.72  z=-737.65  yaw=-105.0
[Ess] [ROAD] 928  x=760.35  y=12.99  z=-739.18  yaw=-109.5
[Ess] [ROAD] 929  x=755.33  y=12.17  z=-741.05  yaw=-117.8
[Ess] [ROAD] 930  x=750.96  y=11.40  z=-743.69  yaw=-134.6
[Ess] [ROAD] 931  x=747.39  y=10.62  z=-747.21  yaw=-143.4
[Ess] [ROAD] 932  x=744.28  y=9.81  z=-751.30  yaw=-151.8
[Ess] [ROAD] 933  x=742.02  y=9.01  z=-755.79  yaw=-162.4
[Ess] [ROAD] 934  x=740.22  y=8.20  z=-760.72  yaw=-163.1
[Ess] [ROAD] 935  x=738.49  y=7.43  z=-766.33  yaw=-163.2
[Ess] [ROAD] 936  x=736.44  y=6.57  z=-772.70  yaw=-162.4
[Ess] [ROAD] 937  x=734.28  y=5.74  z=-779.65  yaw=-162.8
[Ess] [ROAD] 938  x=731.91  y=5.32  z=-787.28  yaw=-162.7
[Ess] [ROAD] 939  x=729.42  y=5.15  z=-795.30  yaw=-162.9
[Ess] [ROAD] 940  x=726.97  y=5.13  z=-804.28  yaw=-168.2
[Ess] [ROAD] 941  x=725.02  y=5.19  z=-813.59  yaw=-171.0
[Ess] [ROAD] 942  x=723.45  y=5.16  z=-822.77  yaw=-171.2
[Ess] [ROAD] 943  x=722.01  y=4.57  z=-831.94  yaw=-171.2
[Ess] [ROAD] 944  x=720.61  y=4.05  z=-841.13  yaw=-171.8
[Ess] [ROAD] 945  x=719.57  y=3.51  z=-850.20  yaw=-178.4
[Ess] [ROAD] 946  x=719.45  y=2.77  z=-859.26  yaw=175.2
[Ess] [ROAD] 947  x=720.30  y=2.19  z=-868.10  yaw=166.2
[Ess] [ROAD] 948  x=722.26  y=1.89  z=-876.53  yaw=160.1
[Ess] [ROAD] 949  x=725.09  y=1.56  z=-884.59  yaw=155.5
[Ess] [ROAD] 950  x=728.63  y=1.25  z=-892.29  yaw=151.7
[Ess] [ROAD] 951  x=732.56  y=0.96  z=-899.89  yaw=151.5
[Ess] [ROAD] 952  x=736.76  y=0.76  z=-907.48  yaw=148.4
[Ess] [ROAD] 953  x=741.10  y=0.60  z=-914.60  yaw=146.9
[Ess] [ROAD] 954  x=745.86  y=0.13  z=-921.86  yaw=142.9
[Ess] [ROAD] 955  x=751.22  y=-0.27  z=-928.54  yaw=134.5
[Ess] [ROAD] 956  x=757.11  y=-0.83  z=-934.61  yaw=133.7
[Ess] [ROAD] 957  x=763.05  y=-1.70  z=-940.41  yaw=133.8
[Ess] [ROAD] 958  x=768.84  y=-2.52  z=-946.29  yaw=140.1
[Ess] [ROAD] 959  x=773.97  y=-3.28  z=-952.28  yaw=142.1
[Ess] [ROAD] 960  x=778.14  y=-3.80  z=-957.38  yaw=142.0
[Ess] [ROAD] 961  x=781.37  y=-4.16  z=-961.30  yaw=135.7
[Ess] [ROAD] 962  x=785.01  y=-4.30  z=-964.56  yaw=120.8
[Ess] [ROAD] 963  x=789.41  y=-4.30  z=-967.37  yaw=117.7
[Ess] [ROAD] 964  x=794.45  y=-4.31  z=-970.14  yaw=117.2
[Ess] [ROAD] 965  x=800.32  y=-4.05  z=-972.97  yaw=111.3
[Ess] [ROAD] 966  x=806.84  y=-3.21  z=-975.52  yaw=106.5
[Ess] [ROAD] 967  x=814.16  y=-1.98  z=-977.53  yaw=99.6
[Ess] [ROAD] 968  x=821.60  y=-0.48  z=-979.00  yaw=95.3
[Ess] [ROAD] 969  x=829.07  y=0.99  z=-979.86  yaw=92.8
[Ess] [ROAD] 970  x=836.52  y=2.53  z=-980.26  yaw=87.9
[Ess] [ROAD] 971  x=843.84  y=4.12  z=-980.15  yaw=85.7
[Ess] [ROAD] 972  x=851.00  y=5.44  z=-979.77  yaw=86.9
[Ess] [ROAD] 973  x=858.08  y=6.64  z=-979.93  yaw=101.3
[Ess] [ROAD] 974  x=864.70  y=7.93  z=-981.20  yaw=111.5
[Ess] [ROAD] 975  x=871.14  y=8.64  z=-982.84  yaw=103.1
[Ess] [ROAD] 976  x=877.60  y=9.47  z=-984.34  yaw=97.6
[Ess] [ROAD] 977  x=884.12  y=10.22  z=-985.33  yaw=97.5
[Ess] [ROAD] 978  x=890.79  y=10.93  z=-986.27  yaw=97.7
[Ess] [ROAD] 979  x=897.47  y=11.58  z=-987.41  yaw=104.5
[Ess] [ROAD] 980  x=903.93  y=11.97  z=-988.94  yaw=103.9
[Ess] [ROAD] 981  x=910.23  y=12.37  z=-990.20  yaw=96.9
[Ess] [ROAD] 982  x=916.66  y=12.77  z=-991.09  yaw=96.0
[Ess] [ROAD] 983  x=923.31  y=12.96  z=-991.85  yaw=96.0
[Ess] [ROAD] 984  x=930.12  y=12.99  z=-992.56  yaw=96.0
[Ess] [ROAD] 985  x=936.94  y=12.98  z=-993.29  yaw=96.0
[Ess] [ROAD] 986  x=943.70  y=12.92  z=-994.02  yaw=96.0
[Ess] [ROAD] 987  x=950.36  y=12.82  z=-994.72  yaw=96.0
[Ess] [ROAD] 988  x=956.95  y=12.69  z=-995.45  yaw=97.5
[Ess] [ROAD] 989  x=963.44  y=12.56  z=-996.45  yaw=101.5
[Ess] [ROAD] 990  x=970.00  y=12.37  z=-997.66  yaw=101.6
[Ess] [ROAD] 991  x=976.90  y=12.13  z=-999.05  yaw=102.6
[Ess] [ROAD] 992  x=983.57  y=11.87  z=-1000.79  yaw=110.2
[Ess] [ROAD] 993  x=989.96  y=11.51  z=-1003.09  yaw=114.7
[Ess] [ROAD] 994  x=996.26  y=11.14  z=-1006.15  yaw=121.9
[Ess] [ROAD] 995  x=1002.37  y=10.75  z=-1009.74  yaw=122.6
[Ess] [ROAD] 996  x=1008.83  y=10.31  z=-1013.78  yaw=122.3
[Ess] [ROAD] 997  x=1015.90  y=9.77  z=-1018.03  yaw=119.2
[Ess] [ROAD] 998  x=1023.44  y=9.10  z=-1022.82  yaw=128.1
[Ess] [ROAD] 999  x=1031.01  y=8.46  z=-1028.49  yaw=126.6
[Ess] [ROAD] 1000  x=1039.22  y=7.74  z=-1034.45  yaw=125.0
[Ess] [ROAD] 1001  x=1047.71  y=7.08  z=-1040.47  yaw=125.1
[Ess] [ROAD] 1002  x=1056.26  y=6.62  z=-1046.50  yaw=125.1
[Ess] [ROAD] 1003  x=1064.86  y=6.27  z=-1052.58  yaw=125.2
[Ess] [ROAD] 1004  x=1073.36  y=6.24  z=-1058.56  yaw=125.0
[Ess] [ROAD] 1005  x=1081.63  y=6.24  z=-1064.16  yaw=122.1
[Ess] [ROAD] 1006  x=1090.44  y=6.26  z=-1069.93  yaw=126.9
[Ess] [ROAD] 1007  x=1098.07  y=6.26  z=-1076.01  yaw=134.8
[Ess] [ROAD] 1008  x=1105.43  y=6.23  z=-1082.99  yaw=135.4
[Ess] [ROAD] 1009  x=1112.46  y=6.20  z=-1090.22  yaw=140.5
[Ess] [ROAD] 1010  x=1118.57  y=6.24  z=-1098.13  yaw=148.9
[Ess] [ROAD] 1011  x=1123.85  y=6.22  z=-1106.39  yaw=149.5
[Ess] [ROAD] 1012  x=1128.99  y=6.29  z=-1114.96  yaw=149.9
[Ess] [ROAD] 1013  x=1133.80  y=6.28  z=-1123.94  yaw=157.4
[Ess] [ROAD] 1014  x=1137.82  y=6.26  z=-1133.27  yaw=160.2
[Ess] [ROAD] 1015  x=1140.94  y=6.27  z=-1142.87  yaw=170.9
[Ess] [ROAD] 1016  x=1142.49  y=6.26  z=-1152.37  yaw=176.6
[Ess] [ROAD] 1017  x=1143.33  y=6.27  z=-1162.33  yaw=177.2
[Ess] [ROAD] 1018  x=1143.86  y=6.28  z=-1172.72  yaw=177.9
[Ess] [ROAD] 1019  x=1144.19  y=6.30  z=-1183.14  yaw=179.9
[Ess] [ROAD] 1020  x=1144.19  y=6.26  z=-1193.52  yaw=-179.3
[Ess] [ROAD] 1021  x=1144.12  y=6.26  z=-1203.98  yaw=-178.7
[Ess] [ROAD] 1022  x=1143.58  y=6.23  z=-1214.19  yaw=-171.7
[Ess] [ROAD] 1023  x=1142.21  y=6.26  z=-1224.41  yaw=-170.7
[Ess] [ROAD] 1024  x=1140.74  y=6.29  z=-1234.65  yaw=-175.2
[Ess] [ROAD] 1025  x=1139.98  y=6.39  z=-1244.63  yaw=-178.9
[Ess] [ROAD] 1026  x=1139.66  y=6.49  z=-1254.70  yaw=-179.1
[Ess] [ROAD] 1027  x=1139.51  y=6.58  z=-1264.66  yaw=178.7
[Ess] [ROAD] 1028  x=1139.82  y=6.68  z=-1274.50  yaw=173.1
[Ess] [ROAD] 1029  x=1141.33  y=6.74  z=-1284.11  yaw=161.5
[Ess] [ROAD] 1030  x=1144.35  y=6.66  z=-1292.84  yaw=153.6
[Ess] [ROAD] 1031  x=1148.30  y=6.59  z=-1301.41  yaw=153.2
[Ess] [ROAD] 1032  x=1152.75  y=6.42  z=-1310.43  yaw=153.2
[Ess] [ROAD] 1033  x=1157.40  y=6.33  z=-1319.63  yaw=153.1
[Ess] [ROAD] 1034  x=1162.13  y=6.34  z=-1328.83  yaw=151.1
[Ess] [ROAD] 1035  x=1166.92  y=6.38  z=-1337.57  yaw=150.3
[Ess] [ROAD] 1036  x=1171.95  y=6.42  z=-1346.46  yaw=150.3
[Ess] [ROAD] 1037  x=1176.89  y=6.49  z=-1355.60  yaw=157.5
[Ess] [ROAD] 1038  x=1180.63  y=6.50  z=-1365.08  yaw=166.2
[Ess] [ROAD] 1039  x=1183.38  y=6.32  z=-1374.98  yaw=165.1
[Ess] [ROAD] 1040  x=1186.15  y=5.78  z=-1385.09  yaw=164.0
[Ess] [ROAD] 1041  x=1189.01  y=5.32  z=-1395.17  yaw=164.0
[Ess] [ROAD] 1042  x=1191.88  y=4.82  z=-1405.23  yaw=164.0
[Ess] [ROAD] 1043  x=1194.80  y=4.25  z=-1415.66  yaw=166.2
[Ess] [ROAD] 1044  x=1197.06  y=3.69  z=-1425.45  yaw=170.1
[Ess] [ROAD] 1045  x=1198.74  y=3.11  z=-1435.69  yaw=174.8
[Ess] [ROAD] 1046  x=1199.63  y=2.56  z=-1446.04  yaw=-179.9
[Ess] [ROAD] 1047  x=1199.96  y=2.02  z=-1456.55  yaw=177.8
[Ess] [ROAD] 1048  x=1200.34  y=1.46  z=-1466.96  yaw=177.5
[Ess] [ROAD] 1049  x=1200.79  y=1.13  z=-1477.45  yaw=177.5
[Ess] [ROAD] 1050  x=1201.21  y=0.82  z=-1487.97  yaw=177.5
[Ess] [ROAD] 1051  x=1201.62  y=0.66  z=-1498.43  yaw=177.5
[Ess] [ROAD] 1052  x=1202.08  y=0.63  z=-1508.94  yaw=177.5
[Ess] [ROAD] 1053  x=1202.55  y=0.64  z=-1518.88  yaw=177.5
[Ess] [ROAD] 1054  x=1202.99  y=0.79  z=-1529.40  yaw=177.6
[Ess] [ROAD] 1055  x=1203.43  y=0.94  z=-1539.97  yaw=177.6
[Ess] [ROAD] 1056  x=1203.85  y=1.37  z=-1550.40  yaw=178.1
[Ess] [ROAD] 1057  x=1203.98  y=2.07  z=-1560.96  yaw=-176.4
[Ess] [ROAD] 1058  x=1203.42  y=3.01  z=-1571.36  yaw=-176.8
[Ess] [ROAD] 1059  x=1202.90  y=3.87  z=-1581.27  yaw=-177.6
[Ess] [ROAD] 1060  x=1202.43  y=4.77  z=-1591.71  yaw=-177.6
[Ess] [ROAD] 1061  x=1201.96  y=5.64  z=-1602.18  yaw=-177.3
[Ess] [ROAD] 1062  x=1201.45  y=5.96  z=-1612.69  yaw=-175.5
[Ess] [ROAD] 1063  x=1200.70  y=5.95  z=-1622.58  yaw=-172.8
[Ess] [ROAD] 1064  x=1199.09  y=5.85  z=-1632.47  yaw=-162.6
[Ess] [ROAD] 1065  x=1196.33  y=5.68  z=-1642.32  yaw=-162.4
[Ess] [ROAD] 1066  x=1193.71  y=5.46  z=-1651.93  yaw=-168.5
[Ess] [ROAD] 1067  x=1191.40  y=5.16  z=-1661.52  yaw=-162.7
[Ess] [ROAD] 1068  x=1188.30  y=4.82  z=-1671.06  yaw=-157.8
[Ess] [ROAD] 1069  x=1185.17  y=4.49  z=-1680.28  yaw=-165.6
[Ess] [ROAD] 1070  x=1182.67  y=4.15  z=-1689.47  yaw=-166.7
[Ess] [ROAD] 1071  x=1180.38  y=3.68  z=-1698.87  yaw=-166.7
[Ess] [ROAD] 1072  x=1178.13  y=2.51  z=-1708.12  yaw=-166.6
[Ess] [ROAD] 1073  x=1176.14  y=1.22  z=-1717.38  yaw=-171.0
[Ess] [ROAD] 1074  x=1174.26  y=-0.95  z=-1726.69  yaw=-173.0
[Ess] [ROAD] 1075  x=1172.33  y=-3.97  z=-1736.05  yaw=-175.2
[Ess] [ROAD] 1076  x=1171.54  y=-6.60  z=-1745.25  yaw=167.1
[Ess] [ROAD] 1077  x=1171.60  y=-9.36  z=-1754.26  yaw=176.6
[Ess] [ROAD] 1078  x=1171.44  y=-11.67  z=-1762.35  yaw=-173.8
[Ess] [ROAD] 1079  x=1170.79  y=-13.64  z=-1770.28  yaw=-172.7
[Ess] [ROAD] 1080  x=1169.47  y=-15.39  z=-1777.98  yaw=-164.0
[Ess] [ROAD] 1081  x=1167.15  y=-17.18  z=-1785.07  yaw=-154.5
[Ess] [ROAD] 1082  x=1164.25  y=-18.75  z=-1792.23  yaw=-162.1
[Ess] [ROAD] 1083  x=1162.44  y=-18.42  z=-1798.98  yaw=-173.5
[Ess] [ROAD] 1084  x=1161.00  y=-18.54  z=-1805.83  yaw=177.1
[Ess] [ROAD] 1085  x=1160.17  y=-19.01  z=-1812.57  yaw=174.9
[Ess] [ROAD] 1086  x=1159.86  y=-20.08  z=-1819.56  yaw=162.9
[Ess] [ROAD] 1087  x=1160.87  y=-21.03  z=-1825.71  yaw=145.5
[Ess] [ROAD] 1088  x=1163.22  y=-21.96  z=-1831.03  yaw=148.0
[Ess] [ROAD] 1089  x=1165.84  y=-22.83  z=-1836.10  yaw=154.3
[Ess] [ROAD] 1090  x=1168.17  y=-23.63  z=-1841.18  yaw=158.4
[Ess] [ROAD] 1091  x=1170.08  y=-24.13  z=-1846.41  yaw=165.9
[Ess] [ROAD] 1092  x=1171.40  y=-24.45  z=-1851.67  yaw=170.5
[Ess] [ROAD] 1093  x=1172.26  y=-24.64  z=-1856.91  yaw=174.1
[Ess] [ROAD] 1094  x=1172.90  y=-24.65  z=-1862.09  yaw=174.4
[Ess] [ROAD] 1095  x=1173.40  y=-24.83  z=-1866.93  yaw=174.4
[Ess] [ROAD] 1096  x=1173.92  y=-25.09  z=-1872.04  yaw=174.5
[Ess] [ROAD] 1097  x=1174.23  y=-25.09  z=-1877.04  yaw=-178.1
[Ess] [ROAD] 1098  x=1173.91  y=-25.09  z=-1881.65  yaw=-168.3
[Ess] [ROAD] 1099  x=1173.03  y=-25.09  z=-1886.29  yaw=-162.8
[Ess] [ROAD] 1100  x=1171.67  y=-25.09  z=-1890.63  yaw=-156.5
[Ess] [ROAD] 1101  x=1169.74  y=-25.07  z=-1894.64  yaw=-143.9
[Ess] [ROAD] 1102  x=1167.22  y=-24.93  z=-1897.82  yaw=-126.1
[Ess] [ROAD] 1103  x=1164.26  y=-24.97  z=-1899.90  yaw=-107.6
[Ess] [ROAD] 1104  x=1161.19  y=-25.19  z=-1901.14  yaw=-100.4
[Ess] [ROAD] 1105  x=1157.73  y=-25.56  z=-1901.89  yaw=-98.0
[Ess] [ROAD] 1106  x=1153.72  y=-26.01  z=-1902.47  yaw=-97.9
[Ess] [ROAD] 1107  x=1149.24  y=-26.27  z=-1903.35  yaw=-104.3
[Ess] [ROAD] 1108  x=1144.18  y=-26.54  z=-1904.59  yaw=-106.0
[Ess] [ROAD] 1109  x=1138.70  y=-26.79  z=-1906.35  yaw=-112.6
[Ess] [ROAD] 1110  x=1132.86  y=-26.96  z=-1908.91  yaw=-120.4
[Ess] [ROAD] 1111  x=1127.32  y=-27.12  z=-1912.19  yaw=-128.5
[Ess] [ROAD] 1112  x=1122.03  y=-27.28  z=-1916.25  yaw=-131.5
[Ess] [ROAD] 1113  x=1116.69  y=-27.55  z=-1921.13  yaw=-136.8
[Ess] [ROAD] 1114  x=1111.35  y=-28.14  z=-1926.84  yaw=-143.2
[Ess] [ROAD] 1115  x=1106.27  y=-29.09  z=-1933.39  yaw=-147.5
[Ess] [ROAD] 1116  x=1101.47  y=-29.46  z=-1941.04  yaw=-152.1
[Ess] [ROAD] 1117  x=1097.14  y=-29.09  z=-1949.32  yaw=-157.3
[Ess] [ROAD] 1118  x=1093.42  y=-28.45  z=-1957.97  yaw=-159.2
[Ess] [ROAD] 1119  x=1090.11  y=-27.84  z=-1966.61  yaw=-162.0
[Ess] [ROAD] 1120  x=1087.36  y=-27.50  z=-1975.28  yaw=-164.8
[Ess] [ROAD] 1121  x=1084.54  y=-27.67  z=-1983.76  yaw=-154.5
[Ess] [ROAD] 1122  x=1080.79  y=-28.11  z=-1991.86  yaw=-150.8
[Ess] [ROAD] 1123  x=1076.09  y=-28.38  z=-1999.99  yaw=-143.5
[Ess] [ROAD] 1124  x=1070.06  y=-28.34  z=-2007.69  yaw=-131.4
[Ess] [ROAD] 1125  x=1062.74  y=-28.15  z=-2013.86  yaw=-120.2
[Ess] [ROAD] 1126  x=1054.27  y=-27.76  z=-2019.06  yaw=-117.1
[Ess] [ROAD] 1127  x=1045.07  y=-27.13  z=-2023.65  yaw=-110.9
[Ess] [ROAD] 1128  x=1035.37  y=-26.73  z=-2027.26  yaw=-103.6
[Ess] [ROAD] 1129  x=1025.40  y=-26.84  z=-2030.14  yaw=-99.4
[Ess] [ROAD] 1130  x=1014.99  y=-26.82  z=-2031.88  yaw=-94.5
[Ess] [ROAD] 1131  x=1004.71  y=-26.83  z=-2033.06  yaw=-96.7
[Ess] [ROAD] 1132  x=994.32  y=-26.83  z=-2034.27  yaw=-96.8
[Ess] [ROAD] 1133  x=983.68  y=-26.83  z=-2035.55  yaw=-97.5
[Ess] [ROAD] 1134  x=973.47  y=-26.83  z=-2037.10  yaw=-101.2
[Ess] [ROAD] 1135  x=963.25  y=-26.83  z=-2039.02  yaw=-101.3
[Ess] [ROAD] 1136  x=953.21  y=-26.83  z=-2041.04  yaw=-102.8
[Ess] [ROAD] 1137  x=943.55  y=-26.83  z=-2043.22  yaw=-103.6
[Ess] [ROAD] 1138  x=934.27  y=-26.82  z=-2045.43  yaw=-103.6
[Ess] [ROAD] 1139  x=926.18  y=-26.83  z=-2047.34  yaw=-100.8
[Ess] [ROAD] 1140  x=918.24  y=-26.90  z=-2048.73  yaw=-96.6
[Ess] [ROAD] 1141  x=910.20  y=-27.71  z=-2049.90  yaw=-96.1
[Ess] [ROAD] 1142  x=902.40  y=-28.62  z=-2050.85  yaw=-96.2
[Ess] [ROAD] 1143  x=894.46  y=-29.63  z=-2051.72  yaw=-96.2
[Ess] [ROAD] 1144  x=886.51  y=-30.60  z=-2052.58  yaw=-96.2
[Ess] [ROAD] 1145  x=878.73  y=-31.60  z=-2053.45  yaw=-97.5
[Ess] [ROAD] 1146  x=871.21  y=-32.54  z=-2054.83  yaw=-110.1
[Ess] [ROAD] 1147  x=864.59  y=-32.96  z=-2057.37  yaw=-122.1
[Ess] [ROAD] 1148  x=858.75  y=-32.93  z=-2061.15  yaw=-137.6
[Ess] [ROAD] 1149  x=854.58  y=-32.93  z=-2066.00  yaw=-158.7
[Ess] [ROAD] 1150  x=852.55  y=-32.93  z=-2071.46  yaw=-178.6
[Ess] [ROAD] 1151  x=851.96  y=-32.93  z=-2077.57  yaw=178.9
[Ess] [ROAD] 1152  x=851.91  y=-32.92  z=-2084.29  yaw=179.1
[Ess] [ROAD] 1153  x=851.98  y=-32.92  z=-2091.68  yaw=179.2
[Ess] [ROAD] 1154  x=852.08  y=-32.91  z=-2099.50  yaw=179.2
[Ess] [ROAD] 1155  x=852.20  y=-32.91  z=-2108.09  yaw=179.2
[Ess] [ROAD] 1156  x=852.32  y=-32.90  z=-2117.35  yaw=179.3
[Ess] [ROAD] 1157  x=852.44  y=-32.90  z=-2127.21  yaw=179.3
[Ess] [ROAD] 1158  x=852.58  y=-32.90  z=-2137.45  yaw=179.3
[Ess] [ROAD] 1159  x=852.70  y=-32.90  z=-2147.41  yaw=179.3
[Ess] [ROAD] 1160  x=852.82  y=-32.90  z=-2157.62  yaw=179.3
[Ess] [ROAD] 1161  x=852.95  y=-32.90  z=-2167.96  yaw=179.3
[Ess] [ROAD] 1162  x=853.07  y=-32.90  z=-2178.41  yaw=179.3
[Ess] [ROAD] 1163  x=853.19  y=-32.88  z=-2188.80  yaw=179.4
[Ess] [ROAD] 1164  x=853.31  y=-32.89  z=-2199.20  yaw=179.4
[Ess] [ROAD] 1165  x=853.42  y=-32.93  z=-2209.63  yaw=179.5
[Ess] [ROAD] 1166  x=853.33  y=-32.93  z=-2220.12  yaw=-176.3
[Ess] [ROAD] 1167  x=852.60  y=-32.92  z=-2230.55  yaw=-172.7
[Ess] [ROAD] 1168  x=851.28  y=-32.92  z=-2240.93  yaw=-170.3
[Ess] [ROAD] 1169  x=849.53  y=-32.92  z=-2251.20  yaw=-168.7
[Ess] [ROAD] 1170  x=847.58  y=-32.92  z=-2261.53  yaw=-170.4
[Ess] [ROAD] 1171  x=845.83  y=-32.92  z=-2271.82  yaw=-171.0
[Ess] [ROAD] 1172  x=844.14  y=-32.92  z=-2282.31  yaw=-171.0
[Ess] [ROAD] 1173  x=842.48  y=-32.92  z=-2292.70  yaw=-171.0
[Ess] [ROAD] 1174  x=840.84  y=-32.85  z=-2303.00  yaw=-171.0
[Ess] [ROAD] 1175  x=839.18  y=-33.00  z=-2313.46  yaw=-171.0
[Ess] [ROAD] 1176  x=837.53  y=-33.06  z=-2323.73  yaw=-170.1
[Ess] [ROAD] 1177  x=835.56  y=-33.11  z=-2334.09  yaw=-166.6
[Ess] [ROAD] 1178  x=833.18  y=-33.16  z=-2344.24  yaw=-166.5
[Ess] [ROAD] 1179  x=830.84  y=-33.21  z=-2354.48  yaw=-168.1
[Ess] [ROAD] 1180  x=828.64  y=-33.27  z=-2364.75  yaw=-168.1
[Ess] [ROAD] 1181  x=826.63  y=-33.32  z=-2375.00  yaw=-170.7
[Ess] [ROAD] 1182  x=824.87  y=-33.38  z=-2385.31  yaw=-170.8
[Ess] [ROAD] 1183  x=823.18  y=-33.31  z=-2395.67  yaw=-170.8
[Ess] [ROAD] 1184  x=821.54  y=-33.48  z=-2405.99  yaw=-172.7
[Ess] [ROAD] 1185  x=820.14  y=-33.54  z=-2416.46  yaw=-173.6
[Ess] [ROAD] 1186  x=819.05  y=-33.58  z=-2426.80  yaw=-176.1
[Ess] [ROAD] 1187  x=818.28  y=-33.62  z=-2437.43  yaw=-177.8
[Ess] [ROAD] 1188  x=817.85  y=-33.65  z=-2447.72  yaw=-178.6
[Ess] [ROAD] 1189  x=817.70  y=-33.69  z=-2458.19  yaw=178.3
[Ess] [ROAD] 1190  x=817.94  y=-33.71  z=-2468.68  yaw=177.7
[Ess] [ROAD] 1191  x=818.30  y=-33.74  z=-2478.61  yaw=177.8
[Ess] [ROAD] 1192  x=818.64  y=-33.76  z=-2489.03  yaw=179.5
[Ess] [ROAD] 1193  x=818.67  y=-33.70  z=-2499.53  yaw=-178.2
[Ess] [ROAD] 1194  x=818.43  y=-33.77  z=-2510.00  yaw=-176.8
[Ess] [ROAD] 1195  x=817.98  y=-33.79  z=-2520.50  yaw=-178.3
[Ess] [ROAD] 1196  x=817.66  y=-33.81  z=-2531.04  yaw=-178.9
[Ess] [ROAD] 1197  x=817.45  y=-33.82  z=-2541.43  yaw=-179.7
[Ess] [ROAD] 1198  x=817.46  y=-33.83  z=-2551.91  yaw=178.8
[Ess] [ROAD] 1199  x=817.73  y=-33.84  z=-2562.41  yaw=175.9
[Ess] [ROAD] 1200  x=818.52  y=-33.86  z=-2572.81  yaw=172.3
[Ess] [ROAD] 1201  x=819.84  y=-33.87  z=-2583.21  yaw=170.8
[Ess] [ROAD] 1202  x=821.41  y=-33.88  z=-2593.03  yaw=169.6
[Ess] [ROAD] 1203  x=823.36  y=-33.89  z=-2603.32  yaw=167.6
[Ess] [ROAD] 1204  x=825.74  y=-33.91  z=-2613.59  yaw=164.6
[Ess] [ROAD] 1205  x=828.56  y=-33.94  z=-2623.64  yaw=162.2
[Ess] [ROAD] 1206  x=831.83  y=-33.96  z=-2633.55  yaw=159.0
[Ess] [ROAD] 1207  x=835.66  y=-33.98  z=-2643.33  yaw=156.3
[Ess] [ROAD] 1208  x=839.90  y=-34.01  z=-2652.85  yaw=153.8
[Ess] [ROAD] 1209  x=844.44  y=-34.04  z=-2662.28  yaw=153.7
[Ess] [ROAD] 1210  x=849.12  y=-34.07  z=-2671.72  yaw=152.3
[Ess] [ROAD] 1211  x=853.96  y=-34.10  z=-2680.89  yaw=150.2
[Ess] [ROAD] 1212  x=859.15  y=-34.11  z=-2689.99  yaw=149.2
[Ess] [ROAD] 1213  x=864.46  y=-34.07  z=-2699.00  yaw=149.1
[Ess] [ROAD] 1214  x=869.88  y=-34.17  z=-2707.94  yaw=147.4
[Ess] [ROAD] 1215  x=875.50  y=-34.20  z=-2716.90  yaw=147.3
[Ess] [ROAD] 1216  x=881.10  y=-34.22  z=-2725.66  yaw=147.3
[Ess] [ROAD] 1217  x=886.79  y=-34.14  z=-2734.51  yaw=147.3
[Ess] [ROAD] 1218  x=892.45  y=-34.24  z=-2743.35  yaw=147.3
[Ess] [ROAD] 1219  x=898.23  y=-34.23  z=-2752.10  yaw=143.1
[Ess] [ROAD] 1220  x=904.52  y=-33.89  z=-2760.56  yaw=141.5
[Ess] [ROAD] 1221  x=911.09  y=-33.45  z=-2768.71  yaw=138.9
[Ess] [ROAD] 1222  x=917.97  y=-32.84  z=-2776.59  yaw=136.2
[Ess] [ROAD] 1223  x=925.19  y=-32.20  z=-2784.17  yaw=135.0
[Ess] [ROAD] 1224  x=932.57  y=-31.45  z=-2791.63  yaw=135.1
[Ess] [ROAD] 1225  x=939.97  y=-30.67  z=-2799.06  yaw=135.1
[Ess] [ROAD] 1226  x=947.39  y=-29.82  z=-2806.51  yaw=135.1
[Ess] [ROAD] 1227  x=954.80  y=-28.94  z=-2813.94  yaw=135.1
[Ess] [ROAD] 1228  x=962.19  y=-28.05  z=-2821.34  yaw=134.1
[Ess] [ROAD] 1229  x=969.93  y=-27.16  z=-2828.37  yaw=125.7
[Ess] [ROAD] 1230  x=978.52  y=-26.29  z=-2834.14  yaw=113.2
[Ess] [ROAD] 1231  x=987.91  y=-25.44  z=-2838.58  yaw=114.1
[Ess] [ROAD] 1232  x=997.11  y=-24.51  z=-2843.30  yaw=126.4
[Ess] [ROAD] 1233  x=1005.29  y=-23.74  z=-2849.25  yaw=133.3
[Ess] [ROAD] 1234  x=1012.91  y=-22.95  z=-2855.99  yaw=133.8
[Ess] [ROAD] 1235  x=1020.23  y=-22.25  z=-2863.31  yaw=140.4
[Ess] [ROAD] 1236  x=1026.76  y=-21.64  z=-2871.37  yaw=146.9
[Ess] [ROAD] 1237  x=1032.87  y=-21.18  z=-2879.87  yaw=142.5
[Ess] [ROAD] 1238  x=1039.27  y=-20.81  z=-2888.10  yaw=138.4
[Ess] [ROAD] 1239  x=1046.00  y=-20.87  z=-2896.03  yaw=132.7
[Ess] [ROAD] 1240  x=1053.57  y=-20.87  z=-2903.17  yaw=127.2
[Ess] [ROAD] 1241  x=1061.88  y=-20.63  z=-2909.54  yaw=124.1
[Ess] [ROAD] 1242  x=1070.50  y=-19.52  z=-2915.38  yaw=120.7
[Ess] [ROAD] 1243  x=1079.49  y=-18.19  z=-2920.73  yaw=117.1
[Ess] [ROAD] 1244  x=1088.77  y=-16.85  z=-2925.31  yaw=112.2
[Ess] [ROAD] 1245  x=1098.31  y=-15.82  z=-2929.04  yaw=104.7
[Ess] [ROAD] 1246  x=1108.15  y=-15.24  z=-2931.91  yaw=102.8
[Ess] [ROAD] 1247  x=1118.15  y=-14.80  z=-2934.52  yaw=107.5
[Ess] [ROAD] 1248  x=1128.07  y=-14.49  z=-2937.74  yaw=111.2
[Ess] [ROAD] 1249  x=1137.95  y=-14.29  z=-2941.27  yaw=108.9
[Ess] [ROAD] 1250  x=1147.87  y=-14.13  z=-2944.69  yaw=108.6
[Ess] [ROAD] 1251  x=1157.82  y=-13.98  z=-2947.92  yaw=106.1
[Ess] [ROAD] 1252  x=1167.88  y=-13.88  z=-2950.82  yaw=103.9
[Ess] [ROAD] 1253  x=1178.05  y=-13.90  z=-2953.41  yaw=103.4
[Ess] [ROAD] 1254  x=1188.24  y=-13.90  z=-2955.86  yaw=103.4
[Ess] [ROAD] 1255  x=1198.41  y=-13.93  z=-2958.29  yaw=103.4
[Ess] [ROAD] 1256  x=1208.62  y=-14.05  z=-2960.73  yaw=103.4
[Ess] [ROAD] 1257  x=1218.84  y=-14.20  z=-2963.16  yaw=103.4
[Ess] [ROAD] 1258  x=1229.08  y=-14.35  z=-2965.61  yaw=103.4
[Ess] [ROAD] 1259  x=1239.25  y=-14.50  z=-2967.88  yaw=99.3
[Ess] [ROAD] 1260  x=1249.54  y=-14.65  z=-2969.61  yaw=97.8
[Ess] [ROAD] 1261  x=1259.93  y=-14.83  z=-2971.11  yaw=97.9
[Ess] [ROAD] 1262  x=1270.36  y=-15.01  z=-2972.56  yaw=97.9
[Ess] [ROAD] 1263  x=1280.73  y=-15.18  z=-2974.01  yaw=97.9
[Ess] [ROAD] 1264  x=1291.13  y=-15.35  z=-2975.25  yaw=94.6
[Ess] [ROAD] 1265  x=1301.57  y=-15.49  z=-2976.17  yaw=94.4
[Ess] [ROAD] 1266  x=1312.00  y=-15.63  z=-2977.00  yaw=94.5
[Ess] [ROAD] 1267  x=1322.45  y=-15.74  z=-2977.82  yaw=94.5
[Ess] [ROAD] 1268  x=1332.93  y=-15.76  z=-2978.63  yaw=94.5
[Ess] [ROAD] 1269  x=1343.40  y=-15.80  z=-2979.46  yaw=94.5
[Ess] [ROAD] 1270  x=1353.81  y=-15.82  z=-2980.26  yaw=93.5
[Ess] [ROAD] 1271  x=1364.41  y=-15.82  z=-2980.81  yaw=91.5
[Ess] [ROAD] 1272  x=1374.78  y=-15.82  z=-2981.14  yaw=91.5
[Ess] [ROAD] 1273  x=1385.30  y=-15.82  z=-2981.43  yaw=91.6
[Ess] [ROAD] 1274  x=1395.75  y=-15.81  z=-2981.71  yaw=91.6
[Ess] [ROAD] 1275  x=1405.71  y=-15.81  z=-2981.99  yaw=91.6
[Ess] [ROAD] 1276  x=1416.13  y=-15.81  z=-2982.27  yaw=91.6
[Ess] [ROAD] 1277  x=1426.60  y=-15.81  z=-2982.56  yaw=91.6
[Ess] [ROAD] 1278  x=1437.06  y=-15.81  z=-2982.85  yaw=91.6
[Ess] [ROAD] 1279  x=1447.55  y=-15.80  z=-2983.14  yaw=91.6
[Ess] [ROAD] 1280  x=1458.02  y=-15.80  z=-2983.44  yaw=91.6
[Ess] [ROAD] 1281  x=1468.54  y=-15.80  z=-2983.59  yaw=88.6
[Ess] [ROAD] 1282  x=1478.53  y=-15.80  z=-2983.42  yaw=88.2
[Ess] [ROAD] 1283  x=1488.82  y=-15.78  z=-2983.30  yaw=92.0
[Ess] [ROAD] 1284  x=1499.26  y=-15.73  z=-2983.72  yaw=95.1
[Ess] [ROAD] 1285  x=1509.69  y=-15.73  z=-2984.57  yaw=94.3
[Ess] [ROAD] 1286  x=1520.11  y=-15.71  z=-2985.02  yaw=87.2
[Ess] [ROAD] 1287  x=1530.59  y=-15.72  z=-2984.68  yaw=86.3
[Ess] [ROAD] 1288  x=1541.05  y=-15.73  z=-2984.08  yaw=86.3
[Ess] [ROAD] 1289  x=1551.46  y=-15.75  z=-2983.14  yaw=80.5
[Ess] [ROAD] 1290  x=1561.82  y=-15.76  z=-2981.52  yaw=79.3
[Ess] [ROAD] 1291  x=1572.27  y=-15.77  z=-2979.62  yaw=79.4
[Ess] [ROAD] 1292  x=1582.56  y=-15.78  z=-2977.71  yaw=79.4
[Ess] [ROAD] 1293  x=1592.79  y=-15.78  z=-2975.81  yaw=79.5
[Ess] [ROAD] 1294  x=1603.17  y=-15.78  z=-2973.87  yaw=79.5
[Ess] [ROAD] 1295  x=1613.41  y=-15.78  z=-2971.97  yaw=79.5
[Ess] [ROAD] 1296  x=1623.73  y=-15.78  z=-2970.05  yaw=79.5
[Ess] [ROAD] 1297  x=1634.05  y=-15.78  z=-2968.13  yaw=79.5
[Ess] [ROAD] 1298  x=1644.34  y=-15.78  z=-2966.22  yaw=79.5
[Ess] [ROAD] 1299  x=1654.65  y=-15.78  z=-2964.31  yaw=79.5
[Ess] [ROAD] 1300  x=1664.99  y=-15.78  z=-2962.40  yaw=79.5
[Ess] [ROAD] 1301  x=1675.31  y=-15.78  z=-2960.57  yaw=81.6
[Ess] [ROAD] 1302  x=1685.64  y=-15.78  z=-2959.09  yaw=83.7
[Ess] [ROAD] 1303  x=1696.11  y=-15.78  z=-2957.86  yaw=82.8
[Ess] [ROAD] 1304  x=1706.48  y=-15.77  z=-2956.54  yaw=82.2
[Ess] [ROAD] 1305  x=1716.92  y=-15.78  z=-2955.14  yaw=82.3
[Ess] [ROAD] 1306  x=1727.26  y=-15.78  z=-2953.74  yaw=82.3
[Ess] [ROAD] 1307  x=1737.68  y=-15.78  z=-2952.33  yaw=82.3
[Ess] [ROAD] 1308  x=1747.86  y=-15.78  z=-2950.95  yaw=82.3
[Ess] [ROAD] 1309  x=1756.88  y=-15.78  z=-2949.73  yaw=82.3
[Ess] [ROAD] 1310  x=1764.64  y=-15.78  z=-2948.67  yaw=82.3
[Ess] [ROAD] 1311  x=1772.28  y=-15.78  z=-2947.64  yaw=82.3
[Ess] [ROAD] 1312  x=1779.82  y=-15.78  z=-2946.62  yaw=82.3
[Ess] [ROAD] 1313  x=1787.29  y=-15.78  z=-2945.60  yaw=82.3
[Ess] [ROAD] 1314  x=1794.60  y=-15.78  z=-2944.61  yaw=82.3
[Ess] [ROAD] 1315  x=1800.71  y=-15.78  z=-2943.79  yaw=82.3
[Ess] [ROAD] 1316  x=1805.32  y=-15.78  z=-2943.16  yaw=82.3
[Ess] [ROAD] 1317  x=1809.32  y=-15.78  z=-2942.57  yaw=79.2
[Ess] [ROAD] 1318  x=1813.36  y=-15.78  z=-2941.52  yaw=66.0
[Ess] [ROAD] 1319  x=1817.23  y=-15.78  z=-2939.49  yaw=46.5
[Ess] [ROAD] 1320  x=1820.03  y=-15.79  z=-2936.60  yaw=24.9
[Ess] [ROAD] 1321  x=1821.54  y=-15.79  z=-2932.84  yaw=0.4
[Ess] [ROAD] 1322  x=1821.79  y=-15.79  z=-2928.57  yaw=-7.2
[Ess] [ROAD] 1323  x=1821.41  y=-15.80  z=-2923.81  yaw=-7.4
[Ess] [ROAD] 1324  x=1820.79  y=-15.81  z=-2918.50  yaw=-7.3
[Ess] [ROAD] 1325  x=1820.19  y=-15.81  z=-2912.83  yaw=-3.3
[Ess] [ROAD] 1326  x=1819.91  y=-15.82  z=-2906.52  yaw=1.7
[Ess] [ROAD] 1327  x=1820.00  y=-15.78  z=-2899.37  yaw=-0.1
[Ess] [ROAD] 1328  x=1819.96  y=-15.85  z=-2891.57  yaw=-1.5
[Ess] [ROAD] 1329  x=1819.79  y=-15.86  z=-2883.12  yaw=-1.4
[Ess] [ROAD] 1330  x=1819.57  y=-15.87  z=-2874.03  yaw=-1.4
[Ess] [ROAD] 1331  x=1819.33  y=-15.88  z=-2864.16  yaw=-1.4
[Ess] [ROAD] 1332  x=1819.08  y=-15.87  z=-2853.93  yaw=-1.4
[Ess] [ROAD] 1333  x=1818.83  y=-15.90  z=-2843.44  yaw=-1.3
[Ess] [ROAD] 1334  x=1818.60  y=-15.89  z=-2832.97  yaw=-0.5
[Ess] [ROAD] 1335  x=1818.76  y=-15.89  z=-2822.48  yaw=5.5
[Ess] [ROAD] 1336  x=1819.76  y=-15.89  z=-2812.09  yaw=8.0
[Ess] [ROAD] 1337  x=1820.87  y=-15.89  z=-2801.69  yaw=3.6
[Ess] [ROAD] 1338  x=1821.58  y=-15.89  z=-2791.72  yaw=3.2
[Ess] [ROAD] 1339  x=1822.21  y=-15.89  z=-2781.10  yaw=3.2
[Ess] [ROAD] 1340  x=1822.80  y=-15.89  z=-2770.79  yaw=3.3
[Ess] [ROAD] 1341  x=1823.40  y=-15.89  z=-2760.24  yaw=3.3
[Ess] [ROAD] 1342  x=1824.00  y=-15.70  z=-2749.71  yaw=3.3
[Ess] [ROAD] 1343  x=1824.63  y=-15.37  z=-2739.37  yaw=4.7
[Ess] [ROAD] 1344  x=1825.74  y=-15.00  z=-2728.94  yaw=10.6
[Ess] [ROAD] 1345  x=1827.71  y=-14.57  z=-2718.59  yaw=14.8
[Ess] [ROAD] 1346  x=1830.34  y=-14.10  z=-2708.52  yaw=16.6
[Ess] [ROAD] 1347  x=1833.15  y=-13.55  z=-2698.37  yaw=14.7
[Ess] [ROAD] 1348  x=1835.72  y=-12.96  z=-2688.69  yaw=14.7
[Ess] [ROAD] 1349  x=1838.40  y=-12.25  z=-2678.50  yaw=14.5
[Ess] [ROAD] 1350  x=1840.75  y=-11.44  z=-2668.21  yaw=8.6
[Ess] [ROAD] 1351  x=1842.43  y=-10.54  z=-2657.98  yaw=7.7
[Ess] [ROAD] 1352  x=1843.81  y=-9.60  z=-2648.13  yaw=7.6
[Ess] [ROAD] 1353  x=1845.07  y=-8.49  z=-2637.79  yaw=5.4
[Ess] [ROAD] 1354  x=1846.03  y=-7.27  z=-2627.40  yaw=2.6
[Ess] [ROAD] 1355  x=1846.36  y=-5.96  z=-2616.96  yaw=-1.1
[Ess] [ROAD] 1356  x=1846.26  y=-4.57  z=-2606.45  yaw=-1.3
[Ess] [ROAD] 1357  x=1845.91  y=-3.13  z=-2596.11  yaw=-4.5
[Ess] [ROAD] 1358  x=1845.15  y=-1.62  z=-2585.66  yaw=-5.2
[Ess] [ROAD] 1359  x=1844.23  y=-0.08  z=-2575.18  yaw=-5.2
[Ess] [ROAD] 1360  x=1843.18  y=1.48  z=-2564.81  yaw=-8.3
[Ess] [ROAD] 1361  x=1841.70  y=3.05  z=-2554.38  yaw=-9.4
[Ess] [ROAD] 1362  x=1840.16  y=4.54  z=-2544.53  yaw=-7.8
[Ess] [ROAD] 1363  x=1838.94  y=6.09  z=-2534.12  yaw=-2.8
[Ess] [ROAD] 1364  x=1838.21  y=7.60  z=-2523.61  yaw=-3.9
[Ess] [ROAD] 1365  x=1837.48  y=9.09  z=-2512.99  yaw=-4.2
[Ess] [ROAD] 1366  x=1836.73  y=10.49  z=-2502.69  yaw=-4.2
[Ess] [ROAD] 1367  x=1835.95  y=11.82  z=-2492.08  yaw=-4.2
[Ess] [ROAD] 1368  x=1835.20  y=13.05  z=-2481.78  yaw=-4.2
[Ess] [ROAD] 1369  x=1834.58  y=14.18  z=-2471.30  yaw=-0.9
[Ess] [ROAD] 1370  x=1834.48  y=15.15  z=-2461.30  yaw=2.2
[Ess] [ROAD] 1371  x=1834.93  y=16.02  z=-2450.89  yaw=5.8
[Ess] [ROAD] 1372  x=1836.00  y=16.58  z=-2440.48  yaw=8.6
[Ess] [ROAD] 1373  x=1837.58  y=16.86  z=-2429.93  yaw=10.5
[Ess] [ROAD] 1374  x=1839.29  y=17.02  z=-2419.75  yaw=8.2
[Ess] [ROAD] 1375  x=1840.77  y=17.11  z=-2409.82  yaw=7.8
[Ess] [ROAD] 1376  x=1842.21  y=17.10  z=-2399.39  yaw=6.9
[Ess] [ROAD] 1377  x=1843.18  y=17.27  z=-2389.47  yaw=0.3
[Ess] [ROAD] 1378  x=1843.22  y=17.85  z=-2379.05  yaw=-4.8
[Ess] [ROAD] 1379  x=1842.10  y=18.66  z=-2368.70  yaw=-14.5
[Ess] [ROAD] 1380  x=1839.35  y=19.72  z=-2358.69  yaw=-22.6
[Ess] [ROAD] 1381  x=1835.62  y=20.92  z=-2349.05  yaw=-22.9
[Ess] [ROAD] 1382  x=1831.49  y=22.19  z=-2339.36  yaw=-25.6
[Ess] [ROAD] 1383  x=1827.02  y=23.38  z=-2329.91  yaw=-26.6
[Ess] [ROAD] 1384  x=1822.19  y=24.43  z=-2320.67  yaw=-31.4
[Ess] [ROAD] 1385  x=1817.08  y=25.34  z=-2312.13  yaw=-33.3
[Ess] [ROAD] 1386  x=1811.51  y=26.25  z=-2303.80  yaw=-36.2
[Ess] [ROAD] 1387  x=1805.32  y=27.17  z=-2295.18  yaw=-36.3
[Ess] [ROAD] 1388  x=1799.22  y=27.99  z=-2286.79  yaw=-34.9
[Ess] [ROAD] 1389  x=1793.35  y=28.78  z=-2278.08  yaw=-30.8
[Ess] [ROAD] 1390  x=1788.11  y=29.46  z=-2268.98  yaw=-24.0
[Ess] [ROAD] 1391  x=1784.01  y=30.03  z=-2259.43  yaw=-16.4
[Ess] [ROAD] 1392  x=1780.82  y=30.42  z=-2249.81  yaw=-18.8
[Ess] [ROAD] 1393  x=1777.50  y=30.35  z=-2239.95  yaw=-19.8
[Ess] [ROAD] 1394  x=1774.09  y=30.36  z=-2229.96  yaw=-16.5
[Ess] [ROAD] 1395  x=1771.17  y=30.38  z=-2219.89  yaw=-14.3
[Ess] [ROAD] 1396  x=1768.39  y=30.41  z=-2209.86  yaw=-16.2
[Ess] [ROAD] 1397  x=1765.48  y=30.45  z=-2199.74  yaw=-16.3
[Ess] [ROAD] 1398  x=1762.56  y=30.49  z=-2189.70  yaw=-16.3
[Ess] [ROAD] 1399  x=1759.65  y=30.54  z=-2179.58  yaw=-14.8
[Ess] [ROAD] 1400  x=1757.17  y=30.57  z=-2169.44  yaw=-10.1
[Ess] [ROAD] 1401  x=1755.36  y=30.61  z=-2159.22  yaw=-6.8
[Ess] [ROAD] 1402  x=1754.31  y=30.64  z=-2148.81  yaw=-0.4
[Ess] [ROAD] 1403  x=1754.24  y=30.65  z=-2138.22  yaw=4.1
[Ess] [ROAD] 1404  x=1754.87  y=30.65  z=-2127.92  yaw=5.2
[Ess] [ROAD] 1405  x=1755.68  y=30.63  z=-2118.23  yaw=5.2
[Ess] [ROAD] 1406  x=1756.54  y=30.15  z=-2108.79  yaw=5.2
[Ess] [ROAD] 1407  x=1757.29  y=29.26  z=-2099.57  yaw=1.7
[Ess] [ROAD] 1408  x=1757.45  y=28.20  z=-2090.14  yaw=-2.3
[Ess] [ROAD] 1409  x=1757.29  y=27.14  z=-2081.02  yaw=1.1
[Ess] [ROAD] 1410  x=1757.81  y=26.04  z=-2072.04  yaw=12.0
[Ess] [ROAD] 1411  x=1759.61  y=25.00  z=-2063.48  yaw=18.5
[Ess] [ROAD] 1412  x=1762.60  y=24.01  z=-2055.23  yaw=30.5
[Ess] [ROAD] 1413  x=1767.48  y=23.02  z=-2047.61  yaw=46.8
[Ess] [ROAD] 1414  x=1774.12  y=22.03  z=-2041.31  yaw=57.8
[Ess] [ROAD] 1415  x=1782.11  y=20.94  z=-2035.59  yaw=54.4
[Ess] [ROAD] 1416  x=1790.29  y=19.82  z=-2029.59  yaw=50.4
[Ess] [ROAD] 1417  x=1798.13  y=18.66  z=-2022.67  yaw=40.3
[Ess] [ROAD] 1418  x=1804.67  y=17.43  z=-2014.57  yaw=27.9
[Ess] [ROAD] 1419  x=1809.79  y=16.36  z=-2005.59  yaw=23.6
[Ess] [ROAD] 1420  x=1813.78  y=15.45  z=-1995.95  yaw=14.0
[Ess] [ROAD] 1421  x=1816.40  y=14.64  z=-1986.00  yaw=10.8
[Ess] [ROAD] 1422  x=1818.51  y=13.72  z=-1975.73  yaw=10.9
[Ess] [ROAD] 1423  x=1820.52  y=12.55  z=-1965.39  yaw=10.9
[Ess] [ROAD] 1424  x=1822.51  y=11.14  z=-1955.16  yaw=11.6
[Ess] [ROAD] 1425  x=1824.77  y=9.63  z=-1945.03  yaw=14.8
[Ess] [ROAD] 1426  x=1827.09  y=8.38  z=-1935.84  yaw=14.9
[Ess] [ROAD] 1427  x=1829.13  y=7.52  z=-1928.10  yaw=15.3
[Ess] [ROAD] 1428  x=1831.04  y=7.10  z=-1921.93  yaw=24.9
[Ess] [ROAD] 1429  x=1833.50  y=6.94  z=-1917.22  yaw=42.1
[Ess] [ROAD] 1430  x=1837.29  y=6.95  z=-1913.03  yaw=53.6
[Ess] [ROAD] 1431  x=1841.68  y=7.09  z=-1909.10  yaw=44.9
[Ess] [ROAD] 1432  x=1845.29  y=7.30  z=-1904.97  yaw=28.4
[Ess] [ROAD] 1433  x=1848.01  y=7.52  z=-1900.27  yaw=20.6
[Ess] [ROAD] 1434  x=1849.76  y=7.73  z=-1895.31  yaw=6.7
[Ess] [ROAD] 1435  x=1850.20  y=7.89  z=-1890.52  yaw=-6.5
[Ess] [ROAD] 1436  x=1849.93  y=7.99  z=-1886.91  yaw=-3.5
[Ess] [ROAD] 1437  x=1849.85  y=8.09  z=-1883.84  yaw=0.7
[Ess] [ROAD] 1438  x=1849.92  y=8.21  z=-1880.85  yaw=4.5
[Ess] [ROAD] 1439  x=1850.30  y=8.34  z=-1877.98  yaw=14.7
[Ess] [ROAD] 1440  x=1851.11  y=9.24  z=-1875.83  yaw=32.0
[Ess] [ROAD] 1441  x=1851.76  y=9.64  z=-1874.08  yaw=46.4
[Ess] [ROAD] 1442  x=1852.11  y=9.90  z=-1872.71  yaw=36.8
[Ess] [ROAD] 1443  x=1852.85  y=9.94  z=-1871.48  yaw=12.7
[Ess] [ROAD] 1444  x=1853.90  y=9.87  z=-1870.17  yaw=-7.0
[Ess] [ROAD] 1445  x=1854.51  y=9.90  z=-1868.70  yaw=-11.1
[Ess] [ROAD] 1446  x=1853.66  y=9.17  z=-1867.95  yaw=14.3
